Error in <TFile::ReadBuffer>: error reading all requested bytes from file /eos/uscms/store/group/lpcsusyhad/hua/Skimmed_2015Nov15/QCD_MET175_v3/Skimmed_MET175_QCD_HT500to700_TuneCUETP8M1_13TeV-madgraphMLM-pythia8stopFlatNtuples_36.root, got 51 of 300
Error in <TFile::Init>: /eos/uscms/store/group/lpcsusyhad/hua/Skimmed_2015Nov15/QCD_MET175_v3/Skimmed_MET175_QCD_HT500to700_TuneCUETP8M1_13TeV-madgraphMLM-pythia8stopFlatNtuples_36.root failed to read the file type data.
SysError in <TFile::ReadBuffer>: error reading from file /eos/uscms/store/group/lpcsusyhad/hua/Skimmed_2015Nov15/QCD_MET175_v3/Skimmed_MET175_QCD_HT700to1000_TuneCUETP8M1_13TeV-madgraphMLM-pythia8stopFlatNtuples_10.root (No such file or directory)
Error in <TFile::Init>: /eos/uscms/store/group/lpcsusyhad/hua/Skimmed_2015Nov15/QCD_MET175_v3/Skimmed_MET175_QCD_HT700to1000_TuneCUETP8M1_13TeV-madgraphMLM-pythia8stopFlatNtuples_10.root failed to read the file type data.
Error in <TFile::ReadBuffer>: error reading all requested bytes from file /eos/uscms/store/group/lpcsusyhad/hua/Skimmed_2015Nov15/QCD_MET175_v3/Skimmed_MET175_QCD_HT1000to1500_TuneCUETP8M1_13TeV-madgraphMLM-pythia8stopFlatNtuples_17.root, got 0 of 5495
Warning in <TFile::GetRecordHeader>: /eos/uscms/store/group/lpcsusyhad/hua/Skimmed_2015Nov15/QCD_MET175_v3/Skimmed_MET175_QCD_HT1000to1500_TuneCUETP8M1_13TeV-madgraphMLM-pythia8stopFlatNtuples_17.root: failed to read the StreamerInfo data from disk.
R__unzip: error -5 in inflate (zlib)
Error in <TBasket::ReadBasketBuffers>: fNbytes = 3691, fKeylen = 87, fObjlen = 20514, noutot = 0, nout=0, nin=3604, nbuf=20514
Error in <TBranchElement::GetBasket>: File: /eos/uscms/store/group/lpcsusyhad/hua/Skimmed_2015Nov15/QCD_MET175_v3/Skimmed_MET175_QCD_HT700to1000_TuneCUETP8M1_13TeV-madgraphMLM-pythia8stopFlatNtuples_23.root at byte:632475, branch:trksForIsoVeto_charge, entry:0, badread=1, nerrors=1, basketnumber=0
Error in <TFile::ReadBuffer>: error reading all requested bytes from file /eos/uscms/store/group/lpcsusyhad/hua/Skimmed_2015Nov15/QCD_MET175_v3/Skimmed_MET175_QCD_HT1000to1500_TuneCUETP8M1_13TeV-madgraphMLM-pythia8stopFlatNtuples_1.root, got 425 of 1096
Error in <TBranchElement::GetBasket>: File: /eos/uscms/store/group/lpcsusyhad/hua/Skimmed_2015Nov15/QCD_MET175_v3/Skimmed_MET175_QCD_HT1000to1500_TuneCUETP8M1_13TeV-madgraphMLM-pythia8stopFlatNtuples_1.root at byte:199271, branch:ntpVersion, entry:251, badread=1, nerrors=2, basketnumber=1
R__unzip: error -5 in inflate (zlib)
Error in <TBasket::ReadBasketBuffers>: fNbytes = 4419, fKeylen = 69, fObjlen = 22788, noutot = 0, nout=0, nin=4350, nbuf=22788
Error in <TBranch::GetBasket>: File: /eos/uscms/store/group/lpcsusyhad/hua/Skimmed_2015Nov15/QCD_MET175_v3/Skimmed_MET175_QCD_HT1500to2000_TuneCUETP8M1_13TeV-madgraphMLM-pythia8stopFlatNtuples_10.root at byte:11223157, branch:id2, entry:0, badread=1, nerrors=3, basketnumber=0
Info in <TCanvas::Print>: png file /eos/uscms/store/group/lpcsusyhad/hua/AnaOut_QCD/_tfactors2d.png has been created
Info in <TCanvas::Print>: pdf file /eos/uscms/store/group/lpcsusyhad/hua/AnaOut_QCD/_tfactors2d.pdf has been created
Info in <TCanvas::SaveSource>: C++ Macro file: /eos/uscms/store/group/lpcsusyhad/hua/AnaOut_QCD/_tfactors2d.C has been generated
Info in <TCanvas::Print>: png file /eos/uscms/store/group/lpcsusyhad/hua/AnaOut_QCD/_Allcount2d.png has been created
Info in <TCanvas::Print>: pdf file /eos/uscms/store/group/lpcsusyhad/hua/AnaOut_QCD/_Allcount2d.pdf has been created
Info in <TCanvas::SaveSource>: C++ Macro file: /eos/uscms/store/group/lpcsusyhad/hua/AnaOut_QCD/_Allcount2d.C has been generated
