The valid run modes are: ExpMCOnly, PredMCOnly, PredDataOnly, ExpMCPredMC, ExpMCPredData, BasicCheckQCD, BasicCheckLL
The run mode we have right now is: BasicCheckLL
TreeUtilities : FillChain QCD_HT500to700_
No. of Entries in this tree : 5326
TreeUtilities : FillChain QCD_HT700to1000_
No. of Entries in this tree : 28971
TreeUtilities : FillChain QCD_HT1000to1500_
No. of Entries in this tree : 38818
TreeUtilities : FillChain QCD_HT1500to2000_
No. of Entries in this tree : 95577
TreeUtilities : FillChain QCD_HT2000toInf_
No. of Entries in this tree : 103859
TreeUtilities : FillChain HTMHT
No. of Entries in this tree : 362948
TreeUtilities : FillChain TTJets_
No. of Entries in this tree : 258283
TreeUtilities : FillChain ST_tW_top
No. of Entries in this tree : 20791
TreeUtilities : FillChain ST_tW_antitop
No. of Entries in this tree : 20701
TreeUtilities : FillChain WJetsToLNu_HT-400To600_
No. of Entries in this tree : 227002
TreeUtilities : FillChain WJetsToLNu_HT-600ToInf_
No. of Entries in this tree : 189061
TreeUtilities : FillChain ZJetsToNuNu_HT-400To600_
No. of Entries in this tree : 292933
TreeUtilities : FillChain ZJetsToNuNu_HT-600ToInf_
No. of Entries in this tree : 367422
TreeUtilities : FillChain TTZToLLNuNu_
No. of Entries in this tree : 85132
TreeUtilities : FillChain TTZToQQ_
No. of Entries in this tree : 41234
TreeUtilities : FillChain HTMHT
No. of Entries in this tree : 362948
TreeUtilities : FillChain TTJets_
No. of Entries in this tree : 258283
TreeUtilities : FillChain ST_tW_top
No. of Entries in this tree : 20791
TreeUtilities : FillChain ST_tW_antitop
No. of Entries in this tree : 20701
TreeUtilities : FillChain WJetsToLNu_HT-400To600_
No. of Entries in this tree : 227002
TreeUtilities : FillChain WJetsToLNu_HT-600ToInf_
No. of Entries in this tree : 189061
TreeUtilities : FillChain ZJetsToNuNu_HT-400To600_
No. of Entries in this tree : 292933
TreeUtilities : FillChain ZJetsToNuNu_HT-600ToInf_
No. of Entries in this tree : 367422
TreeUtilities : FillChain TTZToLLNuNu_
No. of Entries in this tree : 85132
TreeUtilities : FillChain TTZToQQ_
No. of Entries in this tree : 41234
TreeUtilities : FillChain QCD_HT500to700_
No. of Entries in this tree : 5326
TreeUtilities : FillChain QCD_HT700to1000_
No. of Entries in this tree : 28971
TreeUtilities : FillChain QCD_HT1000to1500_
No. of Entries in this tree : 38818
TreeUtilities : FillChain QCD_HT1500to2000_
No. of Entries in this tree : 95577
TreeUtilities : FillChain QCD_HT2000toInf_
No. of Entries in this tree : 103859
Let's check single Muon region for LL: 
Sample Type: HTMHT; Weight: 0.280952
----------------------------------------------------------------------
 M_T2 : a variable for measuring masses when missing energy is expected.
 If you use MT2 or this library, please cite:
 	(o) C.G.Lester, D.J.Summers 
 	    Phys.Lett.B.463:99-103 (1999) hep-ph/9906349
 	(o) A.J.Barr, C.G.Lester, P.Stephens 
 	    J.Phys.G 29:2343-2363  (2003) hep-ph/0304226
 If you use MTGEN please also cite:
 	(o) C.G.Lester, A.J.Barr (2007) arXiv:0708.1028 (hep-ph)
 	    JHEP 12(2007)102
 If you use the ChengHanBisection MT2 calculator, please also cite:
 	(o) H.Cheng, Z.Han,  arXiv:0810.5178
----------------------------------------------------------------------
WARNING ... cannot fake b jet?! (hint: check NaN of CSV value)
20000	4.99
40000	9.75
60000	14.54
80000	19.36
100000	24.22
120000	29.21
140000	34.04
160000	38.78
180000	43.57
200000	48.53
220000	53.48
240000	58.3
260000	63.16
280000	68.04
300000	73.14
320000	78.02
340000	82.99
360000	87.88
Sample Type: TTJets_; Weight: 0.043277922173
20000	98.43
40000	108.23
60000	118.01
80000	127.77
100000	137.53
120000	147.29
140000	157.15
160000	166.94
180000	176.75
200000	186.65
220000	196.56
240000	206.31
Sample Type: ST_tW_top; Weight: 0.021096826035
20000	223.21
Sample Type: ST_tW_antitop; Weight: 0.021248356095
20000	231.54
Sample Type: WJetsToLNu_HT-400To600_; Weight: 0.019999180372
20000	237.64
40000	243.47
60000	249.32
80000	255.1
100000	260.93
120000	266.75
140000	272.63
160000	278.44
180000	284.26
200000	290.05
220000	295.85
Sample Type: WJetsToLNu_HT-600ToInf_; Weight: 0.01289503653
20000	305.63
40000	313.33
60000	320.96
80000	328.65
100000	336.33
120000	344.09
140000	351.78
160000	359.44
180000	367.07
Sample Type: ZJetsToNuNu_HT-400To600_; Weight: 0.0076424561431
20000	375.63
40000	380.64
60000	385.65
80000	390.65
100000	395.63
120000	400.62
140000	405.61
160000	410.62
180000	415.62
200000	420.62
220000	425.63
240000	430.66
260000	435.67
280000	440.68
Sample Type: ZJetsToNuNu_HT-600ToInf_; Weight: 0.0029622963842
20000	450.25
40000	456.68
60000	463.05
80000	469.49
100000	475.86
120000	482.25
140000	488.57
160000	494.94
180000	501.3
200000	507.59
220000	513.99
240000	520.26
260000	526.59
280000	532.94
300000	539.27
320000	545.59
340000	551.87
360000	558.14
Sample Type: TTZToLLNuNu_; Weight: 0.00080658954538
20000	574.58
40000	588.72
60000	602.95
80000	617.1
Sample Type: TTZToQQ_; Weight: 0.00088937045743
20000	639.5
40000	658.36
Sample Type: QCD_HT500to700_; Weight: 0.88121236204
Sample Type: QCD_HT700to1000_; Weight: 0.25065431798
20000	668.22
Sample Type: QCD_HT1000to1500_; Weight: 0.12646520525
20000	678.06
Sample Type: QCD_HT1500to2000_; Weight: 0.018528589367
20000	692.64
40000	700.65
60000	708.72
WARNING ... cannot fake b jet?! (hint: check NaN of CSV value)
80000	716.76
Sample Type: QCD_HT2000toInf_; Weight: 0.0089095012383
20000	732.3
40000	741.62
60000	750.75
80000	759.95
100000	769.08
