000 (197364.003.000) 11/16 06:07:07 Job submitted from host: <131.225.189.130:37379>
...
001 (197364.003.000) 11/16 06:07:31 Job executing on host: <131.225.189.213:47960>
...
006 (197364.003.000) 11/16 06:07:39 Image size of job updated: 32300
	7  -  MemoryUsage of job (MB)
	6904  -  ResidentSetSize of job (KB)
...
006 (197364.003.000) 11/16 06:08:39 Image size of job updated: 378324
	141  -  MemoryUsage of job (MB)
	143404  -  ResidentSetSize of job (KB)
...
006 (197364.003.000) 11/16 06:14:42 Image size of job updated: 378328
	141  -  MemoryUsage of job (MB)
	143836  -  ResidentSetSize of job (KB)
...
006 (197364.003.000) 11/16 06:19:45 Image size of job updated: 378344
	141  -  MemoryUsage of job (MB)
	143836  -  ResidentSetSize of job (KB)
...
006 (197364.003.000) 11/16 06:21:46 Image size of job updated: 378428
	141  -  MemoryUsage of job (MB)
	143836  -  ResidentSetSize of job (KB)
...
006 (197364.003.000) 11/16 06:37:55 Image size of job updated: 378428
	147  -  MemoryUsage of job (MB)
	149900  -  ResidentSetSize of job (KB)
...
006 (197364.003.000) 11/16 07:42:33 Image size of job updated: 378432
	147  -  MemoryUsage of job (MB)
	149900  -  ResidentSetSize of job (KB)
...
006 (197364.003.000) 11/16 07:53:40 Image size of job updated: 380620
	147  -  MemoryUsage of job (MB)
	149900  -  ResidentSetSize of job (KB)
...
006 (197364.003.000) 11/16 07:54:41 Image size of job updated: 380676
	147  -  MemoryUsage of job (MB)
	149900  -  ResidentSetSize of job (KB)
...
006 (197364.003.000) 11/16 07:59:43 Image size of job updated: 380812
	147  -  MemoryUsage of job (MB)
	149900  -  ResidentSetSize of job (KB)
...
006 (197364.003.000) 11/16 08:02:45 Image size of job updated: 380840
	147  -  MemoryUsage of job (MB)
	149900  -  ResidentSetSize of job (KB)
...
006 (197364.003.000) 11/16 08:33:01 Image size of job updated: 380844
	147  -  MemoryUsage of job (MB)
	149900  -  ResidentSetSize of job (KB)
...
006 (197364.003.000) 11/16 08:40:05 Image size of job updated: 380948
	147  -  MemoryUsage of job (MB)
	149900  -  ResidentSetSize of job (KB)
...
005 (197364.003.000) 11/16 09:08:12 Job terminated.
	(1) Normal termination (return value 0)
		Usr 0 00:34:52, Sys 0 00:02:46  -  Run Remote Usage
		Usr 0 00:00:00, Sys 0 00:00:00  -  Run Local Usage
		Usr 0 00:34:52, Sys 0 00:02:46  -  Total Remote Usage
		Usr 0 00:00:00, Sys 0 00:00:00  -  Total Local Usage
	289809  -  Run Bytes Sent By Job
	20976  -  Run Bytes Received By Job
	289809  -  Total Bytes Sent By Job
	20976  -  Total Bytes Received By Job
	Partitionable Resources :    Usage  Request Allocated
	   Cpus                 :                 1         1
	   Disk (KB)            :      319 52428800  69314498
	   Memory (MB)          :      147     1536      1536
...
000 (362492.003.000) 11/16 12:59:22 Job submitted from host: <131.225.190.151:49806>
...
001 (362492.003.000) 11/16 13:00:20 Job executing on host: <131.225.189.206:57624>
...
006 (362492.003.000) 11/16 13:00:29 Image size of job updated: 32300
	7  -  MemoryUsage of job (MB)
	6904  -  ResidentSetSize of job (KB)
...
006 (362492.003.000) 11/16 13:01:30 Image size of job updated: 378420
	89  -  MemoryUsage of job (MB)
	91040  -  ResidentSetSize of job (KB)
...
006 (362492.003.000) 11/16 13:02:31 Image size of job updated: 378420
	140  -  MemoryUsage of job (MB)
	142564  -  ResidentSetSize of job (KB)
...
006 (362492.003.000) 11/16 13:10:31 Image size of job updated: 378500
	149  -  MemoryUsage of job (MB)
	151864  -  ResidentSetSize of job (KB)
...
006 (362492.003.000) 11/16 14:04:01 Image size of job updated: 378500
	152  -  MemoryUsage of job (MB)
	155272  -  ResidentSetSize of job (KB)
...
006 (362492.003.000) 11/16 14:51:27 Image size of job updated: 380616
	152  -  MemoryUsage of job (MB)
	155272  -  ResidentSetSize of job (KB)
...
006 (362492.003.000) 11/16 14:52:28 Image size of job updated: 380672
	152  -  MemoryUsage of job (MB)
	155272  -  ResidentSetSize of job (KB)
...
006 (362492.003.000) 11/16 14:54:29 Image size of job updated: 380732
	152  -  MemoryUsage of job (MB)
	155272  -  ResidentSetSize of job (KB)
...
006 (362492.003.000) 11/16 14:57:29 Image size of job updated: 380816
	152  -  MemoryUsage of job (MB)
	155272  -  ResidentSetSize of job (KB)
...
006 (362492.003.000) 11/16 15:00:29 Image size of job updated: 380836
	152  -  MemoryUsage of job (MB)
	155272  -  ResidentSetSize of job (KB)
...
006 (362492.003.000) 11/16 15:02:30 Image size of job updated: 380944
	152  -  MemoryUsage of job (MB)
	155272  -  ResidentSetSize of job (KB)
...
005 (362492.003.000) 11/16 16:00:36 Job terminated.
	(1) Normal termination (return value 0)
		Usr 0 00:34:25, Sys 0 00:02:02  -  Run Remote Usage
		Usr 0 00:00:00, Sys 0 00:00:00  -  Run Local Usage
		Usr 0 00:34:25, Sys 0 00:02:02  -  Total Remote Usage
		Usr 0 00:00:00, Sys 0 00:00:00  -  Total Local Usage
	289809  -  Run Bytes Sent By Job
	20976  -  Run Bytes Received By Job
	289809  -  Total Bytes Sent By Job
	20976  -  Total Bytes Received By Job
	Partitionable Resources :    Usage  Request Allocated
	   Cpus                 :                 1         1
	   Disk (KB)            :      319 52428800  69753808
	   Memory (MB)          :      152     1536      1536
...
