000 (562743.000.000) 11/15 09:19:11 Job submitted from host: <131.225.189.156:36682>
...
001 (562743.000.000) 11/15 09:19:32 Job executing on host: <131.225.206.184:54756>
...
006 (562743.000.000) 11/15 09:19:40 Image size of job updated: 1
	3  -  MemoryUsage of job (MB)
	2460  -  ResidentSetSize of job (KB)
...
006 (562743.000.000) 11/15 09:20:40 Image size of job updated: 380224
	143  -  MemoryUsage of job (MB)
	146232  -  ResidentSetSize of job (KB)
...
006 (562743.000.000) 11/15 09:32:47 Image size of job updated: 380224
	146  -  MemoryUsage of job (MB)
	149348  -  ResidentSetSize of job (KB)
...
006 (562743.000.000) 11/15 09:51:59 Image size of job updated: 380304
	146  -  MemoryUsage of job (MB)
	149348  -  ResidentSetSize of job (KB)
...
005 (562743.000.000) 11/15 10:43:19 Job terminated.
	(1) Normal termination (return value 0)
		Usr 0 00:07:47, Sys 0 00:00:00  -  Run Remote Usage
		Usr 0 00:00:00, Sys 0 00:00:00  -  Run Local Usage
		Usr 0 00:07:47, Sys 0 00:00:00  -  Total Remote Usage
		Usr 0 00:00:00, Sys 0 00:00:00  -  Total Local Usage
	260113  -  Run Bytes Sent By Job
	20976  -  Run Bytes Received By Job
	260113  -  Total Bytes Sent By Job
	20976  -  Total Bytes Received By Job
	Partitionable Resources :    Usage  Request Allocated
	   Cpus                 :                 1         1
	   Disk (KB)            :      284 52428800  53466720
	   Memory (MB)          :      146     1536      1536
...
