000 (257818.001.000) 12/11 08:28:07 Job submitted from host: <131.225.189.130:52995>
...
001 (257818.001.000) 12/11 08:28:28 Job executing on host: <131.225.190.75:59200>
...
006 (257818.001.000) 12/11 08:28:36 Image size of job updated: 1
	3  -  MemoryUsage of job (MB)
	2476  -  ResidentSetSize of job (KB)
...
006 (257818.001.000) 12/11 08:29:36 Image size of job updated: 459108
	246  -  MemoryUsage of job (MB)
	251248  -  ResidentSetSize of job (KB)
...
006 (257818.001.000) 12/11 08:30:36 Image size of job updated: 464228
	250  -  MemoryUsage of job (MB)
	255344  -  ResidentSetSize of job (KB)
...
005 (257818.001.000) 12/11 08:30:54 Job terminated.
	(1) Normal termination (return value 0)
		Usr 0 00:01:48, Sys 0 00:00:01  -  Run Remote Usage
		Usr 0 00:00:00, Sys 0 00:00:00  -  Run Local Usage
		Usr 0 00:01:48, Sys 0 00:00:01  -  Total Remote Usage
		Usr 0 00:00:00, Sys 0 00:00:00  -  Total Local Usage
	3654  -  Run Bytes Sent By Job
	2262250  -  Run Bytes Received By Job
	3654  -  Total Bytes Sent By Job
	2262250  -  Total Bytes Received By Job
	Partitionable Resources :    Usage  Request Allocated
	   Cpus                 :                 1         1
	   Disk (KB)            :     2250 52428800  53774176
	   Memory (MB)          :      250     1536      1536
...
000 (257819.001.000) 12/11 08:47:12 Job submitted from host: <131.225.189.130:52995>
...
001 (257819.001.000) 12/11 08:47:26 Job executing on host: <131.225.206.171:57121>
...
006 (257819.001.000) 12/11 08:47:35 Image size of job updated: 398116
	183  -  MemoryUsage of job (MB)
	187132  -  ResidentSetSize of job (KB)
...
006 (257819.001.000) 12/11 08:48:36 Image size of job updated: 457052
	243  -  MemoryUsage of job (MB)
	248008  -  ResidentSetSize of job (KB)
...
006 (257819.001.000) 12/11 08:49:38 Image size of job updated: 461288
	247  -  MemoryUsage of job (MB)
	252252  -  ResidentSetSize of job (KB)
...
005 (257819.001.000) 12/11 08:49:47 Job terminated.
	(1) Normal termination (return value 0)
		Usr 0 00:01:46, Sys 0 00:00:01  -  Run Remote Usage
		Usr 0 00:00:00, Sys 0 00:00:00  -  Run Local Usage
		Usr 0 00:01:46, Sys 0 00:00:01  -  Total Remote Usage
		Usr 0 00:00:00, Sys 0 00:00:00  -  Total Local Usage
	3656  -  Run Bytes Sent By Job
	2262250  -  Run Bytes Received By Job
	3656  -  Total Bytes Sent By Job
	2262250  -  Total Bytes Received By Job
	Partitionable Resources :    Usage  Request Allocated
	   Cpus                 :                 1         1
	   Disk (KB)            :     2250 52428800  53774144
	   Memory (MB)          :      247     1536      1536
...
