The valid run modes are: ExpMCOnly, PredMCOnly, PredDataOnly, ExpMCPredMC, ExpMCPredData, BasicCheckQCD, BasicCheckLL
The run mode we have right now is: BasicCheckQCD
TreeUtilities : FillChain QCD_HT500to700_
No. of Entries in this tree : 5326
TreeUtilities : FillChain QCD_HT700to1000_
No. of Entries in this tree : 28971
TreeUtilities : FillChain QCD_HT1000to1500_
No. of Entries in this tree : 38818
TreeUtilities : FillChain QCD_HT1500to2000_
No. of Entries in this tree : 95577
TreeUtilities : FillChain QCD_HT2000toInf_
No. of Entries in this tree : 103859
TreeUtilities : FillChain HTMHT
No. of Entries in this tree : 362948
TreeUtilities : FillChain TTJets_
No. of Entries in this tree : 258283
TreeUtilities : FillChain ST_tW_top
No. of Entries in this tree : 20791
TreeUtilities : FillChain ST_tW_antitop
No. of Entries in this tree : 20701
TreeUtilities : FillChain WJetsToLNu_HT-400To600_
No. of Entries in this tree : 227002
TreeUtilities : FillChain WJetsToLNu_HT-600ToInf_
No. of Entries in this tree : 189061
TreeUtilities : FillChain ZJetsToNuNu_HT-400To600_
No. of Entries in this tree : 292933
TreeUtilities : FillChain ZJetsToNuNu_HT-600ToInf_
No. of Entries in this tree : 367422
TreeUtilities : FillChain TTZToLLNuNu_
No. of Entries in this tree : 85132
TreeUtilities : FillChain TTZToQQ_
No. of Entries in this tree : 41234
TreeUtilities : FillChain HTMHT
No. of Entries in this tree : 362948
TreeUtilities : FillChain TTJets_
No. of Entries in this tree : 258283
TreeUtilities : FillChain ST_tW_top
No. of Entries in this tree : 20791
TreeUtilities : FillChain ST_tW_antitop
No. of Entries in this tree : 20701
TreeUtilities : FillChain WJetsToLNu_HT-400To600_
No. of Entries in this tree : 227002
TreeUtilities : FillChain WJetsToLNu_HT-600ToInf_
No. of Entries in this tree : 189061
TreeUtilities : FillChain ZJetsToNuNu_HT-400To600_
No. of Entries in this tree : 292933
TreeUtilities : FillChain ZJetsToNuNu_HT-600ToInf_
No. of Entries in this tree : 367422
TreeUtilities : FillChain TTZToLLNuNu_
No. of Entries in this tree : 85132
TreeUtilities : FillChain TTZToQQ_
No. of Entries in this tree : 41234
TreeUtilities : FillChain QCD_HT500to700_
No. of Entries in this tree : 5326
TreeUtilities : FillChain QCD_HT700to1000_
No. of Entries in this tree : 28971
TreeUtilities : FillChain QCD_HT1000to1500_
No. of Entries in this tree : 38818
TreeUtilities : FillChain QCD_HT1500to2000_
No. of Entries in this tree : 95577
TreeUtilities : FillChain QCD_HT2000toInf_
No. of Entries in this tree : 103859
Let's check inverted Delta Phi region for QCD: 
Sample Type: HTMHT; Weight: 0.238095
----------------------------------------------------------------------
 M_T2 : a variable for measuring masses when missing energy is expected.
 If you use MT2 or this library, please cite:
 	(o) C.G.Lester, D.J.Summers 
 	    Phys.Lett.B.463:99-103 (1999) hep-ph/9906349
 	(o) A.J.Barr, C.G.Lester, P.Stephens 
 	    J.Phys.G 29:2343-2363  (2003) hep-ph/0304226
 If you use MTGEN please also cite:
 	(o) C.G.Lester, A.J.Barr (2007) arXiv:0708.1028 (hep-ph)
 	    JHEP 12(2007)102
 If you use the ChengHanBisection MT2 calculator, please also cite:
 	(o) H.Cheng, Z.Han,  arXiv:0810.5178
----------------------------------------------------------------------
WARNING ... cannot fake b jet?! (hint: check NaN of CSV value)
20000	4.97
40000	9.72
60000	14.48
80000	19.28
100000	24.12
120000	29.12
140000	33.99
160000	38.75
180000	43.56
200000	48.52
220000	53.5
240000	58.34
260000	63.22
280000	68.11
300000	73.23
320000	78.13
340000	83.12
360000	88.04
Sample Type: TTJets_; Weight: 0.036676205232
20000	98.48
40000	108.17
60000	117.85
80000	127.5
100000	137.15
120000	146.81
140000	156.55
160000	166.23
180000	175.93
200000	185.72
220000	195.51
240000	205.15
Sample Type: ST_tW_top; Weight: 0.017878666131
20000	221.93
Sample Type: ST_tW_antitop; Weight: 0.018007081437
20000	230.14
Sample Type: WJetsToLNu_HT-400To600_; Weight: 0.016948457942
20000	236.13
40000	241.85
60000	247.59
80000	253.27
100000	258.98
120000	264.69
140000	270.42
160000	276.12
180000	281.85
200000	287.55
220000	293.24
Sample Type: WJetsToLNu_HT-600ToInf_; Weight: 0.010927997059
20000	302.93
40000	310.55
60000	318.11
80000	325.72
100000	333.34
120000	341.01
140000	348.62
160000	356.21
180000	363.77
Sample Type: ZJetsToNuNu_HT-400To600_; Weight: 0.0064766577484
20000	372.2
40000	377.12
60000	382.03
80000	386.94
100000	391.84
120000	396.74
140000	401.64
160000	406.57
180000	411.48
200000	416.39
220000	421.3
240000	426.23
260000	431.15
280000	436.07
Sample Type: ZJetsToNuNu_HT-600ToInf_; Weight: 0.0025104206646
20000	445.5
40000	451.84
60000	458.12
80000	464.46
100000	470.75
120000	477.04
140000	483.28
160000	489.59
180000	495.9
200000	502.14
220000	508.5
240000	514.71
260000	521
280000	527.29
300000	533.58
320000	539.85
340000	546.08
360000	552.31
Sample Type: TTZToLLNuNu_; Weight: 0.00068355046219
20000	568.62
40000	582.64
60000	596.74
80000	610.77
Sample Type: TTZToQQ_; Weight: 0.00075370377748
20000	633.05
40000	651.83
Sample Type: QCD_HT500to700_; Weight: 0.74679013733
Sample Type: QCD_HT700to1000_; Weight: 0.21241891354
20000	661.67
Sample Type: QCD_HT1000to1500_; Weight: 0.10717390275
20000	671.46
Sample Type: QCD_HT1500to2000_; Weight: 0.015702194378
20000	685.91
40000	693.84
60000	701.83
WARNING ... cannot fake b jet?! (hint: check NaN of CSV value)
80000	709.83
Sample Type: QCD_HT2000toInf_; Weight: 0.0075504247782
20000	725.2
40000	734.43
60000	743.52
80000	752.64
100000	761.68
