000 (504061.004.000) 12/14 08:14:40 Job submitted from host: <131.225.190.151:49806>
...
001 (504061.004.000) 12/14 08:14:51 Job executing on host: <131.225.206.222:56041>
...
006 (504061.004.000) 12/14 08:15:01 Image size of job updated: 404124
	192  -  MemoryUsage of job (MB)
	196184  -  ResidentSetSize of job (KB)
...
006 (504061.004.000) 12/14 08:16:01 Image size of job updated: 448712
	236  -  MemoryUsage of job (MB)
	241244  -  ResidentSetSize of job (KB)
...
006 (504061.004.000) 12/14 08:17:01 Image size of job updated: 448712
	236  -  MemoryUsage of job (MB)
	241316  -  ResidentSetSize of job (KB)
...
006 (504061.004.000) 12/14 08:18:01 Image size of job updated: 448712
	236  -  MemoryUsage of job (MB)
	241320  -  ResidentSetSize of job (KB)
...
006 (504061.004.000) 12/14 08:19:02 Image size of job updated: 448712
	236  -  MemoryUsage of job (MB)
	241336  -  ResidentSetSize of job (KB)
...
006 (504061.004.000) 12/14 08:20:03 Image size of job updated: 460896
	236  -  MemoryUsage of job (MB)
	241336  -  ResidentSetSize of job (KB)
...
006 (504061.004.000) 12/14 08:21:04 Image size of job updated: 464948
	236  -  MemoryUsage of job (MB)
	241336  -  ResidentSetSize of job (KB)
...
006 (504061.004.000) 12/14 08:22:04 Image size of job updated: 468868
	236  -  MemoryUsage of job (MB)
	241336  -  ResidentSetSize of job (KB)
...
006 (504061.004.000) 12/14 08:24:04 Image size of job updated: 473016
	236  -  MemoryUsage of job (MB)
	241336  -  ResidentSetSize of job (KB)
...
006 (504061.004.000) 12/14 08:26:06 Image size of job updated: 477228
	236  -  MemoryUsage of job (MB)
	241336  -  ResidentSetSize of job (KB)
...
006 (504061.004.000) 12/14 08:27:07 Image size of job updated: 481236
	236  -  MemoryUsage of job (MB)
	241336  -  ResidentSetSize of job (KB)
...
006 (504061.004.000) 12/14 08:28:07 Image size of job updated: 497064
	236  -  MemoryUsage of job (MB)
	241336  -  ResidentSetSize of job (KB)
...
006 (504061.004.000) 12/14 08:29:07 Image size of job updated: 501260
	236  -  MemoryUsage of job (MB)
	241336  -  ResidentSetSize of job (KB)
...
005 (504061.004.000) 12/14 08:29:08 Job terminated.
	(1) Normal termination (return value 0)
		Usr 0 00:12:43, Sys 0 00:00:05  -  Run Remote Usage
		Usr 0 00:00:00, Sys 0 00:00:00  -  Run Local Usage
		Usr 0 00:12:43, Sys 0 00:00:05  -  Total Remote Usage
		Usr 0 00:00:00, Sys 0 00:00:00  -  Total Local Usage
	5492  -  Run Bytes Sent By Job
	2269816  -  Run Bytes Received By Job
	5492  -  Total Bytes Sent By Job
	2269816  -  Total Bytes Received By Job
	Partitionable Resources :    Usage  Request Allocated
	   Cpus                 :                 1         1
	   Disk (KB)            :     2250 52428800  53773760
	   Memory (MB)          :      236     1536      1536
...
