The valid run modes are: ExpMCOnly, PredMCOnly, PredDataOnly, ExpMCPredMC, ExpMCPredData, BasicCheckQCD, BasicCheckLL
The run mode we have right now is: ExpMCOnly
TreeUtilities : FillChain QCD_HT500to700_
No. of Entries in this tree : 5326
TreeUtilities : FillChain QCD_HT700to1000_
No. of Entries in this tree : 28971
TreeUtilities : FillChain QCD_HT1000to1500_
No. of Entries in this tree : 38818
TreeUtilities : FillChain QCD_HT1500to2000_
No. of Entries in this tree : 95577
TreeUtilities : FillChain QCD_HT2000toInf_
No. of Entries in this tree : 103859
TreeUtilities : FillChain HTMHT
No. of Entries in this tree : 362948
TreeUtilities : FillChain TTJets_
No. of Entries in this tree : 258283
TreeUtilities : FillChain ST_tW_top
No. of Entries in this tree : 20791
TreeUtilities : FillChain ST_tW_antitop
No. of Entries in this tree : 20701
TreeUtilities : FillChain WJetsToLNu_HT-400To600_
No. of Entries in this tree : 227002
TreeUtilities : FillChain WJetsToLNu_HT-600ToInf_
No. of Entries in this tree : 189061
TreeUtilities : FillChain ZJetsToNuNu_HT-400To600_
No. of Entries in this tree : 292933
TreeUtilities : FillChain ZJetsToNuNu_HT-600ToInf_
No. of Entries in this tree : 367422
TreeUtilities : FillChain TTZToLLNuNu_
No. of Entries in this tree : 85132
TreeUtilities : FillChain TTZToQQ_
No. of Entries in this tree : 41234
TreeUtilities : FillChain HTMHT
No. of Entries in this tree : 362948
TreeUtilities : FillChain TTJets_
No. of Entries in this tree : 258283
TreeUtilities : FillChain ST_tW_top
No. of Entries in this tree : 20791
TreeUtilities : FillChain ST_tW_antitop
No. of Entries in this tree : 20701
TreeUtilities : FillChain WJetsToLNu_HT-400To600_
No. of Entries in this tree : 227002
TreeUtilities : FillChain WJetsToLNu_HT-600ToInf_
No. of Entries in this tree : 189061
TreeUtilities : FillChain ZJetsToNuNu_HT-400To600_
No. of Entries in this tree : 292933
TreeUtilities : FillChain ZJetsToNuNu_HT-600ToInf_
No. of Entries in this tree : 367422
TreeUtilities : FillChain TTZToLLNuNu_
No. of Entries in this tree : 85132
TreeUtilities : FillChain TTZToQQ_
No. of Entries in this tree : 41234
TreeUtilities : FillChain QCD_HT500to700_
No. of Entries in this tree : 5326
TreeUtilities : FillChain QCD_HT700to1000_
No. of Entries in this tree : 28971
TreeUtilities : FillChain QCD_HT1000to1500_
No. of Entries in this tree : 38818
TreeUtilities : FillChain QCD_HT1500to2000_
No. of Entries in this tree : 95577
TreeUtilities : FillChain QCD_HT2000toInf_
No. of Entries in this tree : 103859
TFactor calculation and Expectation plots: 
Sample Type: QCD_HT500to700_; Weight: 0.881212
----------------------------------------------------------------------
 M_T2 : a variable for measuring masses when missing energy is expected.
 If you use MT2 or this library, please cite:
 	(o) C.G.Lester, D.J.Summers 
 	    Phys.Lett.B.463:99-103 (1999) hep-ph/9906349
 	(o) A.J.Barr, C.G.Lester, P.Stephens 
 	    J.Phys.G 29:2343-2363  (2003) hep-ph/0304226
 If you use MTGEN please also cite:
 	(o) C.G.Lester, A.J.Barr (2007) arXiv:0708.1028 (hep-ph)
 	    JHEP 12(2007)102
 If you use the ChengHanBisection MT2 calculator, please also cite:
 	(o) H.Cheng, Z.Han,  arXiv:0810.5178
----------------------------------------------------------------------
Sample Type: QCD_HT700to1000_; Weight: 0.25065431798
20000	8.98
Sample Type: QCD_HT1000to1500_; Weight: 0.12646520525
20000	19.16
Sample Type: QCD_HT1500to2000_; Weight: 0.018528589367
20000	34.2
40000	42.45
60000	50.78
WARNING ... cannot fake b jet?! (hint: check NaN of CSV value)
80000	59.13
Sample Type: QCD_HT2000toInf_; Weight: 0.0089095012383
20000	75.08
40000	84.64
60000	94.04
80000	103.51
100000	112.86
Counting Normal MC: 
QCD Files:0, METBin:0,MT2Bin:0; :2
QCD Files:0, METBin:0,MT2Bin:1; :0
QCD Files:0, METBin:0,MT2Bin:2; :0
QCD Files:0, METBin:1,MT2Bin:0; :1
QCD Files:0, METBin:1,MT2Bin:1; :1
QCD Files:0, METBin:1,MT2Bin:2; :0
QCD Files:0, METBin:2,MT2Bin:0; :0
QCD Files:0, METBin:2,MT2Bin:1; :0
QCD Files:0, METBin:2,MT2Bin:2; :1
QCD Files:1, METBin:0,MT2Bin:0; :22
QCD Files:1, METBin:0,MT2Bin:1; :1
QCD Files:1, METBin:0,MT2Bin:2; :0
QCD Files:1, METBin:1,MT2Bin:0; :28
QCD Files:1, METBin:1,MT2Bin:1; :11
QCD Files:1, METBin:1,MT2Bin:2; :0
QCD Files:1, METBin:2,MT2Bin:0; :1
QCD Files:1, METBin:2,MT2Bin:1; :2
QCD Files:1, METBin:2,MT2Bin:2; :0
QCD Files:2, METBin:0,MT2Bin:0; :40
QCD Files:2, METBin:0,MT2Bin:1; :8
QCD Files:2, METBin:0,MT2Bin:2; :1
QCD Files:2, METBin:1,MT2Bin:0; :35
QCD Files:2, METBin:1,MT2Bin:1; :16
QCD Files:2, METBin:1,MT2Bin:2; :0
QCD Files:2, METBin:2,MT2Bin:0; :0
QCD Files:2, METBin:2,MT2Bin:1; :1
QCD Files:2, METBin:2,MT2Bin:2; :3
QCD Files:3, METBin:0,MT2Bin:0; :115
QCD Files:3, METBin:0,MT2Bin:1; :22
QCD Files:3, METBin:0,MT2Bin:2; :2
QCD Files:3, METBin:1,MT2Bin:0; :103
QCD Files:3, METBin:1,MT2Bin:1; :40
QCD Files:3, METBin:1,MT2Bin:2; :10
QCD Files:3, METBin:2,MT2Bin:0; :6
QCD Files:3, METBin:2,MT2Bin:1; :5
QCD Files:3, METBin:2,MT2Bin:2; :4
QCD Files:4, METBin:0,MT2Bin:0; :246
QCD Files:4, METBin:0,MT2Bin:1; :57
QCD Files:4, METBin:0,MT2Bin:2; :15
QCD Files:4, METBin:1,MT2Bin:0; :229
QCD Files:4, METBin:1,MT2Bin:1; :76
QCD Files:4, METBin:1,MT2Bin:2; :37
QCD Files:4, METBin:2,MT2Bin:0; :20
QCD Files:4, METBin:2,MT2Bin:1; :7
QCD Files:4, METBin:2,MT2Bin:2; :21
Counting Normal: 
METBin:0,MT2Bin:0; :11.913767994(1.9063113791)
METBin:0,MT2Bin:1; :1.5575958144(0.45039158191)
METBin:0,MT2Bin:2; :0.21253233831(0.13368153788)
METBin:1,MT2Bin:0; :13.368165603(1.7745469786)
METBin:1,MT2Bin:1; :5.9255216675(1.3203404942)
METBin:1,MT2Bin:2; :0.43081946385(0.079813013317)
METBin:2,MT2Bin:0; :0.49913749156(0.25782750651)
METBin:2,MT2Bin:1; :0.71897405934(0.37936897605)
METBin:2,MT2Bin:2; :1.4142455619(0.90970092304)
Counting Inverted MC: 
QCD Files:0, METBin:0,MT2Bin:0; :23
QCD Files:0, METBin:0,MT2Bin:1; :1
QCD Files:0, METBin:0,MT2Bin:2; :0
QCD Files:0, METBin:1,MT2Bin:0; :7
QCD Files:0, METBin:1,MT2Bin:1; :2
QCD Files:0, METBin:1,MT2Bin:2; :0
QCD Files:0, METBin:2,MT2Bin:0; :1
QCD Files:0, METBin:2,MT2Bin:1; :2
QCD Files:0, METBin:2,MT2Bin:2; :0
QCD Files:1, METBin:0,MT2Bin:0; :301
QCD Files:1, METBin:0,MT2Bin:1; :55
QCD Files:1, METBin:0,MT2Bin:2; :1
QCD Files:1, METBin:1,MT2Bin:0; :258
QCD Files:1, METBin:1,MT2Bin:1; :106
QCD Files:1, METBin:1,MT2Bin:2; :2
QCD Files:1, METBin:2,MT2Bin:0; :4
QCD Files:1, METBin:2,MT2Bin:1; :0
QCD Files:1, METBin:2,MT2Bin:2; :0
QCD Files:2, METBin:0,MT2Bin:0; :411
QCD Files:2, METBin:0,MT2Bin:1; :99
QCD Files:2, METBin:0,MT2Bin:2; :3
QCD Files:2, METBin:1,MT2Bin:0; :570
QCD Files:2, METBin:1,MT2Bin:1; :241
QCD Files:2, METBin:1,MT2Bin:2; :79
QCD Files:2, METBin:2,MT2Bin:0; :26
QCD Files:2, METBin:2,MT2Bin:1; :14
QCD Files:2, METBin:2,MT2Bin:2; :29
QCD Files:3, METBin:0,MT2Bin:0; :1415
QCD Files:3, METBin:0,MT2Bin:1; :356
QCD Files:3, METBin:0,MT2Bin:2; :81
QCD Files:3, METBin:1,MT2Bin:0; :1974
QCD Files:3, METBin:1,MT2Bin:1; :653
QCD Files:3, METBin:1,MT2Bin:2; :472
QCD Files:3, METBin:2,MT2Bin:0; :253
QCD Files:3, METBin:2,MT2Bin:1; :109
QCD Files:3, METBin:2,MT2Bin:2; :264
QCD Files:4, METBin:0,MT2Bin:0; :2253
QCD Files:4, METBin:0,MT2Bin:1; :488
QCD Files:4, METBin:0,MT2Bin:2; :290
QCD Files:4, METBin:1,MT2Bin:0; :3652
QCD Files:4, METBin:1,MT2Bin:1; :819
QCD Files:4, METBin:1,MT2Bin:2; :909
QCD Files:4, METBin:2,MT2Bin:0; :715
QCD Files:4, METBin:2,MT2Bin:1; :223
QCD Files:4, METBin:2,MT2Bin:2; :703
Counting Inverted: 
METBin:0,MT2Bin:0; :138.73670857(6.6339538887)
METBin:0,MT2Bin:1; :27.27148401(2.4446592421)
METBin:0,MT2Bin:2; :3.3718969617(0.4020396767)
METBin:1,MT2Bin:0; :174.79370796(5.6328601627)
METBin:1,MT2Bin:1; :64.671702343(3.5151682458)
METBin:1,MT2Bin:2; :23.397107175(1.2741016253)
METBin:2,MT2Bin:0; :14.890195074(1.2598763613)
METBin:2,MT2Bin:1; :6.9251547473(1.35355123)
METBin:2,MT2Bin:2; :13.622317339(0.78118311488)
Translation Factors: 
METBin:0,MT2Bin:0; :0.085873220696(0.014340922096)
METBin:0,MT2Bin:1; :0.057114450163(0.017290504578)
METBin:0,MT2Bin:2; :0.063030496103(0.040351810276)
METBin:1,MT2Bin:0; :0.076479672864(0.010447115698)
METBin:1,MT2Bin:1; :0.091624643435(0.021014686534)
METBin:1,MT2Bin:2; :0.01841336455(0.003555551308)
METBin:2,MT2Bin:0; :0.033521219103(0.01754600902)
METBin:2,MT2Bin:1; :0.10382064886(0.058418865196)
METBin:2,MT2Bin:2; :0.10381828045(0.067045046902)
