Output File Name: Skimmed_MET175_ZJetsToNuNu_HT-100To200_13TeV-madgraphstopFlatNtuples_1.root
Output File Name: Skimmed_MET175_ZJetsToNuNu_HT-100To200_13TeV-madgraphstopFlatNtuples_10.root
Output File Name: Skimmed_MET175_ZJetsToNuNu_HT-100To200_13TeV-madgraphstopFlatNtuples_100.root
Output File Name: Skimmed_MET175_ZJetsToNuNu_HT-100To200_13TeV-madgraphstopFlatNtuples_101.root
Output File Name: Skimmed_MET175_ZJetsToNuNu_HT-100To200_13TeV-madgraphstopFlatNtuples_102.root
Output File Name: Skimmed_MET175_ZJetsToNuNu_HT-100To200_13TeV-madgraphstopFlatNtuples_103.root
Output File Name: Skimmed_MET175_ZJetsToNuNu_HT-100To200_13TeV-madgraphstopFlatNtuples_104.root
Output File Name: Skimmed_MET175_ZJetsToNuNu_HT-100To200_13TeV-madgraphstopFlatNtuples_105.root
Output File Name: Skimmed_MET175_ZJetsToNuNu_HT-100To200_13TeV-madgraphstopFlatNtuples_106.root
Output File Name: Skimmed_MET175_ZJetsToNuNu_HT-100To200_13TeV-madgraphstopFlatNtuples_107.root
Output File Name: Skimmed_MET175_ZJetsToNuNu_HT-100To200_13TeV-madgraphstopFlatNtuples_108.root
Output File Name: Skimmed_MET175_ZJetsToNuNu_HT-100To200_13TeV-madgraphstopFlatNtuples_109.root
Output File Name: Skimmed_MET175_ZJetsToNuNu_HT-100To200_13TeV-madgraphstopFlatNtuples_11.root
Output File Name: Skimmed_MET175_ZJetsToNuNu_HT-100To200_13TeV-madgraphstopFlatNtuples_110.root
Output File Name: Skimmed_MET175_ZJetsToNuNu_HT-100To200_13TeV-madgraphstopFlatNtuples_111.root
Output File Name: Skimmed_MET175_ZJetsToNuNu_HT-100To200_13TeV-madgraphstopFlatNtuples_112.root
Output File Name: Skimmed_MET175_ZJetsToNuNu_HT-100To200_13TeV-madgraphstopFlatNtuples_113.root
Output File Name: Skimmed_MET175_ZJetsToNuNu_HT-100To200_13TeV-madgraphstopFlatNtuples_114.root
./PrivateSkim /eos/uscms/store/group/lpcsusyhad/Spring15_74X_Nov_2015_Ntp_v3X/ZJetsToNuNu_HT-100To200_13TeV-madgraph/Spring15_74X_Nov_2015_Ntp_v3p1_RETRY_ZJetsToNuNu_HT-100To200/151113_024414/0000/stopFlatNtuples_1.root
./PrivateSkim /eos/uscms/store/group/lpcsusyhad/Spring15_74X_Nov_2015_Ntp_v3X/ZJetsToNuNu_HT-100To200_13TeV-madgraph/Spring15_74X_Nov_2015_Ntp_v3p1_RETRY_ZJetsToNuNu_HT-100To200/151113_024414/0000/stopFlatNtuples_10.root
./PrivateSkim /eos/uscms/store/group/lpcsusyhad/Spring15_74X_Nov_2015_Ntp_v3X/ZJetsToNuNu_HT-100To200_13TeV-madgraph/Spring15_74X_Nov_2015_Ntp_v3p1_RETRY_ZJetsToNuNu_HT-100To200/151113_024414/0000/stopFlatNtuples_100.root
./PrivateSkim /eos/uscms/store/group/lpcsusyhad/Spring15_74X_Nov_2015_Ntp_v3X/ZJetsToNuNu_HT-100To200_13TeV-madgraph/Spring15_74X_Nov_2015_Ntp_v3p1_RETRY_ZJetsToNuNu_HT-100To200/151113_024414/0000/stopFlatNtuples_101.root
./PrivateSkim /eos/uscms/store/group/lpcsusyhad/Spring15_74X_Nov_2015_Ntp_v3X/ZJetsToNuNu_HT-100To200_13TeV-madgraph/Spring15_74X_Nov_2015_Ntp_v3p1_RETRY_ZJetsToNuNu_HT-100To200/151113_024414/0000/stopFlatNtuples_102.root
./PrivateSkim /eos/uscms/store/group/lpcsusyhad/Spring15_74X_Nov_2015_Ntp_v3X/ZJetsToNuNu_HT-100To200_13TeV-madgraph/Spring15_74X_Nov_2015_Ntp_v3p1_RETRY_ZJetsToNuNu_HT-100To200/151113_024414/0000/stopFlatNtuples_103.root
./PrivateSkim /eos/uscms/store/group/lpcsusyhad/Spring15_74X_Nov_2015_Ntp_v3X/ZJetsToNuNu_HT-100To200_13TeV-madgraph/Spring15_74X_Nov_2015_Ntp_v3p1_RETRY_ZJetsToNuNu_HT-100To200/151113_024414/0000/stopFlatNtuples_104.root
./PrivateSkim /eos/uscms/store/group/lpcsusyhad/Spring15_74X_Nov_2015_Ntp_v3X/ZJetsToNuNu_HT-100To200_13TeV-madgraph/Spring15_74X_Nov_2015_Ntp_v3p1_RETRY_ZJetsToNuNu_HT-100To200/151113_024414/0000/stopFlatNtuples_105.root
./PrivateSkim /eos/uscms/store/group/lpcsusyhad/Spring15_74X_Nov_2015_Ntp_v3X/ZJetsToNuNu_HT-100To200_13TeV-madgraph/Spring15_74X_Nov_2015_Ntp_v3p1_RETRY_ZJetsToNuNu_HT-100To200/151113_024414/0000/stopFlatNtuples_106.root
./PrivateSkim /eos/uscms/store/group/lpcsusyhad/Spring15_74X_Nov_2015_Ntp_v3X/ZJetsToNuNu_HT-100To200_13TeV-madgraph/Spring15_74X_Nov_2015_Ntp_v3p1_RETRY_ZJetsToNuNu_HT-100To200/151113_024414/0000/stopFlatNtuples_107.root
./PrivateSkim /eos/uscms/store/group/lpcsusyhad/Spring15_74X_Nov_2015_Ntp_v3X/ZJetsToNuNu_HT-100To200_13TeV-madgraph/Spring15_74X_Nov_2015_Ntp_v3p1_RETRY_ZJetsToNuNu_HT-100To200/151113_024414/0000/stopFlatNtuples_108.root
./PrivateSkim /eos/uscms/store/group/lpcsusyhad/Spring15_74X_Nov_2015_Ntp_v3X/ZJetsToNuNu_HT-100To200_13TeV-madgraph/Spring15_74X_Nov_2015_Ntp_v3p1_RETRY_ZJetsToNuNu_HT-100To200/151113_024414/0000/stopFlatNtuples_109.root
./PrivateSkim /eos/uscms/store/group/lpcsusyhad/Spring15_74X_Nov_2015_Ntp_v3X/ZJetsToNuNu_HT-100To200_13TeV-madgraph/Spring15_74X_Nov_2015_Ntp_v3p1_RETRY_ZJetsToNuNu_HT-100To200/151113_024414/0000/stopFlatNtuples_11.root
./PrivateSkim /eos/uscms/store/group/lpcsusyhad/Spring15_74X_Nov_2015_Ntp_v3X/ZJetsToNuNu_HT-100To200_13TeV-madgraph/Spring15_74X_Nov_2015_Ntp_v3p1_RETRY_ZJetsToNuNu_HT-100To200/151113_024414/0000/stopFlatNtuples_110.root
./PrivateSkim /eos/uscms/store/group/lpcsusyhad/Spring15_74X_Nov_2015_Ntp_v3X/ZJetsToNuNu_HT-100To200_13TeV-madgraph/Spring15_74X_Nov_2015_Ntp_v3p1_RETRY_ZJetsToNuNu_HT-100To200/151113_024414/0000/stopFlatNtuples_111.root
./PrivateSkim /eos/uscms/store/group/lpcsusyhad/Spring15_74X_Nov_2015_Ntp_v3X/ZJetsToNuNu_HT-100To200_13TeV-madgraph/Spring15_74X_Nov_2015_Ntp_v3p1_RETRY_ZJetsToNuNu_HT-100To200/151113_024414/0000/stopFlatNtuples_112.root
./PrivateSkim /eos/uscms/store/group/lpcsusyhad/Spring15_74X_Nov_2015_Ntp_v3X/ZJetsToNuNu_HT-100To200_13TeV-madgraph/Spring15_74X_Nov_2015_Ntp_v3p1_RETRY_ZJetsToNuNu_HT-100To200/151113_024414/0000/stopFlatNtuples_113.root
./PrivateSkim /eos/uscms/store/group/lpcsusyhad/Spring15_74X_Nov_2015_Ntp_v3X/ZJetsToNuNu_HT-100To200_13TeV-madgraph/Spring15_74X_Nov_2015_Ntp_v3p1_RETRY_ZJetsToNuNu_HT-100To200/151113_024414/0000/stopFlatNtuples_114.root
./PrivateSkim /eos/uscms/store/group/lpcsusyhad/Spring15_74X_Nov_2015_Ntp_v3X/ZJetsToNuNu_HT-100To200_13Output File Name: Skimmed_MET175_ZJetsToNuNu_HT-100To200_13TeV-madgraphstopFlatNtuples_115.root
Output File Name: Skimmed_MET175_ZJetsToNuNu_HT-100To200_13TeV-madgraphstopFlatNtuples_116.root
Output File Name: Skimmed_MET175_ZJetsToNuNu_HT-100To200_13TeV-madgraphstopFlatNtuples_117.root
Output File Name: Skimmed_MET175_ZJetsToNuNu_HT-100To200_13TeV-madgraphstopFlatNtuples_118.root
Output File Name: Skimmed_MET175_ZJetsToNuNu_HT-100To200_13TeV-madgraphstopFlatNtuples_119.root
Output File Name: Skimmed_MET175_ZJetsToNuNu_HT-100To200_13TeV-madgraphstopFlatNtuples_12.root
Output File Name: Skimmed_MET175_ZJetsToNuNu_HT-100To200_13TeV-madgraphstopFlatNtuples_120.root
Output File Name: Skimmed_MET175_ZJetsToNuNu_HT-100To200_13TeV-madgraphstopFlatNtuples_121.root
Output File Name: Skimmed_MET175_ZJetsToNuNu_HT-100To200_13TeV-madgraphstopFlatNtuples_122.root
Output File Name: Skimmed_MET175_ZJetsToNuNu_HT-100To200_13TeV-madgraphstopFlatNtuples_13.root
Output File Name: Skimmed_MET175_ZJetsToNuNu_HT-100To200_13TeV-madgraphstopFlatNtuples_14.root
Output File Name: Skimmed_MET175_ZJetsToNuNu_HT-100To200_13TeV-madgraphstopFlatNtuples_15.root
Output File Name: Skimmed_MET175_ZJetsToNuNu_HT-100To200_13TeV-madgraphstopFlatNtuples_16.root
Output File Name: Skimmed_MET175_ZJetsToNuNu_HT-100To200_13TeV-madgraphstopFlatNtuples_17.root
Output File Name: Skimmed_MET175_ZJetsToNuNu_HT-100To200_13TeV-madgraphstopFlatNtuples_18.root
Output File Name: Skimmed_MET175_ZJetsToNuNu_HT-100To200_13TeV-madgraphstopFlatNtuples_19.root
Output File Name: Skimmed_MET175_ZJetsToNuNu_HT-100To200_13TeV-madgraphstopFlatNtuples_2.root
Output File Name: Skimmed_MET175_ZJetsToNuNu_HT-100To200_13TeV-madgraphstopFlatNtuples_20.root
TeV-madgraph/Spring15_74X_Nov_2015_Ntp_v3p1_RETRY_ZJetsToNuNu_HT-100To200/151113_024414/0000/stopFlatNtuples_115.root
./PrivateSkim /eos/uscms/store/group/lpcsusyhad/Spring15_74X_Nov_2015_Ntp_v3X/ZJetsToNuNu_HT-100To200_13TeV-madgraph/Spring15_74X_Nov_2015_Ntp_v3p1_RETRY_ZJetsToNuNu_HT-100To200/151113_024414/0000/stopFlatNtuples_116.root
./PrivateSkim /eos/uscms/store/group/lpcsusyhad/Spring15_74X_Nov_2015_Ntp_v3X/ZJetsToNuNu_HT-100To200_13TeV-madgraph/Spring15_74X_Nov_2015_Ntp_v3p1_RETRY_ZJetsToNuNu_HT-100To200/151113_024414/0000/stopFlatNtuples_117.root
./PrivateSkim /eos/uscms/store/group/lpcsusyhad/Spring15_74X_Nov_2015_Ntp_v3X/ZJetsToNuNu_HT-100To200_13TeV-madgraph/Spring15_74X_Nov_2015_Ntp_v3p1_RETRY_ZJetsToNuNu_HT-100To200/151113_024414/0000/stopFlatNtuples_118.root
./PrivateSkim /eos/uscms/store/group/lpcsusyhad/Spring15_74X_Nov_2015_Ntp_v3X/ZJetsToNuNu_HT-100To200_13TeV-madgraph/Spring15_74X_Nov_2015_Ntp_v3p1_RETRY_ZJetsToNuNu_HT-100To200/151113_024414/0000/stopFlatNtuples_119.root
./PrivateSkim /eos/uscms/store/group/lpcsusyhad/Spring15_74X_Nov_2015_Ntp_v3X/ZJetsToNuNu_HT-100To200_13TeV-madgraph/Spring15_74X_Nov_2015_Ntp_v3p1_RETRY_ZJetsToNuNu_HT-100To200/151113_024414/0000/stopFlatNtuples_12.root
./PrivateSkim /eos/uscms/store/group/lpcsusyhad/Spring15_74X_Nov_2015_Ntp_v3X/ZJetsToNuNu_HT-100To200_13TeV-madgraph/Spring15_74X_Nov_2015_Ntp_v3p1_RETRY_ZJetsToNuNu_HT-100To200/151113_024414/0000/stopFlatNtuples_120.root
./PrivateSkim /eos/uscms/store/group/lpcsusyhad/Spring15_74X_Nov_2015_Ntp_v3X/ZJetsToNuNu_HT-100To200_13TeV-madgraph/Spring15_74X_Nov_2015_Ntp_v3p1_RETRY_ZJetsToNuNu_HT-100To200/151113_024414/0000/stopFlatNtuples_121.root
./PrivateSkim /eos/uscms/store/group/lpcsusyhad/Spring15_74X_Nov_2015_Ntp_v3X/ZJetsToNuNu_HT-100To200_13TeV-madgraph/Spring15_74X_Nov_2015_Ntp_v3p1_RETRY_ZJetsToNuNu_HT-100To200/151113_024414/0000/stopFlatNtuples_122.root
./PrivateSkim /eos/uscms/store/group/lpcsusyhad/Spring15_74X_Nov_2015_Ntp_v3X/ZJetsToNuNu_HT-100To200_13TeV-madgraph/Spring15_74X_Nov_2015_Ntp_v3p1_RETRY_ZJetsToNuNu_HT-100To200/151113_024414/0000/stopFlatNtuples_13.root
./PrivateSkim /eos/uscms/store/group/lpcsusyhad/Spring15_74X_Nov_2015_Ntp_v3X/ZJetsToNuNu_HT-100To200_13TeV-madgraph/Spring15_74X_Nov_2015_Ntp_v3p1_RETRY_ZJetsToNuNu_HT-100To200/151113_024414/0000/stopFlatNtuples_14.root
./PrivateSkim /eos/uscms/store/group/lpcsusyhad/Spring15_74X_Nov_2015_Ntp_v3X/ZJetsToNuNu_HT-100To200_13TeV-madgraph/Spring15_74X_Nov_2015_Ntp_v3p1_RETRY_ZJetsToNuNu_HT-100To200/151113_024414/0000/stopFlatNtuples_15.root
./PrivateSkim /eos/uscms/store/group/lpcsusyhad/Spring15_74X_Nov_2015_Ntp_v3X/ZJetsToNuNu_HT-100To200_13TeV-madgraph/Spring15_74X_Nov_2015_Ntp_v3p1_RETRY_ZJetsToNuNu_HT-100To200/151113_024414/0000/stopFlatNtuples_16.root
./PrivateSkim /eos/uscms/store/group/lpcsusyhad/Spring15_74X_Nov_2015_Ntp_v3X/ZJetsToNuNu_HT-100To200_13TeV-madgraph/Spring15_74X_Nov_2015_Ntp_v3p1_RETRY_ZJetsToNuNu_HT-100To200/151113_024414/0000/stopFlatNtuples_17.root
./PrivateSkim /eos/uscms/store/group/lpcsusyhad/Spring15_74X_Nov_2015_Ntp_v3X/ZJetsToNuNu_HT-100To200_13TeV-madgraph/Spring15_74X_Nov_2015_Ntp_v3p1_RETRY_ZJetsToNuNu_HT-100To200/151113_024414/0000/stopFlatNtuples_18.root
./PrivateSkim /eos/uscms/store/group/lpcsusyhad/Spring15_74X_Nov_2015_Ntp_v3X/ZJetsToNuNu_HT-100To200_13TeV-madgraph/Spring15_74X_Nov_2015_Ntp_v3p1_RETRY_ZJetsToNuNu_HT-100To200/151113_024414/0000/stopFlatNtuples_19.root
./PrivateSkim /eos/uscms/store/group/lpcsusyhad/Spring15_74X_Nov_2015_Ntp_v3X/ZJetsToNuNu_HT-100To200_13TeV-madgraph/Spring15_74X_Nov_2015_Ntp_v3p1_RETRY_ZJetsToNuNu_HT-100To200/151113_024414/0000/stopFlatNtuples_2.root
./PrivateSkim /eos/uscms/store/group/lpcsusyhad/Spring15_74X_Nov_2015_Ntp_v3X/ZJetsToNuNu_HT-100To200_13TeV-madgraph/Spring15_74X_Nov_2015_Ntp_v3p1_RETRY_ZJetsToNuNu_HT-100To200/151113_024414/0000/stopFlatNtuples_20.root
./PrivateSkim /eos/uscms/store/group/lpcsusyhad/Spring15_74X_Nov_2015_Ntp_v3X/ZJetsToNuNu_HT-100To200_13TeV-madgraph/Spring15_74X_Nov_2015_Ntp_v3p1_RETRY_ZJetsToNuNu_HT-100To200/151113_024414/0000/stopFlatNtuples_21Output File Name: Skimmed_MET175_ZJetsToNuNu_HT-100To200_13TeV-madgraphstopFlatNtuples_21.root
Output File Name: Skimmed_MET175_ZJetsToNuNu_HT-100To200_13TeV-madgraphstopFlatNtuples_22.root
Output File Name: Skimmed_MET175_ZJetsToNuNu_HT-100To200_13TeV-madgraphstopFlatNtuples_23.root
Output File Name: Skimmed_MET175_ZJetsToNuNu_HT-100To200_13TeV-madgraphstopFlatNtuples_24.root
Output File Name: Skimmed_MET175_ZJetsToNuNu_HT-100To200_13TeV-madgraphstopFlatNtuples_25.root
Output File Name: Skimmed_MET175_ZJetsToNuNu_HT-100To200_13TeV-madgraphstopFlatNtuples_26.root
Output File Name: Skimmed_MET175_ZJetsToNuNu_HT-100To200_13TeV-madgraphstopFlatNtuples_27.root
Output File Name: Skimmed_MET175_ZJetsToNuNu_HT-100To200_13TeV-madgraphstopFlatNtuples_28.root
Output File Name: Skimmed_MET175_ZJetsToNuNu_HT-100To200_13TeV-madgraphstopFlatNtuples_29.root
Output File Name: Skimmed_MET175_ZJetsToNuNu_HT-100To200_13TeV-madgraphstopFlatNtuples_3.root
Output File Name: Skimmed_MET175_ZJetsToNuNu_HT-100To200_13TeV-madgraphstopFlatNtuples_30.root
Output File Name: Skimmed_MET175_ZJetsToNuNu_HT-100To200_13TeV-madgraphstopFlatNtuples_31.root
Output File Name: Skimmed_MET175_ZJetsToNuNu_HT-100To200_13TeV-madgraphstopFlatNtuples_32.root
Output File Name: Skimmed_MET175_ZJetsToNuNu_HT-100To200_13TeV-madgraphstopFlatNtuples_33.root
Output File Name: Skimmed_MET175_ZJetsToNuNu_HT-100To200_13TeV-madgraphstopFlatNtuples_34.root
Output File Name: Skimmed_MET175_ZJetsToNuNu_HT-100To200_13TeV-madgraphstopFlatNtuples_35.root
Output File Name: Skimmed_MET175_ZJetsToNuNu_HT-100To200_13TeV-madgraphstopFlatNtuples_36.root
Output File Name: Skimmed_MET175_ZJetsToNuNu_HT-100To200_13TeV-madgraphstopFlatNtuples_37.root
Output File Name: Skimmed_MET175_ZJetsToNuNu_HT-100To200_13TeV-madgraphstopFlatNtuples_38.root
.root
./PrivateSkim /eos/uscms/store/group/lpcsusyhad/Spring15_74X_Nov_2015_Ntp_v3X/ZJetsToNuNu_HT-100To200_13TeV-madgraph/Spring15_74X_Nov_2015_Ntp_v3p1_RETRY_ZJetsToNuNu_HT-100To200/151113_024414/0000/stopFlatNtuples_22.root
./PrivateSkim /eos/uscms/store/group/lpcsusyhad/Spring15_74X_Nov_2015_Ntp_v3X/ZJetsToNuNu_HT-100To200_13TeV-madgraph/Spring15_74X_Nov_2015_Ntp_v3p1_RETRY_ZJetsToNuNu_HT-100To200/151113_024414/0000/stopFlatNtuples_23.root
./PrivateSkim /eos/uscms/store/group/lpcsusyhad/Spring15_74X_Nov_2015_Ntp_v3X/ZJetsToNuNu_HT-100To200_13TeV-madgraph/Spring15_74X_Nov_2015_Ntp_v3p1_RETRY_ZJetsToNuNu_HT-100To200/151113_024414/0000/stopFlatNtuples_24.root
./PrivateSkim /eos/uscms/store/group/lpcsusyhad/Spring15_74X_Nov_2015_Ntp_v3X/ZJetsToNuNu_HT-100To200_13TeV-madgraph/Spring15_74X_Nov_2015_Ntp_v3p1_RETRY_ZJetsToNuNu_HT-100To200/151113_024414/0000/stopFlatNtuples_25.root
./PrivateSkim /eos/uscms/store/group/lpcsusyhad/Spring15_74X_Nov_2015_Ntp_v3X/ZJetsToNuNu_HT-100To200_13TeV-madgraph/Spring15_74X_Nov_2015_Ntp_v3p1_RETRY_ZJetsToNuNu_HT-100To200/151113_024414/0000/stopFlatNtuples_26.root
./PrivateSkim /eos/uscms/store/group/lpcsusyhad/Spring15_74X_Nov_2015_Ntp_v3X/ZJetsToNuNu_HT-100To200_13TeV-madgraph/Spring15_74X_Nov_2015_Ntp_v3p1_RETRY_ZJetsToNuNu_HT-100To200/151113_024414/0000/stopFlatNtuples_27.root
./PrivateSkim /eos/uscms/store/group/lpcsusyhad/Spring15_74X_Nov_2015_Ntp_v3X/ZJetsToNuNu_HT-100To200_13TeV-madgraph/Spring15_74X_Nov_2015_Ntp_v3p1_RETRY_ZJetsToNuNu_HT-100To200/151113_024414/0000/stopFlatNtuples_28.root
./PrivateSkim /eos/uscms/store/group/lpcsusyhad/Spring15_74X_Nov_2015_Ntp_v3X/ZJetsToNuNu_HT-100To200_13TeV-madgraph/Spring15_74X_Nov_2015_Ntp_v3p1_RETRY_ZJetsToNuNu_HT-100To200/151113_024414/0000/stopFlatNtuples_29.root
./PrivateSkim /eos/uscms/store/group/lpcsusyhad/Spring15_74X_Nov_2015_Ntp_v3X/ZJetsToNuNu_HT-100To200_13TeV-madgraph/Spring15_74X_Nov_2015_Ntp_v3p1_RETRY_ZJetsToNuNu_HT-100To200/151113_024414/0000/stopFlatNtuples_3.root
./PrivateSkim /eos/uscms/store/group/lpcsusyhad/Spring15_74X_Nov_2015_Ntp_v3X/ZJetsToNuNu_HT-100To200_13TeV-madgraph/Spring15_74X_Nov_2015_Ntp_v3p1_RETRY_ZJetsToNuNu_HT-100To200/151113_024414/0000/stopFlatNtuples_30.root
./PrivateSkim /eos/uscms/store/group/lpcsusyhad/Spring15_74X_Nov_2015_Ntp_v3X/ZJetsToNuNu_HT-100To200_13TeV-madgraph/Spring15_74X_Nov_2015_Ntp_v3p1_RETRY_ZJetsToNuNu_HT-100To200/151113_024414/0000/stopFlatNtuples_31.root
./PrivateSkim /eos/uscms/store/group/lpcsusyhad/Spring15_74X_Nov_2015_Ntp_v3X/ZJetsToNuNu_HT-100To200_13TeV-madgraph/Spring15_74X_Nov_2015_Ntp_v3p1_RETRY_ZJetsToNuNu_HT-100To200/151113_024414/0000/stopFlatNtuples_32.root
./PrivateSkim /eos/uscms/store/group/lpcsusyhad/Spring15_74X_Nov_2015_Ntp_v3X/ZJetsToNuNu_HT-100To200_13TeV-madgraph/Spring15_74X_Nov_2015_Ntp_v3p1_RETRY_ZJetsToNuNu_HT-100To200/151113_024414/0000/stopFlatNtuples_33.root
./PrivateSkim /eos/uscms/store/group/lpcsusyhad/Spring15_74X_Nov_2015_Ntp_v3X/ZJetsToNuNu_HT-100To200_13TeV-madgraph/Spring15_74X_Nov_2015_Ntp_v3p1_RETRY_ZJetsToNuNu_HT-100To200/151113_024414/0000/stopFlatNtuples_34.root
./PrivateSkim /eos/uscms/store/group/lpcsusyhad/Spring15_74X_Nov_2015_Ntp_v3X/ZJetsToNuNu_HT-100To200_13TeV-madgraph/Spring15_74X_Nov_2015_Ntp_v3p1_RETRY_ZJetsToNuNu_HT-100To200/151113_024414/0000/stopFlatNtuples_35.root
./PrivateSkim /eos/uscms/store/group/lpcsusyhad/Spring15_74X_Nov_2015_Ntp_v3X/ZJetsToNuNu_HT-100To200_13TeV-madgraph/Spring15_74X_Nov_2015_Ntp_v3p1_RETRY_ZJetsToNuNu_HT-100To200/151113_024414/0000/stopFlatNtuples_36.root
./PrivateSkim /eos/uscms/store/group/lpcsusyhad/Spring15_74X_Nov_2015_Ntp_v3X/ZJetsToNuNu_HT-100To200_13TeV-madgraph/Spring15_74X_Nov_2015_Ntp_v3p1_RETRY_ZJetsToNuNu_HT-100To200/151113_024414/0000/stopFlatNtuples_37.root
./PrivateSkim /eos/uscms/store/group/lpcsusyhad/Spring15_74X_Nov_2015_Ntp_v3X/ZJetsToNuNu_HT-100To200_13TeV-madgraph/Spring15_74X_Nov_2015_Ntp_v3p1_RETRY_ZJetsToNuNu_HT-100To200/151113_024414/0000/stopFlatNtuples_38.root
./PrivateSkim /eos/uscms/store/group/lpcsusyhad/Spring15_74X_Nov_2015_Ntp_v3X/ZJetsToNuNu_HT-100To200_13TeV-madgrOutput File Name: Skimmed_MET175_ZJetsToNuNu_HT-100To200_13TeV-madgraphstopFlatNtuples_39.root
Output File Name: Skimmed_MET175_ZJetsToNuNu_HT-100To200_13TeV-madgraphstopFlatNtuples_4.root
Output File Name: Skimmed_MET175_ZJetsToNuNu_HT-100To200_13TeV-madgraphstopFlatNtuples_40.root
Output File Name: Skimmed_MET175_ZJetsToNuNu_HT-100To200_13TeV-madgraphstopFlatNtuples_41.root
Output File Name: Skimmed_MET175_ZJetsToNuNu_HT-100To200_13TeV-madgraphstopFlatNtuples_42.root
Output File Name: Skimmed_MET175_ZJetsToNuNu_HT-100To200_13TeV-madgraphstopFlatNtuples_43.root
Output File Name: Skimmed_MET175_ZJetsToNuNu_HT-100To200_13TeV-madgraphstopFlatNtuples_44.root
Output File Name: Skimmed_MET175_ZJetsToNuNu_HT-100To200_13TeV-madgraphstopFlatNtuples_45.root
Output File Name: Skimmed_MET175_ZJetsToNuNu_HT-100To200_13TeV-madgraphstopFlatNtuples_46.root
Output File Name: Skimmed_MET175_ZJetsToNuNu_HT-100To200_13TeV-madgraphstopFlatNtuples_47.root
Output File Name: Skimmed_MET175_ZJetsToNuNu_HT-100To200_13TeV-madgraphstopFlatNtuples_48.root
Output File Name: Skimmed_MET175_ZJetsToNuNu_HT-100To200_13TeV-madgraphstopFlatNtuples_49.root
Output File Name: Skimmed_MET175_ZJetsToNuNu_HT-100To200_13TeV-madgraphstopFlatNtuples_5.root
Output File Name: Skimmed_MET175_ZJetsToNuNu_HT-100To200_13TeV-madgraphstopFlatNtuples_50.root
Output File Name: Skimmed_MET175_ZJetsToNuNu_HT-100To200_13TeV-madgraphstopFlatNtuples_51.root
Output File Name: Skimmed_MET175_ZJetsToNuNu_HT-100To200_13TeV-madgraphstopFlatNtuples_52.root
Output File Name: Skimmed_MET175_ZJetsToNuNu_HT-100To200_13TeV-madgraphstopFlatNtuples_53.root
Output File Name: Skimmed_MET175_ZJetsToNuNu_HT-100To200_13TeV-madgraphstopFlatNtuples_54.root
Output File Name: Skimmed_MET175_ZJetsToNuNu_HT-100To200_13TeV-madgraphstopFlatNtuples_55.root
aph/Spring15_74X_Nov_2015_Ntp_v3p1_RETRY_ZJetsToNuNu_HT-100To200/151113_024414/0000/stopFlatNtuples_39.root
./PrivateSkim /eos/uscms/store/group/lpcsusyhad/Spring15_74X_Nov_2015_Ntp_v3X/ZJetsToNuNu_HT-100To200_13TeV-madgraph/Spring15_74X_Nov_2015_Ntp_v3p1_RETRY_ZJetsToNuNu_HT-100To200/151113_024414/0000/stopFlatNtuples_4.root
./PrivateSkim /eos/uscms/store/group/lpcsusyhad/Spring15_74X_Nov_2015_Ntp_v3X/ZJetsToNuNu_HT-100To200_13TeV-madgraph/Spring15_74X_Nov_2015_Ntp_v3p1_RETRY_ZJetsToNuNu_HT-100To200/151113_024414/0000/stopFlatNtuples_40.root
./PrivateSkim /eos/uscms/store/group/lpcsusyhad/Spring15_74X_Nov_2015_Ntp_v3X/ZJetsToNuNu_HT-100To200_13TeV-madgraph/Spring15_74X_Nov_2015_Ntp_v3p1_RETRY_ZJetsToNuNu_HT-100To200/151113_024414/0000/stopFlatNtuples_41.root
./PrivateSkim /eos/uscms/store/group/lpcsusyhad/Spring15_74X_Nov_2015_Ntp_v3X/ZJetsToNuNu_HT-100To200_13TeV-madgraph/Spring15_74X_Nov_2015_Ntp_v3p1_RETRY_ZJetsToNuNu_HT-100To200/151113_024414/0000/stopFlatNtuples_42.root
./PrivateSkim /eos/uscms/store/group/lpcsusyhad/Spring15_74X_Nov_2015_Ntp_v3X/ZJetsToNuNu_HT-100To200_13TeV-madgraph/Spring15_74X_Nov_2015_Ntp_v3p1_RETRY_ZJetsToNuNu_HT-100To200/151113_024414/0000/stopFlatNtuples_43.root
./PrivateSkim /eos/uscms/store/group/lpcsusyhad/Spring15_74X_Nov_2015_Ntp_v3X/ZJetsToNuNu_HT-100To200_13TeV-madgraph/Spring15_74X_Nov_2015_Ntp_v3p1_RETRY_ZJetsToNuNu_HT-100To200/151113_024414/0000/stopFlatNtuples_44.root
./PrivateSkim /eos/uscms/store/group/lpcsusyhad/Spring15_74X_Nov_2015_Ntp_v3X/ZJetsToNuNu_HT-100To200_13TeV-madgraph/Spring15_74X_Nov_2015_Ntp_v3p1_RETRY_ZJetsToNuNu_HT-100To200/151113_024414/0000/stopFlatNtuples_45.root
./PrivateSkim /eos/uscms/store/group/lpcsusyhad/Spring15_74X_Nov_2015_Ntp_v3X/ZJetsToNuNu_HT-100To200_13TeV-madgraph/Spring15_74X_Nov_2015_Ntp_v3p1_RETRY_ZJetsToNuNu_HT-100To200/151113_024414/0000/stopFlatNtuples_46.root
./PrivateSkim /eos/uscms/store/group/lpcsusyhad/Spring15_74X_Nov_2015_Ntp_v3X/ZJetsToNuNu_HT-100To200_13TeV-madgraph/Spring15_74X_Nov_2015_Ntp_v3p1_RETRY_ZJetsToNuNu_HT-100To200/151113_024414/0000/stopFlatNtuples_47.root
./PrivateSkim /eos/uscms/store/group/lpcsusyhad/Spring15_74X_Nov_2015_Ntp_v3X/ZJetsToNuNu_HT-100To200_13TeV-madgraph/Spring15_74X_Nov_2015_Ntp_v3p1_RETRY_ZJetsToNuNu_HT-100To200/151113_024414/0000/stopFlatNtuples_48.root
./PrivateSkim /eos/uscms/store/group/lpcsusyhad/Spring15_74X_Nov_2015_Ntp_v3X/ZJetsToNuNu_HT-100To200_13TeV-madgraph/Spring15_74X_Nov_2015_Ntp_v3p1_RETRY_ZJetsToNuNu_HT-100To200/151113_024414/0000/stopFlatNtuples_49.root
./PrivateSkim /eos/uscms/store/group/lpcsusyhad/Spring15_74X_Nov_2015_Ntp_v3X/ZJetsToNuNu_HT-100To200_13TeV-madgraph/Spring15_74X_Nov_2015_Ntp_v3p1_RETRY_ZJetsToNuNu_HT-100To200/151113_024414/0000/stopFlatNtuples_5.root
./PrivateSkim /eos/uscms/store/group/lpcsusyhad/Spring15_74X_Nov_2015_Ntp_v3X/ZJetsToNuNu_HT-100To200_13TeV-madgraph/Spring15_74X_Nov_2015_Ntp_v3p1_RETRY_ZJetsToNuNu_HT-100To200/151113_024414/0000/stopFlatNtuples_50.root
./PrivateSkim /eos/uscms/store/group/lpcsusyhad/Spring15_74X_Nov_2015_Ntp_v3X/ZJetsToNuNu_HT-100To200_13TeV-madgraph/Spring15_74X_Nov_2015_Ntp_v3p1_RETRY_ZJetsToNuNu_HT-100To200/151113_024414/0000/stopFlatNtuples_51.root
./PrivateSkim /eos/uscms/store/group/lpcsusyhad/Spring15_74X_Nov_2015_Ntp_v3X/ZJetsToNuNu_HT-100To200_13TeV-madgraph/Spring15_74X_Nov_2015_Ntp_v3p1_RETRY_ZJetsToNuNu_HT-100To200/151113_024414/0000/stopFlatNtuples_52.root
./PrivateSkim /eos/uscms/store/group/lpcsusyhad/Spring15_74X_Nov_2015_Ntp_v3X/ZJetsToNuNu_HT-100To200_13TeV-madgraph/Spring15_74X_Nov_2015_Ntp_v3p1_RETRY_ZJetsToNuNu_HT-100To200/151113_024414/0000/stopFlatNtuples_53.root
./PrivateSkim /eos/uscms/store/group/lpcsusyhad/Spring15_74X_Nov_2015_Ntp_v3X/ZJetsToNuNu_HT-100To200_13TeV-madgraph/Spring15_74X_Nov_2015_Ntp_v3p1_RETRY_ZJetsToNuNu_HT-100To200/151113_024414/0000/stopFlatNtuples_54.root
./PrivateSkim /eos/uscms/store/group/lpcsusyhad/Spring15_74X_Nov_2015_Ntp_v3X/ZJetsToNuNu_HT-100To200_13TeV-madgraph/Spring15_74X_Nov_2015_Ntp_v3p1_RETRY_ZJetsToNuNu_HT-100To200/151113_024414/0000/stopFlatNtuples_55.root
./PrivateSkiOutput File Name: Skimmed_MET175_ZJetsToNuNu_HT-100To200_13TeV-madgraphstopFlatNtuples_56.root
Output File Name: Skimmed_MET175_ZJetsToNuNu_HT-100To200_13TeV-madgraphstopFlatNtuples_57.root
Output File Name: Skimmed_MET175_ZJetsToNuNu_HT-100To200_13TeV-madgraphstopFlatNtuples_58.root
Output File Name: Skimmed_MET175_ZJetsToNuNu_HT-100To200_13TeV-madgraphstopFlatNtuples_59.root
Output File Name: Skimmed_MET175_ZJetsToNuNu_HT-100To200_13TeV-madgraphstopFlatNtuples_6.root
Output File Name: Skimmed_MET175_ZJetsToNuNu_HT-100To200_13TeV-madgraphstopFlatNtuples_60.root
Output File Name: Skimmed_MET175_ZJetsToNuNu_HT-100To200_13TeV-madgraphstopFlatNtuples_61.root
Output File Name: Skimmed_MET175_ZJetsToNuNu_HT-100To200_13TeV-madgraphstopFlatNtuples_62.root
Output File Name: Skimmed_MET175_ZJetsToNuNu_HT-100To200_13TeV-madgraphstopFlatNtuples_63.root
Output File Name: Skimmed_MET175_ZJetsToNuNu_HT-100To200_13TeV-madgraphstopFlatNtuples_64.root
Output File Name: Skimmed_MET175_ZJetsToNuNu_HT-100To200_13TeV-madgraphstopFlatNtuples_65.root
Output File Name: Skimmed_MET175_ZJetsToNuNu_HT-100To200_13TeV-madgraphstopFlatNtuples_66.root
Output File Name: Skimmed_MET175_ZJetsToNuNu_HT-100To200_13TeV-madgraphstopFlatNtuples_67.root
Output File Name: Skimmed_MET175_ZJetsToNuNu_HT-100To200_13TeV-madgraphstopFlatNtuples_68.root
Output File Name: Skimmed_MET175_ZJetsToNuNu_HT-100To200_13TeV-madgraphstopFlatNtuples_69.root
Output File Name: Skimmed_MET175_ZJetsToNuNu_HT-100To200_13TeV-madgraphstopFlatNtuples_7.root
Output File Name: Skimmed_MET175_ZJetsToNuNu_HT-100To200_13TeV-madgraphstopFlatNtuples_70.root
Output File Name: Skimmed_MET175_ZJetsToNuNu_HT-100To200_13TeV-madgraphstopFlatNtuples_71.root
m /eos/uscms/store/group/lpcsusyhad/Spring15_74X_Nov_2015_Ntp_v3X/ZJetsToNuNu_HT-100To200_13TeV-madgraph/Spring15_74X_Nov_2015_Ntp_v3p1_RETRY_ZJetsToNuNu_HT-100To200/151113_024414/0000/stopFlatNtuples_56.root
./PrivateSkim /eos/uscms/store/group/lpcsusyhad/Spring15_74X_Nov_2015_Ntp_v3X/ZJetsToNuNu_HT-100To200_13TeV-madgraph/Spring15_74X_Nov_2015_Ntp_v3p1_RETRY_ZJetsToNuNu_HT-100To200/151113_024414/0000/stopFlatNtuples_57.root
./PrivateSkim /eos/uscms/store/group/lpcsusyhad/Spring15_74X_Nov_2015_Ntp_v3X/ZJetsToNuNu_HT-100To200_13TeV-madgraph/Spring15_74X_Nov_2015_Ntp_v3p1_RETRY_ZJetsToNuNu_HT-100To200/151113_024414/0000/stopFlatNtuples_58.root
./PrivateSkim /eos/uscms/store/group/lpcsusyhad/Spring15_74X_Nov_2015_Ntp_v3X/ZJetsToNuNu_HT-100To200_13TeV-madgraph/Spring15_74X_Nov_2015_Ntp_v3p1_RETRY_ZJetsToNuNu_HT-100To200/151113_024414/0000/stopFlatNtuples_59.root
./PrivateSkim /eos/uscms/store/group/lpcsusyhad/Spring15_74X_Nov_2015_Ntp_v3X/ZJetsToNuNu_HT-100To200_13TeV-madgraph/Spring15_74X_Nov_2015_Ntp_v3p1_RETRY_ZJetsToNuNu_HT-100To200/151113_024414/0000/stopFlatNtuples_6.root
./PrivateSkim /eos/uscms/store/group/lpcsusyhad/Spring15_74X_Nov_2015_Ntp_v3X/ZJetsToNuNu_HT-100To200_13TeV-madgraph/Spring15_74X_Nov_2015_Ntp_v3p1_RETRY_ZJetsToNuNu_HT-100To200/151113_024414/0000/stopFlatNtuples_60.root
./PrivateSkim /eos/uscms/store/group/lpcsusyhad/Spring15_74X_Nov_2015_Ntp_v3X/ZJetsToNuNu_HT-100To200_13TeV-madgraph/Spring15_74X_Nov_2015_Ntp_v3p1_RETRY_ZJetsToNuNu_HT-100To200/151113_024414/0000/stopFlatNtuples_61.root
./PrivateSkim /eos/uscms/store/group/lpcsusyhad/Spring15_74X_Nov_2015_Ntp_v3X/ZJetsToNuNu_HT-100To200_13TeV-madgraph/Spring15_74X_Nov_2015_Ntp_v3p1_RETRY_ZJetsToNuNu_HT-100To200/151113_024414/0000/stopFlatNtuples_62.root
./PrivateSkim /eos/uscms/store/group/lpcsusyhad/Spring15_74X_Nov_2015_Ntp_v3X/ZJetsToNuNu_HT-100To200_13TeV-madgraph/Spring15_74X_Nov_2015_Ntp_v3p1_RETRY_ZJetsToNuNu_HT-100To200/151113_024414/0000/stopFlatNtuples_63.root
./PrivateSkim /eos/uscms/store/group/lpcsusyhad/Spring15_74X_Nov_2015_Ntp_v3X/ZJetsToNuNu_HT-100To200_13TeV-madgraph/Spring15_74X_Nov_2015_Ntp_v3p1_RETRY_ZJetsToNuNu_HT-100To200/151113_024414/0000/stopFlatNtuples_64.root
./PrivateSkim /eos/uscms/store/group/lpcsusyhad/Spring15_74X_Nov_2015_Ntp_v3X/ZJetsToNuNu_HT-100To200_13TeV-madgraph/Spring15_74X_Nov_2015_Ntp_v3p1_RETRY_ZJetsToNuNu_HT-100To200/151113_024414/0000/stopFlatNtuples_65.root
./PrivateSkim /eos/uscms/store/group/lpcsusyhad/Spring15_74X_Nov_2015_Ntp_v3X/ZJetsToNuNu_HT-100To200_13TeV-madgraph/Spring15_74X_Nov_2015_Ntp_v3p1_RETRY_ZJetsToNuNu_HT-100To200/151113_024414/0000/stopFlatNtuples_66.root
./PrivateSkim /eos/uscms/store/group/lpcsusyhad/Spring15_74X_Nov_2015_Ntp_v3X/ZJetsToNuNu_HT-100To200_13TeV-madgraph/Spring15_74X_Nov_2015_Ntp_v3p1_RETRY_ZJetsToNuNu_HT-100To200/151113_024414/0000/stopFlatNtuples_67.root
./PrivateSkim /eos/uscms/store/group/lpcsusyhad/Spring15_74X_Nov_2015_Ntp_v3X/ZJetsToNuNu_HT-100To200_13TeV-madgraph/Spring15_74X_Nov_2015_Ntp_v3p1_RETRY_ZJetsToNuNu_HT-100To200/151113_024414/0000/stopFlatNtuples_68.root
./PrivateSkim /eos/uscms/store/group/lpcsusyhad/Spring15_74X_Nov_2015_Ntp_v3X/ZJetsToNuNu_HT-100To200_13TeV-madgraph/Spring15_74X_Nov_2015_Ntp_v3p1_RETRY_ZJetsToNuNu_HT-100To200/151113_024414/0000/stopFlatNtuples_69.root
./PrivateSkim /eos/uscms/store/group/lpcsusyhad/Spring15_74X_Nov_2015_Ntp_v3X/ZJetsToNuNu_HT-100To200_13TeV-madgraph/Spring15_74X_Nov_2015_Ntp_v3p1_RETRY_ZJetsToNuNu_HT-100To200/151113_024414/0000/stopFlatNtuples_7.root
./PrivateSkim /eos/uscms/store/group/lpcsusyhad/Spring15_74X_Nov_2015_Ntp_v3X/ZJetsToNuNu_HT-100To200_13TeV-madgraph/Spring15_74X_Nov_2015_Ntp_v3p1_RETRY_ZJetsToNuNu_HT-100To200/151113_024414/0000/stopFlatNtuples_70.root
./PrivateSkim /eos/uscms/store/group/lpcsusyhad/Spring15_74X_Nov_2015_Ntp_v3X/ZJetsToNuNu_HT-100To200_13TeV-madgraph/Spring15_74X_Nov_2015_Ntp_v3p1_RETRY_ZJetsToNuNu_HT-100To200/151113_024414/0000/stopFlatNtuples_71.root
./PrivateSkim /eos/uscms/store/group/lpcsusyhad/Spring15_74X_Nov_2015_Ntp_v3X/ZJetsToNuNu_HT-100To200_13TeV-madgraph/Spring15_74X_NoOutput File Name: Skimmed_MET175_ZJetsToNuNu_HT-100To200_13TeV-madgraphstopFlatNtuples_72.root
Output File Name: Skimmed_MET175_ZJetsToNuNu_HT-100To200_13TeV-madgraphstopFlatNtuples_73.root
Output File Name: Skimmed_MET175_ZJetsToNuNu_HT-100To200_13TeV-madgraphstopFlatNtuples_74.root
Output File Name: Skimmed_MET175_ZJetsToNuNu_HT-100To200_13TeV-madgraphstopFlatNtuples_75.root
Output File Name: Skimmed_MET175_ZJetsToNuNu_HT-100To200_13TeV-madgraphstopFlatNtuples_76.root
Output File Name: Skimmed_MET175_ZJetsToNuNu_HT-100To200_13TeV-madgraphstopFlatNtuples_77.root
Output File Name: Skimmed_MET175_ZJetsToNuNu_HT-100To200_13TeV-madgraphstopFlatNtuples_78.root
Output File Name: Skimmed_MET175_ZJetsToNuNu_HT-100To200_13TeV-madgraphstopFlatNtuples_79.root
Output File Name: Skimmed_MET175_ZJetsToNuNu_HT-100To200_13TeV-madgraphstopFlatNtuples_8.root
Output File Name: Skimmed_MET175_ZJetsToNuNu_HT-100To200_13TeV-madgraphstopFlatNtuples_80.root
Output File Name: Skimmed_MET175_ZJetsToNuNu_HT-100To200_13TeV-madgraphstopFlatNtuples_81.root
Output File Name: Skimmed_MET175_ZJetsToNuNu_HT-100To200_13TeV-madgraphstopFlatNtuples_82.root
Output File Name: Skimmed_MET175_ZJetsToNuNu_HT-100To200_13TeV-madgraphstopFlatNtuples_83.root
Output File Name: Skimmed_MET175_ZJetsToNuNu_HT-100To200_13TeV-madgraphstopFlatNtuples_84.root
Output File Name: Skimmed_MET175_ZJetsToNuNu_HT-100To200_13TeV-madgraphstopFlatNtuples_85.root
Output File Name: Skimmed_MET175_ZJetsToNuNu_HT-100To200_13TeV-madgraphstopFlatNtuples_86.root
Output File Name: Skimmed_MET175_ZJetsToNuNu_HT-100To200_13TeV-madgraphstopFlatNtuples_87.root
Output File Name: Skimmed_MET175_ZJetsToNuNu_HT-100To200_13TeV-madgraphstopFlatNtuples_88.root
Output File Name: Skimmed_MET175_ZJetsToNuNu_HT-100To200_13TeV-madgraphstopFlatNtuples_89.root
v_2015_Ntp_v3p1_RETRY_ZJetsToNuNu_HT-100To200/151113_024414/0000/stopFlatNtuples_72.root
./PrivateSkim /eos/uscms/store/group/lpcsusyhad/Spring15_74X_Nov_2015_Ntp_v3X/ZJetsToNuNu_HT-100To200_13TeV-madgraph/Spring15_74X_Nov_2015_Ntp_v3p1_RETRY_ZJetsToNuNu_HT-100To200/151113_024414/0000/stopFlatNtuples_73.root
./PrivateSkim /eos/uscms/store/group/lpcsusyhad/Spring15_74X_Nov_2015_Ntp_v3X/ZJetsToNuNu_HT-100To200_13TeV-madgraph/Spring15_74X_Nov_2015_Ntp_v3p1_RETRY_ZJetsToNuNu_HT-100To200/151113_024414/0000/stopFlatNtuples_74.root
./PrivateSkim /eos/uscms/store/group/lpcsusyhad/Spring15_74X_Nov_2015_Ntp_v3X/ZJetsToNuNu_HT-100To200_13TeV-madgraph/Spring15_74X_Nov_2015_Ntp_v3p1_RETRY_ZJetsToNuNu_HT-100To200/151113_024414/0000/stopFlatNtuples_75.root
./PrivateSkim /eos/uscms/store/group/lpcsusyhad/Spring15_74X_Nov_2015_Ntp_v3X/ZJetsToNuNu_HT-100To200_13TeV-madgraph/Spring15_74X_Nov_2015_Ntp_v3p1_RETRY_ZJetsToNuNu_HT-100To200/151113_024414/0000/stopFlatNtuples_76.root
./PrivateSkim /eos/uscms/store/group/lpcsusyhad/Spring15_74X_Nov_2015_Ntp_v3X/ZJetsToNuNu_HT-100To200_13TeV-madgraph/Spring15_74X_Nov_2015_Ntp_v3p1_RETRY_ZJetsToNuNu_HT-100To200/151113_024414/0000/stopFlatNtuples_77.root
./PrivateSkim /eos/uscms/store/group/lpcsusyhad/Spring15_74X_Nov_2015_Ntp_v3X/ZJetsToNuNu_HT-100To200_13TeV-madgraph/Spring15_74X_Nov_2015_Ntp_v3p1_RETRY_ZJetsToNuNu_HT-100To200/151113_024414/0000/stopFlatNtuples_78.root
./PrivateSkim /eos/uscms/store/group/lpcsusyhad/Spring15_74X_Nov_2015_Ntp_v3X/ZJetsToNuNu_HT-100To200_13TeV-madgraph/Spring15_74X_Nov_2015_Ntp_v3p1_RETRY_ZJetsToNuNu_HT-100To200/151113_024414/0000/stopFlatNtuples_79.root
./PrivateSkim /eos/uscms/store/group/lpcsusyhad/Spring15_74X_Nov_2015_Ntp_v3X/ZJetsToNuNu_HT-100To200_13TeV-madgraph/Spring15_74X_Nov_2015_Ntp_v3p1_RETRY_ZJetsToNuNu_HT-100To200/151113_024414/0000/stopFlatNtuples_8.root
./PrivateSkim /eos/uscms/store/group/lpcsusyhad/Spring15_74X_Nov_2015_Ntp_v3X/ZJetsToNuNu_HT-100To200_13TeV-madgraph/Spring15_74X_Nov_2015_Ntp_v3p1_RETRY_ZJetsToNuNu_HT-100To200/151113_024414/0000/stopFlatNtuples_80.root
./PrivateSkim /eos/uscms/store/group/lpcsusyhad/Spring15_74X_Nov_2015_Ntp_v3X/ZJetsToNuNu_HT-100To200_13TeV-madgraph/Spring15_74X_Nov_2015_Ntp_v3p1_RETRY_ZJetsToNuNu_HT-100To200/151113_024414/0000/stopFlatNtuples_81.root
./PrivateSkim /eos/uscms/store/group/lpcsusyhad/Spring15_74X_Nov_2015_Ntp_v3X/ZJetsToNuNu_HT-100To200_13TeV-madgraph/Spring15_74X_Nov_2015_Ntp_v3p1_RETRY_ZJetsToNuNu_HT-100To200/151113_024414/0000/stopFlatNtuples_82.root
./PrivateSkim /eos/uscms/store/group/lpcsusyhad/Spring15_74X_Nov_2015_Ntp_v3X/ZJetsToNuNu_HT-100To200_13TeV-madgraph/Spring15_74X_Nov_2015_Ntp_v3p1_RETRY_ZJetsToNuNu_HT-100To200/151113_024414/0000/stopFlatNtuples_83.root
./PrivateSkim /eos/uscms/store/group/lpcsusyhad/Spring15_74X_Nov_2015_Ntp_v3X/ZJetsToNuNu_HT-100To200_13TeV-madgraph/Spring15_74X_Nov_2015_Ntp_v3p1_RETRY_ZJetsToNuNu_HT-100To200/151113_024414/0000/stopFlatNtuples_84.root
./PrivateSkim /eos/uscms/store/group/lpcsusyhad/Spring15_74X_Nov_2015_Ntp_v3X/ZJetsToNuNu_HT-100To200_13TeV-madgraph/Spring15_74X_Nov_2015_Ntp_v3p1_RETRY_ZJetsToNuNu_HT-100To200/151113_024414/0000/stopFlatNtuples_85.root
./PrivateSkim /eos/uscms/store/group/lpcsusyhad/Spring15_74X_Nov_2015_Ntp_v3X/ZJetsToNuNu_HT-100To200_13TeV-madgraph/Spring15_74X_Nov_2015_Ntp_v3p1_RETRY_ZJetsToNuNu_HT-100To200/151113_024414/0000/stopFlatNtuples_86.root
./PrivateSkim /eos/uscms/store/group/lpcsusyhad/Spring15_74X_Nov_2015_Ntp_v3X/ZJetsToNuNu_HT-100To200_13TeV-madgraph/Spring15_74X_Nov_2015_Ntp_v3p1_RETRY_ZJetsToNuNu_HT-100To200/151113_024414/0000/stopFlatNtuples_87.root
./PrivateSkim /eos/uscms/store/group/lpcsusyhad/Spring15_74X_Nov_2015_Ntp_v3X/ZJetsToNuNu_HT-100To200_13TeV-madgraph/Spring15_74X_Nov_2015_Ntp_v3p1_RETRY_ZJetsToNuNu_HT-100To200/151113_024414/0000/stopFlatNtuples_88.root
./PrivateSkim /eos/uscms/store/group/lpcsusyhad/Spring15_74X_Nov_2015_Ntp_v3X/ZJetsToNuNu_HT-100To200_13TeV-madgraph/Spring15_74X_Nov_2015_Ntp_v3p1_RETRY_ZJetsToNuNu_HT-100To200/151113_024414/0000/stopFlatNtuples_89.root
./PrivateSkim /eos/uscms/storeOutput File Name: Skimmed_MET175_ZJetsToNuNu_HT-100To200_13TeV-madgraphstopFlatNtuples_9.root
Output File Name: Skimmed_MET175_ZJetsToNuNu_HT-100To200_13TeV-madgraphstopFlatNtuples_90.root
Output File Name: Skimmed_MET175_ZJetsToNuNu_HT-100To200_13TeV-madgraphstopFlatNtuples_91.root
Output File Name: Skimmed_MET175_ZJetsToNuNu_HT-100To200_13TeV-madgraphstopFlatNtuples_92.root
Output File Name: Skimmed_MET175_ZJetsToNuNu_HT-100To200_13TeV-madgraphstopFlatNtuples_93.root
Output File Name: Skimmed_MET175_ZJetsToNuNu_HT-100To200_13TeV-madgraphstopFlatNtuples_94.root
Output File Name: Skimmed_MET175_ZJetsToNuNu_HT-100To200_13TeV-madgraphstopFlatNtuples_95.root
Output File Name: Skimmed_MET175_ZJetsToNuNu_HT-100To200_13TeV-madgraphstopFlatNtuples_96.root
Output File Name: Skimmed_MET175_ZJetsToNuNu_HT-100To200_13TeV-madgraphstopFlatNtuples_97.root
Output File Name: Skimmed_MET175_ZJetsToNuNu_HT-100To200_13TeV-madgraphstopFlatNtuples_98.root
Output File Name: Skimmed_MET175_ZJetsToNuNu_HT-100To200_13TeV-madgraphstopFlatNtuples_99.root
Output File Name: Skimmed_MET175_ZJetsToNuNu_HT-200To400_13TeV-madgraphstopFlatNtuples_1.root
Output File Name: Skimmed_MET175_ZJetsToNuNu_HT-200To400_13TeV-madgraphstopFlatNtuples_10.root
Output File Name: Skimmed_MET175_ZJetsToNuNu_HT-200To400_13TeV-madgraphstopFlatNtuples_100.root
Output File Name: Skimmed_MET175_ZJetsToNuNu_HT-200To400_13TeV-madgraphstopFlatNtuples_101.root
Output File Name: Skimmed_MET175_ZJetsToNuNu_HT-200To400_13TeV-madgraphstopFlatNtuples_102.root
Output File Name: Skimmed_MET175_ZJetsToNuNu_HT-200To400_13TeV-madgraphstopFlatNtuples_103.root
Output File Name: Skimmed_MET175_ZJetsToNuNu_HT-200To400_13TeV-madgraphstopFlatNtuples_104.root
/group/lpcsusyhad/Spring15_74X_Nov_2015_Ntp_v3X/ZJetsToNuNu_HT-100To200_13TeV-madgraph/Spring15_74X_Nov_2015_Ntp_v3p1_RETRY_ZJetsToNuNu_HT-100To200/151113_024414/0000/stopFlatNtuples_9.root
./PrivateSkim /eos/uscms/store/group/lpcsusyhad/Spring15_74X_Nov_2015_Ntp_v3X/ZJetsToNuNu_HT-100To200_13TeV-madgraph/Spring15_74X_Nov_2015_Ntp_v3p1_RETRY_ZJetsToNuNu_HT-100To200/151113_024414/0000/stopFlatNtuples_90.root
./PrivateSkim /eos/uscms/store/group/lpcsusyhad/Spring15_74X_Nov_2015_Ntp_v3X/ZJetsToNuNu_HT-100To200_13TeV-madgraph/Spring15_74X_Nov_2015_Ntp_v3p1_RETRY_ZJetsToNuNu_HT-100To200/151113_024414/0000/stopFlatNtuples_91.root
./PrivateSkim /eos/uscms/store/group/lpcsusyhad/Spring15_74X_Nov_2015_Ntp_v3X/ZJetsToNuNu_HT-100To200_13TeV-madgraph/Spring15_74X_Nov_2015_Ntp_v3p1_RETRY_ZJetsToNuNu_HT-100To200/151113_024414/0000/stopFlatNtuples_92.root
./PrivateSkim /eos/uscms/store/group/lpcsusyhad/Spring15_74X_Nov_2015_Ntp_v3X/ZJetsToNuNu_HT-100To200_13TeV-madgraph/Spring15_74X_Nov_2015_Ntp_v3p1_RETRY_ZJetsToNuNu_HT-100To200/151113_024414/0000/stopFlatNtuples_93.root
./PrivateSkim /eos/uscms/store/group/lpcsusyhad/Spring15_74X_Nov_2015_Ntp_v3X/ZJetsToNuNu_HT-100To200_13TeV-madgraph/Spring15_74X_Nov_2015_Ntp_v3p1_RETRY_ZJetsToNuNu_HT-100To200/151113_024414/0000/stopFlatNtuples_94.root
./PrivateSkim /eos/uscms/store/group/lpcsusyhad/Spring15_74X_Nov_2015_Ntp_v3X/ZJetsToNuNu_HT-100To200_13TeV-madgraph/Spring15_74X_Nov_2015_Ntp_v3p1_RETRY_ZJetsToNuNu_HT-100To200/151113_024414/0000/stopFlatNtuples_95.root
./PrivateSkim /eos/uscms/store/group/lpcsusyhad/Spring15_74X_Nov_2015_Ntp_v3X/ZJetsToNuNu_HT-100To200_13TeV-madgraph/Spring15_74X_Nov_2015_Ntp_v3p1_RETRY_ZJetsToNuNu_HT-100To200/151113_024414/0000/stopFlatNtuples_96.root
./PrivateSkim /eos/uscms/store/group/lpcsusyhad/Spring15_74X_Nov_2015_Ntp_v3X/ZJetsToNuNu_HT-100To200_13TeV-madgraph/Spring15_74X_Nov_2015_Ntp_v3p1_RETRY_ZJetsToNuNu_HT-100To200/151113_024414/0000/stopFlatNtuples_97.root
./PrivateSkim /eos/uscms/store/group/lpcsusyhad/Spring15_74X_Nov_2015_Ntp_v3X/ZJetsToNuNu_HT-100To200_13TeV-madgraph/Spring15_74X_Nov_2015_Ntp_v3p1_RETRY_ZJetsToNuNu_HT-100To200/151113_024414/0000/stopFlatNtuples_98.root
./PrivateSkim /eos/uscms/store/group/lpcsusyhad/Spring15_74X_Nov_2015_Ntp_v3X/ZJetsToNuNu_HT-100To200_13TeV-madgraph/Spring15_74X_Nov_2015_Ntp_v3p1_RETRY_ZJetsToNuNu_HT-100To200/151113_024414/0000/stopFlatNtuples_99.root
./PrivateSkim /eos/uscms/store/group/lpcsusyhad/Spring15_74X_Nov_2015_Ntp_v3X/ZJetsToNuNu_HT-200To400_13TeV-madgraph/Spring15_74X_Nov_2015_Ntp_v3p1_RETRY_ZJetsToNuNu_HT-200To400/151113_024512/0000/stopFlatNtuples_1.root
./PrivateSkim /eos/uscms/store/group/lpcsusyhad/Spring15_74X_Nov_2015_Ntp_v3X/ZJetsToNuNu_HT-200To400_13TeV-madgraph/Spring15_74X_Nov_2015_Ntp_v3p1_RETRY_ZJetsToNuNu_HT-200To400/151113_024512/0000/stopFlatNtuples_10.root
./PrivateSkim /eos/uscms/store/group/lpcsusyhad/Spring15_74X_Nov_2015_Ntp_v3X/ZJetsToNuNu_HT-200To400_13TeV-madgraph/Spring15_74X_Nov_2015_Ntp_v3p1_RETRY_ZJetsToNuNu_HT-200To400/151113_024512/0000/stopFlatNtuples_100.root
./PrivateSkim /eos/uscms/store/group/lpcsusyhad/Spring15_74X_Nov_2015_Ntp_v3X/ZJetsToNuNu_HT-200To400_13TeV-madgraph/Spring15_74X_Nov_2015_Ntp_v3p1_RETRY_ZJetsToNuNu_HT-200To400/151113_024512/0000/stopFlatNtuples_101.root
./PrivateSkim /eos/uscms/store/group/lpcsusyhad/Spring15_74X_Nov_2015_Ntp_v3X/ZJetsToNuNu_HT-200To400_13TeV-madgraph/Spring15_74X_Nov_2015_Ntp_v3p1_RETRY_ZJetsToNuNu_HT-200To400/151113_024512/0000/stopFlatNtuples_102.root
./PrivateSkim /eos/uscms/store/group/lpcsusyhad/Spring15_74X_Nov_2015_Ntp_v3X/ZJetsToNuNu_HT-200To400_13TeV-madgraph/Spring15_74X_Nov_2015_Ntp_v3p1_RETRY_ZJetsToNuNu_HT-200To400/151113_024512/0000/stopFlatNtuples_103.root
./PrivateSkim /eos/uscms/store/group/lpcsusyhad/Spring15_74X_Nov_2015_Ntp_v3X/ZJetsToNuNu_HT-200To400_13TeV-madgraph/Spring15_74X_Nov_2015_Ntp_v3p1_RETRY_ZJetsToNuNu_HT-200To400/151113_024512/0000/stopFlatNtuples_104.root
./PrivateSkim /eos/uscms/store/group/lpcsusyhad/Spring15_74X_Nov_2015_Ntp_v3X/ZJetsToNuNu_HT-200To400_13TeV-madgraph/Spring15_74X_Nov_2015_Ntp_v3Output File Name: Skimmed_MET175_ZJetsToNuNu_HT-200To400_13TeV-madgraphstopFlatNtuples_105.root
Output File Name: Skimmed_MET175_ZJetsToNuNu_HT-200To400_13TeV-madgraphstopFlatNtuples_106.root
Output File Name: Skimmed_MET175_ZJetsToNuNu_HT-200To400_13TeV-madgraphstopFlatNtuples_107.root
Output File Name: Skimmed_MET175_ZJetsToNuNu_HT-200To400_13TeV-madgraphstopFlatNtuples_108.root
Output File Name: Skimmed_MET175_ZJetsToNuNu_HT-200To400_13TeV-madgraphstopFlatNtuples_109.root
Output File Name: Skimmed_MET175_ZJetsToNuNu_HT-200To400_13TeV-madgraphstopFlatNtuples_11.root
Output File Name: Skimmed_MET175_ZJetsToNuNu_HT-200To400_13TeV-madgraphstopFlatNtuples_110.root
Output File Name: Skimmed_MET175_ZJetsToNuNu_HT-200To400_13TeV-madgraphstopFlatNtuples_111.root
Output File Name: Skimmed_MET175_ZJetsToNuNu_HT-200To400_13TeV-madgraphstopFlatNtuples_112.root
Output File Name: Skimmed_MET175_ZJetsToNuNu_HT-200To400_13TeV-madgraphstopFlatNtuples_113.root
Output File Name: Skimmed_MET175_ZJetsToNuNu_HT-200To400_13TeV-madgraphstopFlatNtuples_114.root
Output File Name: Skimmed_MET175_ZJetsToNuNu_HT-200To400_13TeV-madgraphstopFlatNtuples_115.root
Output File Name: Skimmed_MET175_ZJetsToNuNu_HT-200To400_13TeV-madgraphstopFlatNtuples_116.root
Output File Name: Skimmed_MET175_ZJetsToNuNu_HT-200To400_13TeV-madgraphstopFlatNtuples_117.root
Output File Name: Skimmed_MET175_ZJetsToNuNu_HT-200To400_13TeV-madgraphstopFlatNtuples_118.root
Output File Name: Skimmed_MET175_ZJetsToNuNu_HT-200To400_13TeV-madgraphstopFlatNtuples_12.root
Output File Name: Skimmed_MET175_ZJetsToNuNu_HT-200To400_13TeV-madgraphstopFlatNtuples_13.root
Output File Name: Skimmed_MET175_ZJetsToNuNu_HT-200To400_13TeV-madgraphstopFlatNtuples_14.root
Output File Name: Skimmed_MET175_ZJetsToNuNu_HT-200To400_13TeV-madgraphstopFlatNtuples_15.root
p1_RETRY_ZJetsToNuNu_HT-200To400/151113_024512/0000/stopFlatNtuples_105.root
./PrivateSkim /eos/uscms/store/group/lpcsusyhad/Spring15_74X_Nov_2015_Ntp_v3X/ZJetsToNuNu_HT-200To400_13TeV-madgraph/Spring15_74X_Nov_2015_Ntp_v3p1_RETRY_ZJetsToNuNu_HT-200To400/151113_024512/0000/stopFlatNtuples_106.root
./PrivateSkim /eos/uscms/store/group/lpcsusyhad/Spring15_74X_Nov_2015_Ntp_v3X/ZJetsToNuNu_HT-200To400_13TeV-madgraph/Spring15_74X_Nov_2015_Ntp_v3p1_RETRY_ZJetsToNuNu_HT-200To400/151113_024512/0000/stopFlatNtuples_107.root
./PrivateSkim /eos/uscms/store/group/lpcsusyhad/Spring15_74X_Nov_2015_Ntp_v3X/ZJetsToNuNu_HT-200To400_13TeV-madgraph/Spring15_74X_Nov_2015_Ntp_v3p1_RETRY_ZJetsToNuNu_HT-200To400/151113_024512/0000/stopFlatNtuples_108.root
./PrivateSkim /eos/uscms/store/group/lpcsusyhad/Spring15_74X_Nov_2015_Ntp_v3X/ZJetsToNuNu_HT-200To400_13TeV-madgraph/Spring15_74X_Nov_2015_Ntp_v3p1_RETRY_ZJetsToNuNu_HT-200To400/151113_024512/0000/stopFlatNtuples_109.root
./PrivateSkim /eos/uscms/store/group/lpcsusyhad/Spring15_74X_Nov_2015_Ntp_v3X/ZJetsToNuNu_HT-200To400_13TeV-madgraph/Spring15_74X_Nov_2015_Ntp_v3p1_RETRY_ZJetsToNuNu_HT-200To400/151113_024512/0000/stopFlatNtuples_11.root
./PrivateSkim /eos/uscms/store/group/lpcsusyhad/Spring15_74X_Nov_2015_Ntp_v3X/ZJetsToNuNu_HT-200To400_13TeV-madgraph/Spring15_74X_Nov_2015_Ntp_v3p1_RETRY_ZJetsToNuNu_HT-200To400/151113_024512/0000/stopFlatNtuples_110.root
./PrivateSkim /eos/uscms/store/group/lpcsusyhad/Spring15_74X_Nov_2015_Ntp_v3X/ZJetsToNuNu_HT-200To400_13TeV-madgraph/Spring15_74X_Nov_2015_Ntp_v3p1_RETRY_ZJetsToNuNu_HT-200To400/151113_024512/0000/stopFlatNtuples_111.root
./PrivateSkim /eos/uscms/store/group/lpcsusyhad/Spring15_74X_Nov_2015_Ntp_v3X/ZJetsToNuNu_HT-200To400_13TeV-madgraph/Spring15_74X_Nov_2015_Ntp_v3p1_RETRY_ZJetsToNuNu_HT-200To400/151113_024512/0000/stopFlatNtuples_112.root
./PrivateSkim /eos/uscms/store/group/lpcsusyhad/Spring15_74X_Nov_2015_Ntp_v3X/ZJetsToNuNu_HT-200To400_13TeV-madgraph/Spring15_74X_Nov_2015_Ntp_v3p1_RETRY_ZJetsToNuNu_HT-200To400/151113_024512/0000/stopFlatNtuples_113.root
./PrivateSkim /eos/uscms/store/group/lpcsusyhad/Spring15_74X_Nov_2015_Ntp_v3X/ZJetsToNuNu_HT-200To400_13TeV-madgraph/Spring15_74X_Nov_2015_Ntp_v3p1_RETRY_ZJetsToNuNu_HT-200To400/151113_024512/0000/stopFlatNtuples_114.root
./PrivateSkim /eos/uscms/store/group/lpcsusyhad/Spring15_74X_Nov_2015_Ntp_v3X/ZJetsToNuNu_HT-200To400_13TeV-madgraph/Spring15_74X_Nov_2015_Ntp_v3p1_RETRY_ZJetsToNuNu_HT-200To400/151113_024512/0000/stopFlatNtuples_115.root
./PrivateSkim /eos/uscms/store/group/lpcsusyhad/Spring15_74X_Nov_2015_Ntp_v3X/ZJetsToNuNu_HT-200To400_13TeV-madgraph/Spring15_74X_Nov_2015_Ntp_v3p1_RETRY_ZJetsToNuNu_HT-200To400/151113_024512/0000/stopFlatNtuples_116.root
./PrivateSkim /eos/uscms/store/group/lpcsusyhad/Spring15_74X_Nov_2015_Ntp_v3X/ZJetsToNuNu_HT-200To400_13TeV-madgraph/Spring15_74X_Nov_2015_Ntp_v3p1_RETRY_ZJetsToNuNu_HT-200To400/151113_024512/0000/stopFlatNtuples_117.root
./PrivateSkim /eos/uscms/store/group/lpcsusyhad/Spring15_74X_Nov_2015_Ntp_v3X/ZJetsToNuNu_HT-200To400_13TeV-madgraph/Spring15_74X_Nov_2015_Ntp_v3p1_RETRY_ZJetsToNuNu_HT-200To400/151113_024512/0000/stopFlatNtuples_118.root
./PrivateSkim /eos/uscms/store/group/lpcsusyhad/Spring15_74X_Nov_2015_Ntp_v3X/ZJetsToNuNu_HT-200To400_13TeV-madgraph/Spring15_74X_Nov_2015_Ntp_v3p1_RETRY_ZJetsToNuNu_HT-200To400/151113_024512/0000/stopFlatNtuples_12.root
./PrivateSkim /eos/uscms/store/group/lpcsusyhad/Spring15_74X_Nov_2015_Ntp_v3X/ZJetsToNuNu_HT-200To400_13TeV-madgraph/Spring15_74X_Nov_2015_Ntp_v3p1_RETRY_ZJetsToNuNu_HT-200To400/151113_024512/0000/stopFlatNtuples_13.root
./PrivateSkim /eos/uscms/store/group/lpcsusyhad/Spring15_74X_Nov_2015_Ntp_v3X/ZJetsToNuNu_HT-200To400_13TeV-madgraph/Spring15_74X_Nov_2015_Ntp_v3p1_RETRY_ZJetsToNuNu_HT-200To400/151113_024512/0000/stopFlatNtuples_14.root
./PrivateSkim /eos/uscms/store/group/lpcsusyhad/Spring15_74X_Nov_2015_Ntp_v3X/ZJetsToNuNu_HT-200To400_13TeV-madgraph/Spring15_74X_Nov_2015_Ntp_v3p1_RETRY_ZJetsToNuNu_HT-200To400/151113_024512/0000/stopFlatNtuples_15.root
./PrivateSkim /eos/uscms/stoOutput File Name: Skimmed_MET175_ZJetsToNuNu_HT-200To400_13TeV-madgraphstopFlatNtuples_16.root
Output File Name: Skimmed_MET175_ZJetsToNuNu_HT-200To400_13TeV-madgraphstopFlatNtuples_17.root
Output File Name: Skimmed_MET175_ZJetsToNuNu_HT-200To400_13TeV-madgraphstopFlatNtuples_18.root
Output File Name: Skimmed_MET175_ZJetsToNuNu_HT-200To400_13TeV-madgraphstopFlatNtuples_19.root
Output File Name: Skimmed_MET175_ZJetsToNuNu_HT-200To400_13TeV-madgraphstopFlatNtuples_2.root
Output File Name: Skimmed_MET175_ZJetsToNuNu_HT-200To400_13TeV-madgraphstopFlatNtuples_20.root
Output File Name: Skimmed_MET175_ZJetsToNuNu_HT-200To400_13TeV-madgraphstopFlatNtuples_21.root
Output File Name: Skimmed_MET175_ZJetsToNuNu_HT-200To400_13TeV-madgraphstopFlatNtuples_22.root
Output File Name: Skimmed_MET175_ZJetsToNuNu_HT-200To400_13TeV-madgraphstopFlatNtuples_23.root
Output File Name: Skimmed_MET175_ZJetsToNuNu_HT-200To400_13TeV-madgraphstopFlatNtuples_24.root
Output File Name: Skimmed_MET175_ZJetsToNuNu_HT-200To400_13TeV-madgraphstopFlatNtuples_25.root
Output File Name: Skimmed_MET175_ZJetsToNuNu_HT-200To400_13TeV-madgraphstopFlatNtuples_26.root
Output File Name: Skimmed_MET175_ZJetsToNuNu_HT-200To400_13TeV-madgraphstopFlatNtuples_27.root
Output File Name: Skimmed_MET175_ZJetsToNuNu_HT-200To400_13TeV-madgraphstopFlatNtuples_28.root
Output File Name: Skimmed_MET175_ZJetsToNuNu_HT-200To400_13TeV-madgraphstopFlatNtuples_29.root
Output File Name: Skimmed_MET175_ZJetsToNuNu_HT-200To400_13TeV-madgraphstopFlatNtuples_3.root
Output File Name: Skimmed_MET175_ZJetsToNuNu_HT-200To400_13TeV-madgraphstopFlatNtuples_30.root
Output File Name: Skimmed_MET175_ZJetsToNuNu_HT-200To400_13TeV-madgraphstopFlatNtuples_31.root
re/group/lpcsusyhad/Spring15_74X_Nov_2015_Ntp_v3X/ZJetsToNuNu_HT-200To400_13TeV-madgraph/Spring15_74X_Nov_2015_Ntp_v3p1_RETRY_ZJetsToNuNu_HT-200To400/151113_024512/0000/stopFlatNtuples_16.root
./PrivateSkim /eos/uscms/store/group/lpcsusyhad/Spring15_74X_Nov_2015_Ntp_v3X/ZJetsToNuNu_HT-200To400_13TeV-madgraph/Spring15_74X_Nov_2015_Ntp_v3p1_RETRY_ZJetsToNuNu_HT-200To400/151113_024512/0000/stopFlatNtuples_17.root
./PrivateSkim /eos/uscms/store/group/lpcsusyhad/Spring15_74X_Nov_2015_Ntp_v3X/ZJetsToNuNu_HT-200To400_13TeV-madgraph/Spring15_74X_Nov_2015_Ntp_v3p1_RETRY_ZJetsToNuNu_HT-200To400/151113_024512/0000/stopFlatNtuples_18.root
./PrivateSkim /eos/uscms/store/group/lpcsusyhad/Spring15_74X_Nov_2015_Ntp_v3X/ZJetsToNuNu_HT-200To400_13TeV-madgraph/Spring15_74X_Nov_2015_Ntp_v3p1_RETRY_ZJetsToNuNu_HT-200To400/151113_024512/0000/stopFlatNtuples_19.root
./PrivateSkim /eos/uscms/store/group/lpcsusyhad/Spring15_74X_Nov_2015_Ntp_v3X/ZJetsToNuNu_HT-200To400_13TeV-madgraph/Spring15_74X_Nov_2015_Ntp_v3p1_RETRY_ZJetsToNuNu_HT-200To400/151113_024512/0000/stopFlatNtuples_2.root
./PrivateSkim /eos/uscms/store/group/lpcsusyhad/Spring15_74X_Nov_2015_Ntp_v3X/ZJetsToNuNu_HT-200To400_13TeV-madgraph/Spring15_74X_Nov_2015_Ntp_v3p1_RETRY_ZJetsToNuNu_HT-200To400/151113_024512/0000/stopFlatNtuples_20.root
./PrivateSkim /eos/uscms/store/group/lpcsusyhad/Spring15_74X_Nov_2015_Ntp_v3X/ZJetsToNuNu_HT-200To400_13TeV-madgraph/Spring15_74X_Nov_2015_Ntp_v3p1_RETRY_ZJetsToNuNu_HT-200To400/151113_024512/0000/stopFlatNtuples_21.root
./PrivateSkim /eos/uscms/store/group/lpcsusyhad/Spring15_74X_Nov_2015_Ntp_v3X/ZJetsToNuNu_HT-200To400_13TeV-madgraph/Spring15_74X_Nov_2015_Ntp_v3p1_RETRY_ZJetsToNuNu_HT-200To400/151113_024512/0000/stopFlatNtuples_22.root
./PrivateSkim /eos/uscms/store/group/lpcsusyhad/Spring15_74X_Nov_2015_Ntp_v3X/ZJetsToNuNu_HT-200To400_13TeV-madgraph/Spring15_74X_Nov_2015_Ntp_v3p1_RETRY_ZJetsToNuNu_HT-200To400/151113_024512/0000/stopFlatNtuples_23.root
./PrivateSkim /eos/uscms/store/group/lpcsusyhad/Spring15_74X_Nov_2015_Ntp_v3X/ZJetsToNuNu_HT-200To400_13TeV-madgraph/Spring15_74X_Nov_2015_Ntp_v3p1_RETRY_ZJetsToNuNu_HT-200To400/151113_024512/0000/stopFlatNtuples_24.root
./PrivateSkim /eos/uscms/store/group/lpcsusyhad/Spring15_74X_Nov_2015_Ntp_v3X/ZJetsToNuNu_HT-200To400_13TeV-madgraph/Spring15_74X_Nov_2015_Ntp_v3p1_RETRY_ZJetsToNuNu_HT-200To400/151113_024512/0000/stopFlatNtuples_25.root
./PrivateSkim /eos/uscms/store/group/lpcsusyhad/Spring15_74X_Nov_2015_Ntp_v3X/ZJetsToNuNu_HT-200To400_13TeV-madgraph/Spring15_74X_Nov_2015_Ntp_v3p1_RETRY_ZJetsToNuNu_HT-200To400/151113_024512/0000/stopFlatNtuples_26.root
./PrivateSkim /eos/uscms/store/group/lpcsusyhad/Spring15_74X_Nov_2015_Ntp_v3X/ZJetsToNuNu_HT-200To400_13TeV-madgraph/Spring15_74X_Nov_2015_Ntp_v3p1_RETRY_ZJetsToNuNu_HT-200To400/151113_024512/0000/stopFlatNtuples_27.root
./PrivateSkim /eos/uscms/store/group/lpcsusyhad/Spring15_74X_Nov_2015_Ntp_v3X/ZJetsToNuNu_HT-200To400_13TeV-madgraph/Spring15_74X_Nov_2015_Ntp_v3p1_RETRY_ZJetsToNuNu_HT-200To400/151113_024512/0000/stopFlatNtuples_28.root
./PrivateSkim /eos/uscms/store/group/lpcsusyhad/Spring15_74X_Nov_2015_Ntp_v3X/ZJetsToNuNu_HT-200To400_13TeV-madgraph/Spring15_74X_Nov_2015_Ntp_v3p1_RETRY_ZJetsToNuNu_HT-200To400/151113_024512/0000/stopFlatNtuples_29.root
./PrivateSkim /eos/uscms/store/group/lpcsusyhad/Spring15_74X_Nov_2015_Ntp_v3X/ZJetsToNuNu_HT-200To400_13TeV-madgraph/Spring15_74X_Nov_2015_Ntp_v3p1_RETRY_ZJetsToNuNu_HT-200To400/151113_024512/0000/stopFlatNtuples_3.root
./PrivateSkim /eos/uscms/store/group/lpcsusyhad/Spring15_74X_Nov_2015_Ntp_v3X/ZJetsToNuNu_HT-200To400_13TeV-madgraph/Spring15_74X_Nov_2015_Ntp_v3p1_RETRY_ZJetsToNuNu_HT-200To400/151113_024512/0000/stopFlatNtuples_30.root
./PrivateSkim /eos/uscms/store/group/lpcsusyhad/Spring15_74X_Nov_2015_Ntp_v3X/ZJetsToNuNu_HT-200To400_13TeV-madgraph/Spring15_74X_Nov_2015_Ntp_v3p1_RETRY_ZJetsToNuNu_HT-200To400/151113_024512/0000/stopFlatNtuples_31.root
./PrivateSkim /eos/uscms/store/group/lpcsusyhad/Spring15_74X_Nov_2015_Ntp_v3X/ZJetsToNuNu_HT-200To400_13TeV-madgraph/Spring15_74X_Nov_2015_Ntp_v3p1_Output File Name: Skimmed_MET175_ZJetsToNuNu_HT-200To400_13TeV-madgraphstopFlatNtuples_32.root
Output File Name: Skimmed_MET175_ZJetsToNuNu_HT-200To400_13TeV-madgraphstopFlatNtuples_33.root
Output File Name: Skimmed_MET175_ZJetsToNuNu_HT-200To400_13TeV-madgraphstopFlatNtuples_34.root
Output File Name: Skimmed_MET175_ZJetsToNuNu_HT-200To400_13TeV-madgraphstopFlatNtuples_35.root
Output File Name: Skimmed_MET175_ZJetsToNuNu_HT-200To400_13TeV-madgraphstopFlatNtuples_36.root
Output File Name: Skimmed_MET175_ZJetsToNuNu_HT-200To400_13TeV-madgraphstopFlatNtuples_37.root
Output File Name: Skimmed_MET175_ZJetsToNuNu_HT-200To400_13TeV-madgraphstopFlatNtuples_38.root
Output File Name: Skimmed_MET175_ZJetsToNuNu_HT-200To400_13TeV-madgraphstopFlatNtuples_39.root
Output File Name: Skimmed_MET175_ZJetsToNuNu_HT-200To400_13TeV-madgraphstopFlatNtuples_4.root
Output File Name: Skimmed_MET175_ZJetsToNuNu_HT-200To400_13TeV-madgraphstopFlatNtuples_40.root
Output File Name: Skimmed_MET175_ZJetsToNuNu_HT-200To400_13TeV-madgraphstopFlatNtuples_41.root
Output File Name: Skimmed_MET175_ZJetsToNuNu_HT-200To400_13TeV-madgraphstopFlatNtuples_42.root
Output File Name: Skimmed_MET175_ZJetsToNuNu_HT-200To400_13TeV-madgraphstopFlatNtuples_43.root
Output File Name: Skimmed_MET175_ZJetsToNuNu_HT-200To400_13TeV-madgraphstopFlatNtuples_44.root
Output File Name: Skimmed_MET175_ZJetsToNuNu_HT-200To400_13TeV-madgraphstopFlatNtuples_45.root
Output File Name: Skimmed_MET175_ZJetsToNuNu_HT-200To400_13TeV-madgraphstopFlatNtuples_46.root
Output File Name: Skimmed_MET175_ZJetsToNuNu_HT-200To400_13TeV-madgraphstopFlatNtuples_47.root
Output File Name: Skimmed_MET175_ZJetsToNuNu_HT-200To400_13TeV-madgraphstopFlatNtuples_48.root
Output File Name: Skimmed_MET175_ZJetsToNuNu_HT-200To400_13TeV-madgraphstopFlatNtuples_49.root
RETRY_ZJetsToNuNu_HT-200To400/151113_024512/0000/stopFlatNtuples_32.root
./PrivateSkim /eos/uscms/store/group/lpcsusyhad/Spring15_74X_Nov_2015_Ntp_v3X/ZJetsToNuNu_HT-200To400_13TeV-madgraph/Spring15_74X_Nov_2015_Ntp_v3p1_RETRY_ZJetsToNuNu_HT-200To400/151113_024512/0000/stopFlatNtuples_33.root
./PrivateSkim /eos/uscms/store/group/lpcsusyhad/Spring15_74X_Nov_2015_Ntp_v3X/ZJetsToNuNu_HT-200To400_13TeV-madgraph/Spring15_74X_Nov_2015_Ntp_v3p1_RETRY_ZJetsToNuNu_HT-200To400/151113_024512/0000/stopFlatNtuples_34.root
./PrivateSkim /eos/uscms/store/group/lpcsusyhad/Spring15_74X_Nov_2015_Ntp_v3X/ZJetsToNuNu_HT-200To400_13TeV-madgraph/Spring15_74X_Nov_2015_Ntp_v3p1_RETRY_ZJetsToNuNu_HT-200To400/151113_024512/0000/stopFlatNtuples_35.root
./PrivateSkim /eos/uscms/store/group/lpcsusyhad/Spring15_74X_Nov_2015_Ntp_v3X/ZJetsToNuNu_HT-200To400_13TeV-madgraph/Spring15_74X_Nov_2015_Ntp_v3p1_RETRY_ZJetsToNuNu_HT-200To400/151113_024512/0000/stopFlatNtuples_36.root
./PrivateSkim /eos/uscms/store/group/lpcsusyhad/Spring15_74X_Nov_2015_Ntp_v3X/ZJetsToNuNu_HT-200To400_13TeV-madgraph/Spring15_74X_Nov_2015_Ntp_v3p1_RETRY_ZJetsToNuNu_HT-200To400/151113_024512/0000/stopFlatNtuples_37.root
./PrivateSkim /eos/uscms/store/group/lpcsusyhad/Spring15_74X_Nov_2015_Ntp_v3X/ZJetsToNuNu_HT-200To400_13TeV-madgraph/Spring15_74X_Nov_2015_Ntp_v3p1_RETRY_ZJetsToNuNu_HT-200To400/151113_024512/0000/stopFlatNtuples_38.root
./PrivateSkim /eos/uscms/store/group/lpcsusyhad/Spring15_74X_Nov_2015_Ntp_v3X/ZJetsToNuNu_HT-200To400_13TeV-madgraph/Spring15_74X_Nov_2015_Ntp_v3p1_RETRY_ZJetsToNuNu_HT-200To400/151113_024512/0000/stopFlatNtuples_39.root
./PrivateSkim /eos/uscms/store/group/lpcsusyhad/Spring15_74X_Nov_2015_Ntp_v3X/ZJetsToNuNu_HT-200To400_13TeV-madgraph/Spring15_74X_Nov_2015_Ntp_v3p1_RETRY_ZJetsToNuNu_HT-200To400/151113_024512/0000/stopFlatNtuples_4.root
./PrivateSkim /eos/uscms/store/group/lpcsusyhad/Spring15_74X_Nov_2015_Ntp_v3X/ZJetsToNuNu_HT-200To400_13TeV-madgraph/Spring15_74X_Nov_2015_Ntp_v3p1_RETRY_ZJetsToNuNu_HT-200To400/151113_024512/0000/stopFlatNtuples_40.root
./PrivateSkim /eos/uscms/store/group/lpcsusyhad/Spring15_74X_Nov_2015_Ntp_v3X/ZJetsToNuNu_HT-200To400_13TeV-madgraph/Spring15_74X_Nov_2015_Ntp_v3p1_RETRY_ZJetsToNuNu_HT-200To400/151113_024512/0000/stopFlatNtuples_41.root
./PrivateSkim /eos/uscms/store/group/lpcsusyhad/Spring15_74X_Nov_2015_Ntp_v3X/ZJetsToNuNu_HT-200To400_13TeV-madgraph/Spring15_74X_Nov_2015_Ntp_v3p1_RETRY_ZJetsToNuNu_HT-200To400/151113_024512/0000/stopFlatNtuples_42.root
./PrivateSkim /eos/uscms/store/group/lpcsusyhad/Spring15_74X_Nov_2015_Ntp_v3X/ZJetsToNuNu_HT-200To400_13TeV-madgraph/Spring15_74X_Nov_2015_Ntp_v3p1_RETRY_ZJetsToNuNu_HT-200To400/151113_024512/0000/stopFlatNtuples_43.root
./PrivateSkim /eos/uscms/store/group/lpcsusyhad/Spring15_74X_Nov_2015_Ntp_v3X/ZJetsToNuNu_HT-200To400_13TeV-madgraph/Spring15_74X_Nov_2015_Ntp_v3p1_RETRY_ZJetsToNuNu_HT-200To400/151113_024512/0000/stopFlatNtuples_44.root
./PrivateSkim /eos/uscms/store/group/lpcsusyhad/Spring15_74X_Nov_2015_Ntp_v3X/ZJetsToNuNu_HT-200To400_13TeV-madgraph/Spring15_74X_Nov_2015_Ntp_v3p1_RETRY_ZJetsToNuNu_HT-200To400/151113_024512/0000/stopFlatNtuples_45.root
./PrivateSkim /eos/uscms/store/group/lpcsusyhad/Spring15_74X_Nov_2015_Ntp_v3X/ZJetsToNuNu_HT-200To400_13TeV-madgraph/Spring15_74X_Nov_2015_Ntp_v3p1_RETRY_ZJetsToNuNu_HT-200To400/151113_024512/0000/stopFlatNtuples_46.root
./PrivateSkim /eos/uscms/store/group/lpcsusyhad/Spring15_74X_Nov_2015_Ntp_v3X/ZJetsToNuNu_HT-200To400_13TeV-madgraph/Spring15_74X_Nov_2015_Ntp_v3p1_RETRY_ZJetsToNuNu_HT-200To400/151113_024512/0000/stopFlatNtuples_47.root
./PrivateSkim /eos/uscms/store/group/lpcsusyhad/Spring15_74X_Nov_2015_Ntp_v3X/ZJetsToNuNu_HT-200To400_13TeV-madgraph/Spring15_74X_Nov_2015_Ntp_v3p1_RETRY_ZJetsToNuNu_HT-200To400/151113_024512/0000/stopFlatNtuples_48.root
./PrivateSkim /eos/uscms/store/group/lpcsusyhad/Spring15_74X_Nov_2015_Ntp_v3X/ZJetsToNuNu_HT-200To400_13TeV-madgraph/Spring15_74X_Nov_2015_Ntp_v3p1_RETRY_ZJetsToNuNu_HT-200To400/151113_024512/0000/stopFlatNtuples_49.root
./PrivateSkim /eos/uscms/store/group/lpcsusyhaOutput File Name: Skimmed_MET175_ZJetsToNuNu_HT-200To400_13TeV-madgraphstopFlatNtuples_5.root
Output File Name: Skimmed_MET175_ZJetsToNuNu_HT-200To400_13TeV-madgraphstopFlatNtuples_50.root
Output File Name: Skimmed_MET175_ZJetsToNuNu_HT-200To400_13TeV-madgraphstopFlatNtuples_51.root
Output File Name: Skimmed_MET175_ZJetsToNuNu_HT-200To400_13TeV-madgraphstopFlatNtuples_52.root
Output File Name: Skimmed_MET175_ZJetsToNuNu_HT-200To400_13TeV-madgraphstopFlatNtuples_53.root
Output File Name: Skimmed_MET175_ZJetsToNuNu_HT-200To400_13TeV-madgraphstopFlatNtuples_54.root
Output File Name: Skimmed_MET175_ZJetsToNuNu_HT-200To400_13TeV-madgraphstopFlatNtuples_55.root
Output File Name: Skimmed_MET175_ZJetsToNuNu_HT-200To400_13TeV-madgraphstopFlatNtuples_56.root
Output File Name: Skimmed_MET175_ZJetsToNuNu_HT-200To400_13TeV-madgraphstopFlatNtuples_57.root
Output File Name: Skimmed_MET175_ZJetsToNuNu_HT-200To400_13TeV-madgraphstopFlatNtuples_58.root
Output File Name: Skimmed_MET175_ZJetsToNuNu_HT-200To400_13TeV-madgraphstopFlatNtuples_59.root
Output File Name: Skimmed_MET175_ZJetsToNuNu_HT-200To400_13TeV-madgraphstopFlatNtuples_6.root
Output File Name: Skimmed_MET175_ZJetsToNuNu_HT-200To400_13TeV-madgraphstopFlatNtuples_60.root
Output File Name: Skimmed_MET175_ZJetsToNuNu_HT-200To400_13TeV-madgraphstopFlatNtuples_61.root
Output File Name: Skimmed_MET175_ZJetsToNuNu_HT-200To400_13TeV-madgraphstopFlatNtuples_62.root
Output File Name: Skimmed_MET175_ZJetsToNuNu_HT-200To400_13TeV-madgraphstopFlatNtuples_63.root
Output File Name: Skimmed_MET175_ZJetsToNuNu_HT-200To400_13TeV-madgraphstopFlatNtuples_64.root
Output File Name: Skimmed_MET175_ZJetsToNuNu_HT-200To400_13TeV-madgraphstopFlatNtuples_65.root
d/Spring15_74X_Nov_2015_Ntp_v3X/ZJetsToNuNu_HT-200To400_13TeV-madgraph/Spring15_74X_Nov_2015_Ntp_v3p1_RETRY_ZJetsToNuNu_HT-200To400/151113_024512/0000/stopFlatNtuples_5.root
./PrivateSkim /eos/uscms/store/group/lpcsusyhad/Spring15_74X_Nov_2015_Ntp_v3X/ZJetsToNuNu_HT-200To400_13TeV-madgraph/Spring15_74X_Nov_2015_Ntp_v3p1_RETRY_ZJetsToNuNu_HT-200To400/151113_024512/0000/stopFlatNtuples_50.root
./PrivateSkim /eos/uscms/store/group/lpcsusyhad/Spring15_74X_Nov_2015_Ntp_v3X/ZJetsToNuNu_HT-200To400_13TeV-madgraph/Spring15_74X_Nov_2015_Ntp_v3p1_RETRY_ZJetsToNuNu_HT-200To400/151113_024512/0000/stopFlatNtuples_51.root
./PrivateSkim /eos/uscms/store/group/lpcsusyhad/Spring15_74X_Nov_2015_Ntp_v3X/ZJetsToNuNu_HT-200To400_13TeV-madgraph/Spring15_74X_Nov_2015_Ntp_v3p1_RETRY_ZJetsToNuNu_HT-200To400/151113_024512/0000/stopFlatNtuples_52.root
./PrivateSkim /eos/uscms/store/group/lpcsusyhad/Spring15_74X_Nov_2015_Ntp_v3X/ZJetsToNuNu_HT-200To400_13TeV-madgraph/Spring15_74X_Nov_2015_Ntp_v3p1_RETRY_ZJetsToNuNu_HT-200To400/151113_024512/0000/stopFlatNtuples_53.root
./PrivateSkim /eos/uscms/store/group/lpcsusyhad/Spring15_74X_Nov_2015_Ntp_v3X/ZJetsToNuNu_HT-200To400_13TeV-madgraph/Spring15_74X_Nov_2015_Ntp_v3p1_RETRY_ZJetsToNuNu_HT-200To400/151113_024512/0000/stopFlatNtuples_54.root
./PrivateSkim /eos/uscms/store/group/lpcsusyhad/Spring15_74X_Nov_2015_Ntp_v3X/ZJetsToNuNu_HT-200To400_13TeV-madgraph/Spring15_74X_Nov_2015_Ntp_v3p1_RETRY_ZJetsToNuNu_HT-200To400/151113_024512/0000/stopFlatNtuples_55.root
./PrivateSkim /eos/uscms/store/group/lpcsusyhad/Spring15_74X_Nov_2015_Ntp_v3X/ZJetsToNuNu_HT-200To400_13TeV-madgraph/Spring15_74X_Nov_2015_Ntp_v3p1_RETRY_ZJetsToNuNu_HT-200To400/151113_024512/0000/stopFlatNtuples_56.root
./PrivateSkim /eos/uscms/store/group/lpcsusyhad/Spring15_74X_Nov_2015_Ntp_v3X/ZJetsToNuNu_HT-200To400_13TeV-madgraph/Spring15_74X_Nov_2015_Ntp_v3p1_RETRY_ZJetsToNuNu_HT-200To400/151113_024512/0000/stopFlatNtuples_57.root
./PrivateSkim /eos/uscms/store/group/lpcsusyhad/Spring15_74X_Nov_2015_Ntp_v3X/ZJetsToNuNu_HT-200To400_13TeV-madgraph/Spring15_74X_Nov_2015_Ntp_v3p1_RETRY_ZJetsToNuNu_HT-200To400/151113_024512/0000/stopFlatNtuples_58.root
./PrivateSkim /eos/uscms/store/group/lpcsusyhad/Spring15_74X_Nov_2015_Ntp_v3X/ZJetsToNuNu_HT-200To400_13TeV-madgraph/Spring15_74X_Nov_2015_Ntp_v3p1_RETRY_ZJetsToNuNu_HT-200To400/151113_024512/0000/stopFlatNtuples_59.root
./PrivateSkim /eos/uscms/store/group/lpcsusyhad/Spring15_74X_Nov_2015_Ntp_v3X/ZJetsToNuNu_HT-200To400_13TeV-madgraph/Spring15_74X_Nov_2015_Ntp_v3p1_RETRY_ZJetsToNuNu_HT-200To400/151113_024512/0000/stopFlatNtuples_6.root
./PrivateSkim /eos/uscms/store/group/lpcsusyhad/Spring15_74X_Nov_2015_Ntp_v3X/ZJetsToNuNu_HT-200To400_13TeV-madgraph/Spring15_74X_Nov_2015_Ntp_v3p1_RETRY_ZJetsToNuNu_HT-200To400/151113_024512/0000/stopFlatNtuples_60.root
./PrivateSkim /eos/uscms/store/group/lpcsusyhad/Spring15_74X_Nov_2015_Ntp_v3X/ZJetsToNuNu_HT-200To400_13TeV-madgraph/Spring15_74X_Nov_2015_Ntp_v3p1_RETRY_ZJetsToNuNu_HT-200To400/151113_024512/0000/stopFlatNtuples_61.root
./PrivateSkim /eos/uscms/store/group/lpcsusyhad/Spring15_74X_Nov_2015_Ntp_v3X/ZJetsToNuNu_HT-200To400_13TeV-madgraph/Spring15_74X_Nov_2015_Ntp_v3p1_RETRY_ZJetsToNuNu_HT-200To400/151113_024512/0000/stopFlatNtuples_62.root
./PrivateSkim /eos/uscms/store/group/lpcsusyhad/Spring15_74X_Nov_2015_Ntp_v3X/ZJetsToNuNu_HT-200To400_13TeV-madgraph/Spring15_74X_Nov_2015_Ntp_v3p1_RETRY_ZJetsToNuNu_HT-200To400/151113_024512/0000/stopFlatNtuples_63.root
./PrivateSkim /eos/uscms/store/group/lpcsusyhad/Spring15_74X_Nov_2015_Ntp_v3X/ZJetsToNuNu_HT-200To400_13TeV-madgraph/Spring15_74X_Nov_2015_Ntp_v3p1_RETRY_ZJetsToNuNu_HT-200To400/151113_024512/0000/stopFlatNtuples_64.root
./PrivateSkim /eos/uscms/store/group/lpcsusyhad/Spring15_74X_Nov_2015_Ntp_v3X/ZJetsToNuNu_HT-200To400_13TeV-madgraph/Spring15_74X_Nov_2015_Ntp_v3p1_RETRY_ZJetsToNuNu_HT-200To400/151113_024512/0000/stopFlatNtuples_65.root
./PrivateSkim /eos/uscms/store/group/lpcsusyhad/Spring15_74X_Nov_2015_Ntp_v3X/ZJetsToNuNu_HT-200To400_13TeV-madgraph/Spring15_74X_Nov_2015_Ntp_v3p1_RETRY_ZJetsToNuNu_Output File Name: Skimmed_MET175_ZJetsToNuNu_HT-200To400_13TeV-madgraphstopFlatNtuples_66.root
Output File Name: Skimmed_MET175_ZJetsToNuNu_HT-200To400_13TeV-madgraphstopFlatNtuples_67.root
Output File Name: Skimmed_MET175_ZJetsToNuNu_HT-200To400_13TeV-madgraphstopFlatNtuples_68.root
Output File Name: Skimmed_MET175_ZJetsToNuNu_HT-200To400_13TeV-madgraphstopFlatNtuples_69.root
Output File Name: Skimmed_MET175_ZJetsToNuNu_HT-200To400_13TeV-madgraphstopFlatNtuples_7.root
Output File Name: Skimmed_MET175_ZJetsToNuNu_HT-200To400_13TeV-madgraphstopFlatNtuples_70.root
Output File Name: Skimmed_MET175_ZJetsToNuNu_HT-200To400_13TeV-madgraphstopFlatNtuples_71.root
Output File Name: Skimmed_MET175_ZJetsToNuNu_HT-200To400_13TeV-madgraphstopFlatNtuples_72.root
Output File Name: Skimmed_MET175_ZJetsToNuNu_HT-200To400_13TeV-madgraphstopFlatNtuples_73.root
Output File Name: Skimmed_MET175_ZJetsToNuNu_HT-200To400_13TeV-madgraphstopFlatNtuples_74.root
Output File Name: Skimmed_MET175_ZJetsToNuNu_HT-200To400_13TeV-madgraphstopFlatNtuples_75.root
Output File Name: Skimmed_MET175_ZJetsToNuNu_HT-200To400_13TeV-madgraphstopFlatNtuples_76.root
Output File Name: Skimmed_MET175_ZJetsToNuNu_HT-200To400_13TeV-madgraphstopFlatNtuples_77.root
Output File Name: Skimmed_MET175_ZJetsToNuNu_HT-200To400_13TeV-madgraphstopFlatNtuples_78.root
Output File Name: Skimmed_MET175_ZJetsToNuNu_HT-200To400_13TeV-madgraphstopFlatNtuples_79.root
Output File Name: Skimmed_MET175_ZJetsToNuNu_HT-200To400_13TeV-madgraphstopFlatNtuples_8.root
Output File Name: Skimmed_MET175_ZJetsToNuNu_HT-200To400_13TeV-madgraphstopFlatNtuples_80.root
Output File Name: Skimmed_MET175_ZJetsToNuNu_HT-200To400_13TeV-madgraphstopFlatNtuples_81.root
Output File Name: Skimmed_MET175_ZJetsToNuNu_HT-200To400_13TeV-madgraphstopFlatNtuples_82.root
HT-200To400/151113_024512/0000/stopFlatNtuples_66.root
./PrivateSkim /eos/uscms/store/group/lpcsusyhad/Spring15_74X_Nov_2015_Ntp_v3X/ZJetsToNuNu_HT-200To400_13TeV-madgraph/Spring15_74X_Nov_2015_Ntp_v3p1_RETRY_ZJetsToNuNu_HT-200To400/151113_024512/0000/stopFlatNtuples_67.root
./PrivateSkim /eos/uscms/store/group/lpcsusyhad/Spring15_74X_Nov_2015_Ntp_v3X/ZJetsToNuNu_HT-200To400_13TeV-madgraph/Spring15_74X_Nov_2015_Ntp_v3p1_RETRY_ZJetsToNuNu_HT-200To400/151113_024512/0000/stopFlatNtuples_68.root
./PrivateSkim /eos/uscms/store/group/lpcsusyhad/Spring15_74X_Nov_2015_Ntp_v3X/ZJetsToNuNu_HT-200To400_13TeV-madgraph/Spring15_74X_Nov_2015_Ntp_v3p1_RETRY_ZJetsToNuNu_HT-200To400/151113_024512/0000/stopFlatNtuples_69.root
./PrivateSkim /eos/uscms/store/group/lpcsusyhad/Spring15_74X_Nov_2015_Ntp_v3X/ZJetsToNuNu_HT-200To400_13TeV-madgraph/Spring15_74X_Nov_2015_Ntp_v3p1_RETRY_ZJetsToNuNu_HT-200To400/151113_024512/0000/stopFlatNtuples_7.root
./PrivateSkim /eos/uscms/store/group/lpcsusyhad/Spring15_74X_Nov_2015_Ntp_v3X/ZJetsToNuNu_HT-200To400_13TeV-madgraph/Spring15_74X_Nov_2015_Ntp_v3p1_RETRY_ZJetsToNuNu_HT-200To400/151113_024512/0000/stopFlatNtuples_70.root
./PrivateSkim /eos/uscms/store/group/lpcsusyhad/Spring15_74X_Nov_2015_Ntp_v3X/ZJetsToNuNu_HT-200To400_13TeV-madgraph/Spring15_74X_Nov_2015_Ntp_v3p1_RETRY_ZJetsToNuNu_HT-200To400/151113_024512/0000/stopFlatNtuples_71.root
./PrivateSkim /eos/uscms/store/group/lpcsusyhad/Spring15_74X_Nov_2015_Ntp_v3X/ZJetsToNuNu_HT-200To400_13TeV-madgraph/Spring15_74X_Nov_2015_Ntp_v3p1_RETRY_ZJetsToNuNu_HT-200To400/151113_024512/0000/stopFlatNtuples_72.root
./PrivateSkim /eos/uscms/store/group/lpcsusyhad/Spring15_74X_Nov_2015_Ntp_v3X/ZJetsToNuNu_HT-200To400_13TeV-madgraph/Spring15_74X_Nov_2015_Ntp_v3p1_RETRY_ZJetsToNuNu_HT-200To400/151113_024512/0000/stopFlatNtuples_73.root
./PrivateSkim /eos/uscms/store/group/lpcsusyhad/Spring15_74X_Nov_2015_Ntp_v3X/ZJetsToNuNu_HT-200To400_13TeV-madgraph/Spring15_74X_Nov_2015_Ntp_v3p1_RETRY_ZJetsToNuNu_HT-200To400/151113_024512/0000/stopFlatNtuples_74.root
./PrivateSkim /eos/uscms/store/group/lpcsusyhad/Spring15_74X_Nov_2015_Ntp_v3X/ZJetsToNuNu_HT-200To400_13TeV-madgraph/Spring15_74X_Nov_2015_Ntp_v3p1_RETRY_ZJetsToNuNu_HT-200To400/151113_024512/0000/stopFlatNtuples_75.root
./PrivateSkim /eos/uscms/store/group/lpcsusyhad/Spring15_74X_Nov_2015_Ntp_v3X/ZJetsToNuNu_HT-200To400_13TeV-madgraph/Spring15_74X_Nov_2015_Ntp_v3p1_RETRY_ZJetsToNuNu_HT-200To400/151113_024512/0000/stopFlatNtuples_76.root
./PrivateSkim /eos/uscms/store/group/lpcsusyhad/Spring15_74X_Nov_2015_Ntp_v3X/ZJetsToNuNu_HT-200To400_13TeV-madgraph/Spring15_74X_Nov_2015_Ntp_v3p1_RETRY_ZJetsToNuNu_HT-200To400/151113_024512/0000/stopFlatNtuples_77.root
./PrivateSkim /eos/uscms/store/group/lpcsusyhad/Spring15_74X_Nov_2015_Ntp_v3X/ZJetsToNuNu_HT-200To400_13TeV-madgraph/Spring15_74X_Nov_2015_Ntp_v3p1_RETRY_ZJetsToNuNu_HT-200To400/151113_024512/0000/stopFlatNtuples_78.root
./PrivateSkim /eos/uscms/store/group/lpcsusyhad/Spring15_74X_Nov_2015_Ntp_v3X/ZJetsToNuNu_HT-200To400_13TeV-madgraph/Spring15_74X_Nov_2015_Ntp_v3p1_RETRY_ZJetsToNuNu_HT-200To400/151113_024512/0000/stopFlatNtuples_79.root
./PrivateSkim /eos/uscms/store/group/lpcsusyhad/Spring15_74X_Nov_2015_Ntp_v3X/ZJetsToNuNu_HT-200To400_13TeV-madgraph/Spring15_74X_Nov_2015_Ntp_v3p1_RETRY_ZJetsToNuNu_HT-200To400/151113_024512/0000/stopFlatNtuples_8.root
./PrivateSkim /eos/uscms/store/group/lpcsusyhad/Spring15_74X_Nov_2015_Ntp_v3X/ZJetsToNuNu_HT-200To400_13TeV-madgraph/Spring15_74X_Nov_2015_Ntp_v3p1_RETRY_ZJetsToNuNu_HT-200To400/151113_024512/0000/stopFlatNtuples_80.root
./PrivateSkim /eos/uscms/store/group/lpcsusyhad/Spring15_74X_Nov_2015_Ntp_v3X/ZJetsToNuNu_HT-200To400_13TeV-madgraph/Spring15_74X_Nov_2015_Ntp_v3p1_RETRY_ZJetsToNuNu_HT-200To400/151113_024512/0000/stopFlatNtuples_81.root
./PrivateSkim /eos/uscms/store/group/lpcsusyhad/Spring15_74X_Nov_2015_Ntp_v3X/ZJetsToNuNu_HT-200To400_13TeV-madgraph/Spring15_74X_Nov_2015_Ntp_v3p1_RETRY_ZJetsToNuNu_HT-200To400/151113_024512/0000/stopFlatNtuples_82.root
./PrivateSkim /eos/uscms/store/group/lpcsusyhad/Spring15_74X_Nov_Output File Name: Skimmed_MET175_ZJetsToNuNu_HT-200To400_13TeV-madgraphstopFlatNtuples_83.root
Output File Name: Skimmed_MET175_ZJetsToNuNu_HT-200To400_13TeV-madgraphstopFlatNtuples_84.root
Output File Name: Skimmed_MET175_ZJetsToNuNu_HT-200To400_13TeV-madgraphstopFlatNtuples_85.root
Output File Name: Skimmed_MET175_ZJetsToNuNu_HT-200To400_13TeV-madgraphstopFlatNtuples_86.root
Output File Name: Skimmed_MET175_ZJetsToNuNu_HT-200To400_13TeV-madgraphstopFlatNtuples_87.root
Output File Name: Skimmed_MET175_ZJetsToNuNu_HT-200To400_13TeV-madgraphstopFlatNtuples_88.root
Output File Name: Skimmed_MET175_ZJetsToNuNu_HT-200To400_13TeV-madgraphstopFlatNtuples_89.root
Output File Name: Skimmed_MET175_ZJetsToNuNu_HT-200To400_13TeV-madgraphstopFlatNtuples_9.root
Output File Name: Skimmed_MET175_ZJetsToNuNu_HT-200To400_13TeV-madgraphstopFlatNtuples_90.root
Output File Name: Skimmed_MET175_ZJetsToNuNu_HT-200To400_13TeV-madgraphstopFlatNtuples_91.root
Output File Name: Skimmed_MET175_ZJetsToNuNu_HT-200To400_13TeV-madgraphstopFlatNtuples_92.root
Output File Name: Skimmed_MET175_ZJetsToNuNu_HT-200To400_13TeV-madgraphstopFlatNtuples_93.root
Output File Name: Skimmed_MET175_ZJetsToNuNu_HT-200To400_13TeV-madgraphstopFlatNtuples_94.root
Output File Name: Skimmed_MET175_ZJetsToNuNu_HT-200To400_13TeV-madgraphstopFlatNtuples_95.root
Output File Name: Skimmed_MET175_ZJetsToNuNu_HT-200To400_13TeV-madgraphstopFlatNtuples_96.root
Output File Name: Skimmed_MET175_ZJetsToNuNu_HT-200To400_13TeV-madgraphstopFlatNtuples_97.root
Output File Name: Skimmed_MET175_ZJetsToNuNu_HT-200To400_13TeV-madgraphstopFlatNtuples_98.root
Output File Name: Skimmed_MET175_ZJetsToNuNu_HT-200To400_13TeV-madgraphstopFlatNtuples_99.root
2015_Ntp_v3X/ZJetsToNuNu_HT-200To400_13TeV-madgraph/Spring15_74X_Nov_2015_Ntp_v3p1_RETRY_ZJetsToNuNu_HT-200To400/151113_024512/0000/stopFlatNtuples_83.root
./PrivateSkim /eos/uscms/store/group/lpcsusyhad/Spring15_74X_Nov_2015_Ntp_v3X/ZJetsToNuNu_HT-200To400_13TeV-madgraph/Spring15_74X_Nov_2015_Ntp_v3p1_RETRY_ZJetsToNuNu_HT-200To400/151113_024512/0000/stopFlatNtuples_84.root
./PrivateSkim /eos/uscms/store/group/lpcsusyhad/Spring15_74X_Nov_2015_Ntp_v3X/ZJetsToNuNu_HT-200To400_13TeV-madgraph/Spring15_74X_Nov_2015_Ntp_v3p1_RETRY_ZJetsToNuNu_HT-200To400/151113_024512/0000/stopFlatNtuples_85.root
./PrivateSkim /eos/uscms/store/group/lpcsusyhad/Spring15_74X_Nov_2015_Ntp_v3X/ZJetsToNuNu_HT-200To400_13TeV-madgraph/Spring15_74X_Nov_2015_Ntp_v3p1_RETRY_ZJetsToNuNu_HT-200To400/151113_024512/0000/stopFlatNtuples_86.root
./PrivateSkim /eos/uscms/store/group/lpcsusyhad/Spring15_74X_Nov_2015_Ntp_v3X/ZJetsToNuNu_HT-200To400_13TeV-madgraph/Spring15_74X_Nov_2015_Ntp_v3p1_RETRY_ZJetsToNuNu_HT-200To400/151113_024512/0000/stopFlatNtuples_87.root
./PrivateSkim /eos/uscms/store/group/lpcsusyhad/Spring15_74X_Nov_2015_Ntp_v3X/ZJetsToNuNu_HT-200To400_13TeV-madgraph/Spring15_74X_Nov_2015_Ntp_v3p1_RETRY_ZJetsToNuNu_HT-200To400/151113_024512/0000/stopFlatNtuples_88.root
./PrivateSkim /eos/uscms/store/group/lpcsusyhad/Spring15_74X_Nov_2015_Ntp_v3X/ZJetsToNuNu_HT-200To400_13TeV-madgraph/Spring15_74X_Nov_2015_Ntp_v3p1_RETRY_ZJetsToNuNu_HT-200To400/151113_024512/0000/stopFlatNtuples_89.root
./PrivateSkim /eos/uscms/store/group/lpcsusyhad/Spring15_74X_Nov_2015_Ntp_v3X/ZJetsToNuNu_HT-200To400_13TeV-madgraph/Spring15_74X_Nov_2015_Ntp_v3p1_RETRY_ZJetsToNuNu_HT-200To400/151113_024512/0000/stopFlatNtuples_9.root
./PrivateSkim /eos/uscms/store/group/lpcsusyhad/Spring15_74X_Nov_2015_Ntp_v3X/ZJetsToNuNu_HT-200To400_13TeV-madgraph/Spring15_74X_Nov_2015_Ntp_v3p1_RETRY_ZJetsToNuNu_HT-200To400/151113_024512/0000/stopFlatNtuples_90.root
./PrivateSkim /eos/uscms/store/group/lpcsusyhad/Spring15_74X_Nov_2015_Ntp_v3X/ZJetsToNuNu_HT-200To400_13TeV-madgraph/Spring15_74X_Nov_2015_Ntp_v3p1_RETRY_ZJetsToNuNu_HT-200To400/151113_024512/0000/stopFlatNtuples_91.root
./PrivateSkim /eos/uscms/store/group/lpcsusyhad/Spring15_74X_Nov_2015_Ntp_v3X/ZJetsToNuNu_HT-200To400_13TeV-madgraph/Spring15_74X_Nov_2015_Ntp_v3p1_RETRY_ZJetsToNuNu_HT-200To400/151113_024512/0000/stopFlatNtuples_92.root
./PrivateSkim /eos/uscms/store/group/lpcsusyhad/Spring15_74X_Nov_2015_Ntp_v3X/ZJetsToNuNu_HT-200To400_13TeV-madgraph/Spring15_74X_Nov_2015_Ntp_v3p1_RETRY_ZJetsToNuNu_HT-200To400/151113_024512/0000/stopFlatNtuples_93.root
./PrivateSkim /eos/uscms/store/group/lpcsusyhad/Spring15_74X_Nov_2015_Ntp_v3X/ZJetsToNuNu_HT-200To400_13TeV-madgraph/Spring15_74X_Nov_2015_Ntp_v3p1_RETRY_ZJetsToNuNu_HT-200To400/151113_024512/0000/stopFlatNtuples_94.root
./PrivateSkim /eos/uscms/store/group/lpcsusyhad/Spring15_74X_Nov_2015_Ntp_v3X/ZJetsToNuNu_HT-200To400_13TeV-madgraph/Spring15_74X_Nov_2015_Ntp_v3p1_RETRY_ZJetsToNuNu_HT-200To400/151113_024512/0000/stopFlatNtuples_95.root
./PrivateSkim /eos/uscms/store/group/lpcsusyhad/Spring15_74X_Nov_2015_Ntp_v3X/ZJetsToNuNu_HT-200To400_13TeV-madgraph/Spring15_74X_Nov_2015_Ntp_v3p1_RETRY_ZJetsToNuNu_HT-200To400/151113_024512/0000/stopFlatNtuples_96.root
./PrivateSkim /eos/uscms/store/group/lpcsusyhad/Spring15_74X_Nov_2015_Ntp_v3X/ZJetsToNuNu_HT-200To400_13TeV-madgraph/Spring15_74X_Nov_2015_Ntp_v3p1_RETRY_ZJetsToNuNu_HT-200To400/151113_024512/0000/stopFlatNtuples_97.root
./PrivateSkim /eos/uscms/store/group/lpcsusyhad/Spring15_74X_Nov_2015_Ntp_v3X/ZJetsToNuNu_HT-200To400_13TeV-madgraph/Spring15_74X_Nov_2015_Ntp_v3p1_RETRY_ZJetsToNuNu_HT-200To400/151113_024512/0000/stopFlatNtuples_98.root
./PrivateSkim /eos/uscms/store/group/lpcsusyhad/Spring15_74X_Nov_2015_Ntp_v3X/ZJetsToNuNu_HT-200To400_13TeV-madgraph/Spring15_74X_Nov_2015_Ntp_v3p1_RETRY_ZJetsToNuNu_HT-200To400/151113_024512/0000/stopFlatNtuples_99.root
./PrivateSkim /eos/uscms/store/group/lpcsusyhad/Spring15_74X_Nov_2015_Ntp_v3X/ZJetsToNuNu_HT-400To600_13TeV-madgraph/Spring15_74X_Nov_2015_Ntp_v3p1_ZJetsToNuNu_HT-400To600/151110_15592Output File Name: Skimmed_MET175_ZJetsToNuNu_HT-400To600_13TeV-madgraphstopFlatNtuples_1.root
Output File Name: Skimmed_MET175_ZJetsToNuNu_HT-400To600_13TeV-madgraphstopFlatNtuples_2.root
Output File Name: Skimmed_MET175_ZJetsToNuNu_HT-400To600_13TeV-madgraphstopFlatNtuples_3.root
Output File Name: Skimmed_MET175_ZJetsToNuNu_HT-400To600_13TeV-madgraphstopFlatNtuples_4.root
Output File Name: Skimmed_MET175_ZJetsToNuNu_HT-400To600_13TeV-madgraphstopFlatNtuples_5.root
Output File Name: Skimmed_MET175_ZJetsToNuNu_HT-400To600_13TeV-madgraphstopFlatNtuples_6.root
Output File Name: Skimmed_MET175_ZJetsToNuNu_HT-600ToInf_13TeV-madgraphstopFlatNtuples_1.root
Output File Name: Skimmed_MET175_ZJetsToNuNu_HT-600ToInf_13TeV-madgraphstopFlatNtuples_2.root
Output File Name: Skimmed_MET175_ZJetsToNuNu_HT-600ToInf_13TeV-madgraphstopFlatNtuples_3.root
Output File Name: Skimmed_MET175_ZJetsToNuNu_HT-600ToInf_13TeV-madgraphstopFlatNtuples_4.root
Output File Name: Skimmed_MET175_ZJetsToNuNu_HT-600ToInf_13TeV-madgraphstopFlatNtuples_5.root
Output File Name: Skimmed_MET175_to_deletestopFlatNtuples_1.root
Output File Name: Skimmed_MET175_to_deletestopFlatNtuples_10.root
Output File Name: Skimmed_MET175_to_deletestopFlatNtuples_11.root
Output File Name: Skimmed_MET175_to_deletestopFlatNtuples_12.root
Output File Name: Skimmed_MET175_to_deletestopFlatNtuples_13.root
Output File Name: Skimmed_MET175_to_deletestopFlatNtuples_14.root
Output File Name: Skimmed_MET175_to_deletestopFlatNtuples_15.root
Output File Name: Skimmed_MET175_to_deletestopFlatNtuples_16.root
Output File Name: Skimmed_MET175_to_deletestopFlatNtuples_17.root
Output File Name: Skimmed_MET175_to_deletestopFlatNtuples_18.root
8/0000/stopFlatNtuples_1.root
./PrivateSkim /eos/uscms/store/group/lpcsusyhad/Spring15_74X_Nov_2015_Ntp_v3X/ZJetsToNuNu_HT-400To600_13TeV-madgraph/Spring15_74X_Nov_2015_Ntp_v3p1_ZJetsToNuNu_HT-400To600/151110_155928/0000/stopFlatNtuples_2.root
./PrivateSkim /eos/uscms/store/group/lpcsusyhad/Spring15_74X_Nov_2015_Ntp_v3X/ZJetsToNuNu_HT-400To600_13TeV-madgraph/Spring15_74X_Nov_2015_Ntp_v3p1_ZJetsToNuNu_HT-400To600/151110_155928/0000/stopFlatNtuples_3.root
./PrivateSkim /eos/uscms/store/group/lpcsusyhad/Spring15_74X_Nov_2015_Ntp_v3X/ZJetsToNuNu_HT-400To600_13TeV-madgraph/Spring15_74X_Nov_2015_Ntp_v3p1_ZJetsToNuNu_HT-400To600/151110_155928/0000/stopFlatNtuples_4.root
./PrivateSkim /eos/uscms/store/group/lpcsusyhad/Spring15_74X_Nov_2015_Ntp_v3X/ZJetsToNuNu_HT-400To600_13TeV-madgraph/Spring15_74X_Nov_2015_Ntp_v3p1_ZJetsToNuNu_HT-400To600/151110_155928/0000/stopFlatNtuples_5.root
./PrivateSkim /eos/uscms/store/group/lpcsusyhad/Spring15_74X_Nov_2015_Ntp_v3X/ZJetsToNuNu_HT-400To600_13TeV-madgraph/Spring15_74X_Nov_2015_Ntp_v3p1_ZJetsToNuNu_HT-400To600/151110_155928/0000/stopFlatNtuples_6.root
./PrivateSkim /eos/uscms/store/group/lpcsusyhad/Spring15_74X_Nov_2015_Ntp_v3X/ZJetsToNuNu_HT-600ToInf_13TeV-madgraph/Spring15_74X_Nov_2015_Ntp_v3p1_ZJetsToNuNu_HT-600ToInf/151110_155947/0000/stopFlatNtuples_1.root
./PrivateSkim /eos/uscms/store/group/lpcsusyhad/Spring15_74X_Nov_2015_Ntp_v3X/ZJetsToNuNu_HT-600ToInf_13TeV-madgraph/Spring15_74X_Nov_2015_Ntp_v3p1_ZJetsToNuNu_HT-600ToInf/151110_155947/0000/stopFlatNtuples_2.root
./PrivateSkim /eos/uscms/store/group/lpcsusyhad/Spring15_74X_Nov_2015_Ntp_v3X/ZJetsToNuNu_HT-600ToInf_13TeV-madgraph/Spring15_74X_Nov_2015_Ntp_v3p1_ZJetsToNuNu_HT-600ToInf/151110_155947/0000/stopFlatNtuples_3.root
./PrivateSkim /eos/uscms/store/group/lpcsusyhad/Spring15_74X_Nov_2015_Ntp_v3X/ZJetsToNuNu_HT-600ToInf_13TeV-madgraph/Spring15_74X_Nov_2015_Ntp_v3p1_ZJetsToNuNu_HT-600ToInf/151110_155947/0000/stopFlatNtuples_4.root
./PrivateSkim /eos/uscms/store/group/lpcsusyhad/Spring15_74X_Nov_2015_Ntp_v3X/ZJetsToNuNu_HT-600ToInf_13TeV-madgraph/Spring15_74X_Nov_2015_Ntp_v3p1_ZJetsToNuNu_HT-600ToInf/151110_155947/0000/stopFlatNtuples_5.root
./PrivateSkim /eos/uscms/store/group/lpcsusyhad/Spring15_74X_Nov_2015_Ntp_v3X/to_delete/Spring15_74X_Nov_2015_Ntp_v3p1_ZJetsToNuNu_HT-100To200/151110_155909/0000/stopFlatNtuples_1.root
./PrivateSkim /eos/uscms/store/group/lpcsusyhad/Spring15_74X_Nov_2015_Ntp_v3X/to_delete/Spring15_74X_Nov_2015_Ntp_v3p1_ZJetsToNuNu_HT-100To200/151110_155909/0000/stopFlatNtuples_10.root
./PrivateSkim /eos/uscms/store/group/lpcsusyhad/Spring15_74X_Nov_2015_Ntp_v3X/to_delete/Spring15_74X_Nov_2015_Ntp_v3p1_ZJetsToNuNu_HT-100To200/151110_155909/0000/stopFlatNtuples_11.root
./PrivateSkim /eos/uscms/store/group/lpcsusyhad/Spring15_74X_Nov_2015_Ntp_v3X/to_delete/Spring15_74X_Nov_2015_Ntp_v3p1_ZJetsToNuNu_HT-100To200/151110_155909/0000/stopFlatNtuples_12.root
./PrivateSkim /eos/uscms/store/group/lpcsusyhad/Spring15_74X_Nov_2015_Ntp_v3X/to_delete/Spring15_74X_Nov_2015_Ntp_v3p1_ZJetsToNuNu_HT-100To200/151110_155909/0000/stopFlatNtuples_13.root
./PrivateSkim /eos/uscms/store/group/lpcsusyhad/Spring15_74X_Nov_2015_Ntp_v3X/to_delete/Spring15_74X_Nov_2015_Ntp_v3p1_ZJetsToNuNu_HT-100To200/151110_155909/0000/stopFlatNtuples_14.root
./PrivateSkim /eos/uscms/store/group/lpcsusyhad/Spring15_74X_Nov_2015_Ntp_v3X/to_delete/Spring15_74X_Nov_2015_Ntp_v3p1_ZJetsToNuNu_HT-100To200/151110_155909/0000/stopFlatNtuples_15.root
./PrivateSkim /eos/uscms/store/group/lpcsusyhad/Spring15_74X_Nov_2015_Ntp_v3X/to_delete/Spring15_74X_Nov_2015_Ntp_v3p1_ZJetsToNuNu_HT-100To200/151110_155909/0000/stopFlatNtuples_16.root
./PrivateSkim /eos/uscms/store/group/lpcsusyhad/Spring15_74X_Nov_2015_Ntp_v3X/to_delete/Spring15_74X_Nov_2015_Ntp_v3p1_ZJetsToNuNu_HT-100To200/151110_155909/0000/stopFlatNtuples_17.root
./PrivateSkim /eos/uscms/store/group/lpcsusyhad/Spring15_74X_Nov_2015_Ntp_v3X/to_delete/Spring15_74X_Nov_2015_Ntp_v3p1_ZJetsToNuNu_HT-100To200/151110_155909/0000/stopFlatNtuples_18.root
./PrivateSkim /eos/uscms/store/group/lpcsusyhad/Spring15_74X_Nov_20Output File Name: Skimmed_MET175_to_deletestopFlatNtuples_19.root
Output File Name: Skimmed_MET175_to_deletestopFlatNtuples_2.root
Output File Name: Skimmed_MET175_to_deletestopFlatNtuples_20.root
Output File Name: Skimmed_MET175_to_deletestopFlatNtuples_21.root
Output File Name: Skimmed_MET175_to_deletestopFlatNtuples_22.root
Output File Name: Skimmed_MET175_to_deletestopFlatNtuples_23.root
Output File Name: Skimmed_MET175_to_deletestopFlatNtuples_24.root
Output File Name: Skimmed_MET175_to_deletestopFlatNtuples_25.root
Output File Name: Skimmed_MET175_to_deletestopFlatNtuples_26.root
Output File Name: Skimmed_MET175_to_deletestopFlatNtuples_3.root
Output File Name: Skimmed_MET175_to_deletestopFlatNtuples_4.root
Output File Name: Skimmed_MET175_to_deletestopFlatNtuples_5.root
Output File Name: Skimmed_MET175_to_deletestopFlatNtuples_6.root
Output File Name: Skimmed_MET175_to_deletestopFlatNtuples_7.root
Output File Name: Skimmed_MET175_to_deletestopFlatNtuples_8.root
Output File Name: Skimmed_MET175_to_deletestopFlatNtuples_9.root
Output File Name: Skimmed_MET175_to_deletestopFlatNtuples_1.root
Output File Name: Skimmed_MET175_to_deletestopFlatNtuples_10.root
Output File Name: Skimmed_MET175_to_deletestopFlatNtuples_11.root
Output File Name: Skimmed_MET175_to_deletestopFlatNtuples_12.root
Output File Name: Skimmed_MET175_to_deletestopFlatNtuples_13.root
Output File Name: Skimmed_MET175_to_deletestopFlatNtuples_14.root
15_Ntp_v3X/to_delete/Spring15_74X_Nov_2015_Ntp_v3p1_ZJetsToNuNu_HT-100To200/151110_155909/0000/stopFlatNtuples_19.root
./PrivateSkim /eos/uscms/store/group/lpcsusyhad/Spring15_74X_Nov_2015_Ntp_v3X/to_delete/Spring15_74X_Nov_2015_Ntp_v3p1_ZJetsToNuNu_HT-100To200/151110_155909/0000/stopFlatNtuples_2.root
./PrivateSkim /eos/uscms/store/group/lpcsusyhad/Spring15_74X_Nov_2015_Ntp_v3X/to_delete/Spring15_74X_Nov_2015_Ntp_v3p1_ZJetsToNuNu_HT-100To200/151110_155909/0000/stopFlatNtuples_20.root
./PrivateSkim /eos/uscms/store/group/lpcsusyhad/Spring15_74X_Nov_2015_Ntp_v3X/to_delete/Spring15_74X_Nov_2015_Ntp_v3p1_ZJetsToNuNu_HT-100To200/151110_155909/0000/stopFlatNtuples_21.root
./PrivateSkim /eos/uscms/store/group/lpcsusyhad/Spring15_74X_Nov_2015_Ntp_v3X/to_delete/Spring15_74X_Nov_2015_Ntp_v3p1_ZJetsToNuNu_HT-100To200/151110_155909/0000/stopFlatNtuples_22.root
./PrivateSkim /eos/uscms/store/group/lpcsusyhad/Spring15_74X_Nov_2015_Ntp_v3X/to_delete/Spring15_74X_Nov_2015_Ntp_v3p1_ZJetsToNuNu_HT-100To200/151110_155909/0000/stopFlatNtuples_23.root
./PrivateSkim /eos/uscms/store/group/lpcsusyhad/Spring15_74X_Nov_2015_Ntp_v3X/to_delete/Spring15_74X_Nov_2015_Ntp_v3p1_ZJetsToNuNu_HT-100To200/151110_155909/0000/stopFlatNtuples_24.root
./PrivateSkim /eos/uscms/store/group/lpcsusyhad/Spring15_74X_Nov_2015_Ntp_v3X/to_delete/Spring15_74X_Nov_2015_Ntp_v3p1_ZJetsToNuNu_HT-100To200/151110_155909/0000/stopFlatNtuples_25.root
./PrivateSkim /eos/uscms/store/group/lpcsusyhad/Spring15_74X_Nov_2015_Ntp_v3X/to_delete/Spring15_74X_Nov_2015_Ntp_v3p1_ZJetsToNuNu_HT-100To200/151110_155909/0000/stopFlatNtuples_26.root
./PrivateSkim /eos/uscms/store/group/lpcsusyhad/Spring15_74X_Nov_2015_Ntp_v3X/to_delete/Spring15_74X_Nov_2015_Ntp_v3p1_ZJetsToNuNu_HT-100To200/151110_155909/0000/stopFlatNtuples_3.root
./PrivateSkim /eos/uscms/store/group/lpcsusyhad/Spring15_74X_Nov_2015_Ntp_v3X/to_delete/Spring15_74X_Nov_2015_Ntp_v3p1_ZJetsToNuNu_HT-100To200/151110_155909/0000/stopFlatNtuples_4.root
./PrivateSkim /eos/uscms/store/group/lpcsusyhad/Spring15_74X_Nov_2015_Ntp_v3X/to_delete/Spring15_74X_Nov_2015_Ntp_v3p1_ZJetsToNuNu_HT-100To200/151110_155909/0000/stopFlatNtuples_5.root
./PrivateSkim /eos/uscms/store/group/lpcsusyhad/Spring15_74X_Nov_2015_Ntp_v3X/to_delete/Spring15_74X_Nov_2015_Ntp_v3p1_ZJetsToNuNu_HT-100To200/151110_155909/0000/stopFlatNtuples_6.root
./PrivateSkim /eos/uscms/store/group/lpcsusyhad/Spring15_74X_Nov_2015_Ntp_v3X/to_delete/Spring15_74X_Nov_2015_Ntp_v3p1_ZJetsToNuNu_HT-100To200/151110_155909/0000/stopFlatNtuples_7.root
./PrivateSkim /eos/uscms/store/group/lpcsusyhad/Spring15_74X_Nov_2015_Ntp_v3X/to_delete/Spring15_74X_Nov_2015_Ntp_v3p1_ZJetsToNuNu_HT-100To200/151110_155909/0000/stopFlatNtuples_8.root
./PrivateSkim /eos/uscms/store/group/lpcsusyhad/Spring15_74X_Nov_2015_Ntp_v3X/to_delete/Spring15_74X_Nov_2015_Ntp_v3p1_ZJetsToNuNu_HT-100To200/151110_155909/0000/stopFlatNtuples_9.root
./PrivateSkim /eos/uscms/store/group/lpcsusyhad/Spring15_74X_Nov_2015_Ntp_v3X/to_delete/Spring15_74X_Nov_2015_Ntp_v3p1_ZJetsToNuNu_HT-200To400/151110_160006/0000/stopFlatNtuples_1.root
./PrivateSkim /eos/uscms/store/group/lpcsusyhad/Spring15_74X_Nov_2015_Ntp_v3X/to_delete/Spring15_74X_Nov_2015_Ntp_v3p1_ZJetsToNuNu_HT-200To400/151110_160006/0000/stopFlatNtuples_10.root
./PrivateSkim /eos/uscms/store/group/lpcsusyhad/Spring15_74X_Nov_2015_Ntp_v3X/to_delete/Spring15_74X_Nov_2015_Ntp_v3p1_ZJetsToNuNu_HT-200To400/151110_160006/0000/stopFlatNtuples_11.root
./PrivateSkim /eos/uscms/store/group/lpcsusyhad/Spring15_74X_Nov_2015_Ntp_v3X/to_delete/Spring15_74X_Nov_2015_Ntp_v3p1_ZJetsToNuNu_HT-200To400/151110_160006/0000/stopFlatNtuples_12.root
./PrivateSkim /eos/uscms/store/group/lpcsusyhad/Spring15_74X_Nov_2015_Ntp_v3X/to_delete/Spring15_74X_Nov_2015_Ntp_v3p1_ZJetsToNuNu_HT-200To400/151110_160006/0000/stopFlatNtuples_13.root
./PrivateSkim /eos/uscms/store/group/lpcsusyhad/Spring15_74X_Nov_2015_Ntp_v3X/to_delete/Spring15_74X_Nov_2015_Ntp_v3p1_ZJetsToNuNu_HT-200To400/151110_160006/0000/stopFlatNtuples_14.root
./PrivateSkim /eos/uscms/store/group/lpcsusyhad/Spring15_74X_Nov_2015_Ntp_v3X/toOutput File Name: Skimmed_MET175_to_deletestopFlatNtuples_15.root
Output File Name: Skimmed_MET175_to_deletestopFlatNtuples_16.root
Output File Name: Skimmed_MET175_to_deletestopFlatNtuples_17.root
Output File Name: Skimmed_MET175_to_deletestopFlatNtuples_19.root
Output File Name: Skimmed_MET175_to_deletestopFlatNtuples_2.root
Output File Name: Skimmed_MET175_to_deletestopFlatNtuples_20.root
Output File Name: Skimmed_MET175_to_deletestopFlatNtuples_21.root
Output File Name: Skimmed_MET175_to_deletestopFlatNtuples_22.root
Output File Name: Skimmed_MET175_to_deletestopFlatNtuples_23.root
Output File Name: Skimmed_MET175_to_deletestopFlatNtuples_24.root
Output File Name: Skimmed_MET175_to_deletestopFlatNtuples_25.root
Output File Name: Skimmed_MET175_to_deletestopFlatNtuples_26.root
Output File Name: Skimmed_MET175_to_deletestopFlatNtuples_3.root
Output File Name: Skimmed_MET175_to_deletestopFlatNtuples_4.root
Output File Name: Skimmed_MET175_to_deletestopFlatNtuples_5.root
Output File Name: Skimmed_MET175_to_deletestopFlatNtuples_6.root
Output File Name: Skimmed_MET175_to_deletestopFlatNtuples_7.root
Output File Name: Skimmed_MET175_to_deletestopFlatNtuples_8.root
Output File Name: Skimmed_MET175_to_deletestopFlatNtuples_9.root
_delete/Spring15_74X_Nov_2015_Ntp_v3p1_ZJetsToNuNu_HT-200To400/151110_160006/0000/stopFlatNtuples_15.root
./PrivateSkim /eos/uscms/store/group/lpcsusyhad/Spring15_74X_Nov_2015_Ntp_v3X/to_delete/Spring15_74X_Nov_2015_Ntp_v3p1_ZJetsToNuNu_HT-200To400/151110_160006/0000/stopFlatNtuples_16.root
./PrivateSkim /eos/uscms/store/group/lpcsusyhad/Spring15_74X_Nov_2015_Ntp_v3X/to_delete/Spring15_74X_Nov_2015_Ntp_v3p1_ZJetsToNuNu_HT-200To400/151110_160006/0000/stopFlatNtuples_17.root
./PrivateSkim /eos/uscms/store/group/lpcsusyhad/Spring15_74X_Nov_2015_Ntp_v3X/to_delete/Spring15_74X_Nov_2015_Ntp_v3p1_ZJetsToNuNu_HT-200To400/151110_160006/0000/stopFlatNtuples_19.root
./PrivateSkim /eos/uscms/store/group/lpcsusyhad/Spring15_74X_Nov_2015_Ntp_v3X/to_delete/Spring15_74X_Nov_2015_Ntp_v3p1_ZJetsToNuNu_HT-200To400/151110_160006/0000/stopFlatNtuples_2.root
./PrivateSkim /eos/uscms/store/group/lpcsusyhad/Spring15_74X_Nov_2015_Ntp_v3X/to_delete/Spring15_74X_Nov_2015_Ntp_v3p1_ZJetsToNuNu_HT-200To400/151110_160006/0000/stopFlatNtuples_20.root
./PrivateSkim /eos/uscms/store/group/lpcsusyhad/Spring15_74X_Nov_2015_Ntp_v3X/to_delete/Spring15_74X_Nov_2015_Ntp_v3p1_ZJetsToNuNu_HT-200To400/151110_160006/0000/stopFlatNtuples_21.root
./PrivateSkim /eos/uscms/store/group/lpcsusyhad/Spring15_74X_Nov_2015_Ntp_v3X/to_delete/Spring15_74X_Nov_2015_Ntp_v3p1_ZJetsToNuNu_HT-200To400/151110_160006/0000/stopFlatNtuples_22.root
./PrivateSkim /eos/uscms/store/group/lpcsusyhad/Spring15_74X_Nov_2015_Ntp_v3X/to_delete/Spring15_74X_Nov_2015_Ntp_v3p1_ZJetsToNuNu_HT-200To400/151110_160006/0000/stopFlatNtuples_23.root
./PrivateSkim /eos/uscms/store/group/lpcsusyhad/Spring15_74X_Nov_2015_Ntp_v3X/to_delete/Spring15_74X_Nov_2015_Ntp_v3p1_ZJetsToNuNu_HT-200To400/151110_160006/0000/stopFlatNtuples_24.root
./PrivateSkim /eos/uscms/store/group/lpcsusyhad/Spring15_74X_Nov_2015_Ntp_v3X/to_delete/Spring15_74X_Nov_2015_Ntp_v3p1_ZJetsToNuNu_HT-200To400/151110_160006/0000/stopFlatNtuples_25.root
./PrivateSkim /eos/uscms/store/group/lpcsusyhad/Spring15_74X_Nov_2015_Ntp_v3X/to_delete/Spring15_74X_Nov_2015_Ntp_v3p1_ZJetsToNuNu_HT-200To400/151110_160006/0000/stopFlatNtuples_26.root
./PrivateSkim /eos/uscms/store/group/lpcsusyhad/Spring15_74X_Nov_2015_Ntp_v3X/to_delete/Spring15_74X_Nov_2015_Ntp_v3p1_ZJetsToNuNu_HT-200To400/151110_160006/0000/stopFlatNtuples_3.root
./PrivateSkim /eos/uscms/store/group/lpcsusyhad/Spring15_74X_Nov_2015_Ntp_v3X/to_delete/Spring15_74X_Nov_2015_Ntp_v3p1_ZJetsToNuNu_HT-200To400/151110_160006/0000/stopFlatNtuples_4.root
./PrivateSkim /eos/uscms/store/group/lpcsusyhad/Spring15_74X_Nov_2015_Ntp_v3X/to_delete/Spring15_74X_Nov_2015_Ntp_v3p1_ZJetsToNuNu_HT-200To400/151110_160006/0000/stopFlatNtuples_5.root
./PrivateSkim /eos/uscms/store/group/lpcsusyhad/Spring15_74X_Nov_2015_Ntp_v3X/to_delete/Spring15_74X_Nov_2015_Ntp_v3p1_ZJetsToNuNu_HT-200To400/151110_160006/0000/stopFlatNtuples_6.root
./PrivateSkim /eos/uscms/store/group/lpcsusyhad/Spring15_74X_Nov_2015_Ntp_v3X/to_delete/Spring15_74X_Nov_2015_Ntp_v3p1_ZJetsToNuNu_HT-200To400/151110_160006/0000/stopFlatNtuples_7.root
./PrivateSkim /eos/uscms/store/group/lpcsusyhad/Spring15_74X_Nov_2015_Ntp_v3X/to_delete/Spring15_74X_Nov_2015_Ntp_v3p1_ZJetsToNuNu_HT-200To400/151110_160006/0000/stopFlatNtuples_8.root
./PrivateSkim /eos/uscms/store/group/lpcsusyhad/Spring15_74X_Nov_2015_Ntp_v3X/to_delete/Spring15_74X_Nov_2015_Ntp_v3p1_ZJetsToNuNu_HT-200To400/151110_160006/0000/stopFlatNtuples_9.root
