000 (698097.000.000) 03/23 06:10:15 Job submitted from host: <131.225.189.165:38471>
...
001 (698097.000.000) 03/23 06:10:29 Job executing on host: <131.225.191.161:36640>
...
006 (698097.000.000) 03/23 06:10:37 Image size of job updated: 384284
	170  -  MemoryUsage of job (MB)
	173628  -  ResidentSetSize of job (KB)
...
006 (698097.000.000) 03/23 06:11:37 Image size of job updated: 975308
	373  -  MemoryUsage of job (MB)
	381364  -  ResidentSetSize of job (KB)
...
006 (698097.000.000) 03/23 06:50:59 Image size of job updated: 975308
	373  -  MemoryUsage of job (MB)
	381660  -  ResidentSetSize of job (KB)
...
006 (698097.000.000) 03/23 06:52:00 Image size of job updated: 975308
	373  -  MemoryUsage of job (MB)
	381668  -  ResidentSetSize of job (KB)
...
006 (698097.000.000) 03/23 09:50:29 Image size of job updated: 978000
	373  -  MemoryUsage of job (MB)
	381668  -  ResidentSetSize of job (KB)
...
006 (698097.000.000) 03/23 09:51:30 Image size of job updated: 978132
	373  -  MemoryUsage of job (MB)
	381668  -  ResidentSetSize of job (KB)
...
006 (698097.000.000) 03/23 10:03:37 Image size of job updated: 978264
	373  -  MemoryUsage of job (MB)
	381668  -  ResidentSetSize of job (KB)
...
006 (698097.000.000) 03/23 10:22:45 Image size of job updated: 982484
	373  -  MemoryUsage of job (MB)
	381668  -  ResidentSetSize of job (KB)
...
006 (698097.000.000) 03/23 10:54:01 Image size of job updated: 986948
	373  -  MemoryUsage of job (MB)
	381668  -  ResidentSetSize of job (KB)
...
006 (698097.000.000) 03/23 11:10:09 Image size of job updated: 988368
	373  -  MemoryUsage of job (MB)
	381668  -  ResidentSetSize of job (KB)
...
005 (698097.000.000) 03/23 11:12:58 Job terminated.
	(1) Normal termination (return value 0)
		Usr 0 03:42:27, Sys 0 00:07:05  -  Run Remote Usage
		Usr 0 00:00:00, Sys 0 00:00:00  -  Run Local Usage
		Usr 0 03:42:27, Sys 0 00:07:05  -  Total Remote Usage
		Usr 0 00:00:00, Sys 0 00:00:00  -  Total Local Usage
	105680  -  Run Bytes Sent By Job
	2094920  -  Run Bytes Received By Job
	105680  -  Total Bytes Sent By Job
	2094920  -  Total Bytes Received By Job
	Partitionable Resources :    Usage  Request Allocated
	   Cpus                 :                 1         1
	   Disk (KB)            :     2250 52428800  53587056
	   Memory (MB)          :      373     1536      1536
...
000 (729049.000.000) 04/04 13:53:17 Job submitted from host: <131.225.189.165:38471>
...
001 (729049.000.000) 04/04 13:53:48 Job executing on host: <131.225.207.66:52096>
...
006 (729049.000.000) 04/04 13:53:56 Image size of job updated: 401608
	188  -  MemoryUsage of job (MB)
	192452  -  ResidentSetSize of job (KB)
...
006 (729049.000.000) 04/04 13:54:56 Image size of job updated: 807120
	203  -  MemoryUsage of job (MB)
	206964  -  ResidentSetSize of job (KB)
...
006 (729049.000.000) 04/04 13:55:56 Image size of job updated: 813884
	215  -  MemoryUsage of job (MB)
	219860  -  ResidentSetSize of job (KB)
...
006 (729049.000.000) 04/04 13:56:57 Image size of job updated: 816120
	217  -  MemoryUsage of job (MB)
	222120  -  ResidentSetSize of job (KB)
...
006 (729049.000.000) 04/04 13:57:32 Image size of job updated: 839168
	217  -  MemoryUsage of job (MB)
	222120  -  ResidentSetSize of job (KB)
...
005 (729049.000.000) 04/04 13:57:33 Job terminated.
	(1) Normal termination (return value 0)
		Usr 0 00:02:27, Sys 0 00:00:05  -  Run Remote Usage
		Usr 0 00:00:00, Sys 0 00:00:00  -  Run Local Usage
		Usr 0 00:02:27, Sys 0 00:00:05  -  Total Remote Usage
		Usr 0 00:00:00, Sys 0 00:00:00  -  Total Local Usage
	352379  -  Run Bytes Sent By Job
	2324870  -  Run Bytes Received By Job
	352379  -  Total Bytes Sent By Job
	2324870  -  Total Bytes Received By Job
	Partitionable Resources :    Usage  Request Allocated
	   Cpus                 :                 1         1
	   Disk (KB)            :     2625 52428800  53351102
	   Memory (MB)          :      217     1536      1536
...
000 (729050.000.000) 04/04 14:03:28 Job submitted from host: <131.225.189.165:38471>
...
001 (729050.000.000) 04/04 14:03:36 Job executing on host: <131.225.206.107:42998>
...
006 (729050.000.000) 04/04 14:03:45 Image size of job updated: 357848
	127  -  MemoryUsage of job (MB)
	129032  -  ResidentSetSize of job (KB)
...
006 (729050.000.000) 04/04 14:04:46 Image size of job updated: 807132
	203  -  MemoryUsage of job (MB)
	206872  -  ResidentSetSize of job (KB)
...
006 (729050.000.000) 04/04 14:05:47 Image size of job updated: 815992
	209  -  MemoryUsage of job (MB)
	213912  -  ResidentSetSize of job (KB)
...
006 (729050.000.000) 04/04 14:06:48 Image size of job updated: 816128
	210  -  MemoryUsage of job (MB)
	214096  -  ResidentSetSize of job (KB)
...
006 (729050.000.000) 04/04 14:07:13 Image size of job updated: 816616
	210  -  MemoryUsage of job (MB)
	214096  -  ResidentSetSize of job (KB)
...
005 (729050.000.000) 04/04 14:07:14 Job terminated.
	(1) Normal termination (return value 0)
		Usr 0 00:02:24, Sys 0 00:00:06  -  Run Remote Usage
		Usr 0 00:00:00, Sys 0 00:00:00  -  Run Local Usage
		Usr 0 00:02:24, Sys 0 00:00:06  -  Total Remote Usage
		Usr 0 00:00:00, Sys 0 00:00:00  -  Total Local Usage
	15842  -  Run Bytes Sent By Job
	2324854  -  Run Bytes Received By Job
	15842  -  Total Bytes Sent By Job
	2324854  -  Total Bytes Received By Job
	Partitionable Resources :    Usage  Request Allocated
	   Cpus                 :                 1         1
	   Disk (KB)            :     2500 52428800  53688418
	   Memory (MB)          :      210     1536      1536
...
000 (729051.000.000) 04/04 14:15:45 Job submitted from host: <131.225.189.165:38471>
...
001 (729051.000.000) 04/04 14:16:06 Job executing on host: <131.225.204.46:56541>
...
006 (729051.000.000) 04/04 14:16:14 Image size of job updated: 409648
	145  -  MemoryUsage of job (MB)
	148124  -  ResidentSetSize of job (KB)
...
006 (729051.000.000) 04/04 14:17:14 Image size of job updated: 810864
	205  -  MemoryUsage of job (MB)
	209276  -  ResidentSetSize of job (KB)
...
006 (729051.000.000) 04/04 14:18:14 Image size of job updated: 815988
	209  -  MemoryUsage of job (MB)
	213896  -  ResidentSetSize of job (KB)
...
006 (729051.000.000) 04/04 14:19:14 Image size of job updated: 815988
	210  -  MemoryUsage of job (MB)
	214076  -  ResidentSetSize of job (KB)
...
006 (729051.000.000) 04/04 14:19:49 Image size of job updated: 816692
	210  -  MemoryUsage of job (MB)
	214076  -  ResidentSetSize of job (KB)
...
005 (729051.000.000) 04/04 14:19:50 Job terminated.
	(1) Normal termination (return value 0)
		Usr 0 00:02:27, Sys 0 00:00:07  -  Run Remote Usage
		Usr 0 00:00:00, Sys 0 00:00:00  -  Run Local Usage
		Usr 0 00:02:27, Sys 0 00:00:07  -  Total Remote Usage
		Usr 0 00:00:00, Sys 0 00:00:00  -  Total Local Usage
	17761  -  Run Bytes Sent By Job
	2324854  -  Run Bytes Received By Job
	17761  -  Total Bytes Sent By Job
	2324854  -  Total Bytes Received By Job
	Partitionable Resources :    Usage  Request Allocated
	   Cpus                 :                 1         1
	   Disk (KB)            :     2500 52428800  53878636
	   Memory (MB)          :      210     1536      1536
...
000 (729052.000.000) 04/04 14:22:03 Job submitted from host: <131.225.189.165:38471>
...
001 (729052.000.000) 04/04 14:22:31 Job executing on host: <131.225.206.184:58925>
...
006 (729052.000.000) 04/04 14:22:40 Image size of job updated: 84092
	4  -  MemoryUsage of job (MB)
	3352  -  ResidentSetSize of job (KB)
...
006 (729052.000.000) 04/04 14:23:41 Image size of job updated: 795164
	197  -  MemoryUsage of job (MB)
	201444  -  ResidentSetSize of job (KB)
...
006 (729052.000.000) 04/04 14:24:41 Image size of job updated: 803080
	205  -  MemoryUsage of job (MB)
	209336  -  ResidentSetSize of job (KB)
...
006 (729052.000.000) 04/04 14:26:41 Image size of job updated: 803080
	205  -  MemoryUsage of job (MB)
	209340  -  ResidentSetSize of job (KB)
...
006 (729052.000.000) 04/04 14:28:41 Image size of job updated: 806220
	208  -  MemoryUsage of job (MB)
	212500  -  ResidentSetSize of job (KB)
...
006 (729052.000.000) 04/04 14:29:41 Image size of job updated: 806220
	208  -  MemoryUsage of job (MB)
	212516  -  ResidentSetSize of job (KB)
...
006 (729052.000.000) 04/04 14:30:41 Image size of job updated: 806352
	208  -  MemoryUsage of job (MB)
	212532  -  ResidentSetSize of job (KB)
...
006 (729052.000.000) 04/04 14:31:42 Image size of job updated: 810512
	212  -  MemoryUsage of job (MB)
	216656  -  ResidentSetSize of job (KB)
...
006 (729052.000.000) 04/04 14:32:43 Image size of job updated: 814528
	216  -  MemoryUsage of job (MB)
	220632  -  ResidentSetSize of job (KB)
...
006 (729052.000.000) 04/04 14:33:05 Image size of job updated: 815052
	216  -  MemoryUsage of job (MB)
	220632  -  ResidentSetSize of job (KB)
...
005 (729052.000.000) 04/04 14:33:05 Job terminated.
	(1) Normal termination (return value 0)
		Usr 0 00:07:42, Sys 0 00:00:17  -  Run Remote Usage
		Usr 0 00:00:00, Sys 0 00:00:00  -  Run Local Usage
		Usr 0 00:07:42, Sys 0 00:00:17  -  Total Remote Usage
		Usr 0 00:00:00, Sys 0 00:00:00  -  Total Local Usage
	23655  -  Run Bytes Sent By Job
	2324854  -  Run Bytes Received By Job
	23655  -  Total Bytes Sent By Job
	2324854  -  Total Bytes Received By Job
	Partitionable Resources :    Usage  Request Allocated
	   Cpus                 :                 1         1
	   Disk (KB)            :     2500 52428800  53297904
	   Memory (MB)          :      216     1536      1536
...
000 (913293.000.000) 04/05 12:16:41 Job submitted from host: <131.225.190.173:60760>
...
001 (913293.000.000) 04/05 12:16:51 Job executing on host: <131.225.206.129:37100>
...
006 (913293.000.000) 04/05 12:17:00 Image size of job updated: 403792
	176  -  MemoryUsage of job (MB)
	179288  -  ResidentSetSize of job (KB)
...
006 (913293.000.000) 04/05 12:18:01 Image size of job updated: 807176
	203  -  MemoryUsage of job (MB)
	206860  -  ResidentSetSize of job (KB)
...
006 (913293.000.000) 04/05 12:19:02 Image size of job updated: 811584
	206  -  MemoryUsage of job (MB)
	210168  -  ResidentSetSize of job (KB)
...
006 (913293.000.000) 04/05 12:20:02 Image size of job updated: 816040
	210  -  MemoryUsage of job (MB)
	214088  -  ResidentSetSize of job (KB)
...
006 (913293.000.000) 04/05 12:20:35 Image size of job updated: 816668
	210  -  MemoryUsage of job (MB)
	214088  -  ResidentSetSize of job (KB)
...
005 (913293.000.000) 04/05 12:20:36 Job terminated.
	(1) Normal termination (return value 0)
		Usr 0 00:02:25, Sys 0 00:00:05  -  Run Remote Usage
		Usr 0 00:00:00, Sys 0 00:00:00  -  Run Local Usage
		Usr 0 00:02:25, Sys 0 00:00:05  -  Total Remote Usage
		Usr 0 00:00:00, Sys 0 00:00:00  -  Total Local Usage
	18139  -  Run Bytes Sent By Job
	2324854  -  Run Bytes Received By Job
	18139  -  Total Bytes Sent By Job
	2324854  -  Total Bytes Received By Job
	Partitionable Resources :    Usage  Request Allocated
	   Cpus                 :                 1         1
	   Disk (KB)            :     2500 52428800  53817456
	   Memory (MB)          :      210     1536      1536
...
