First Loop start(Factorization and Expectation): 
Weight 4.50855
Weight 1.30384
Weight 0.643043
Weight 0.0947144
Weight 0.038873
Second Loop start(Prediction): 
Weight 4.50855
Weight 1.30384
Weight 0.643043
Weight 0.0947144
Weight 0.038873
Counting Normal MC: 
0 , 0 , 0 ,   ;0 , 0 , 0 ,   ;0 , 0 , 0 ,   ;
0 , 0 , 0 ,   ;0 , 0 , 0 ,   ;0 , 0 , 0 ,   ;
0 , 0 , 0 ,   ;0 , 0 , 0 ,   ;0 , 0 , 0 ,   ;
0 , 0 , 0 ,   ;0 , 0 , 0 ,   ;0 , 0 , 0 ,   ;
0 , 0 , 0 ,   ;0 , 0 , 0 ,   ;0 , 0 , 0 ,   ;
Counting Normal: 
0(0) , 0(0) , 0(0) , 
0(0) , 0(0) , 0(0) , 
0(0) , 0(0) , 0(0) , 
Counting Inverted MC: 
0 , 0 , 0 ,   ;0 , 0 , 0 ,   ;0 , 0 , 0 ,   ;
0 , 0 , 0 ,   ;0 , 0 , 0 ,   ;0 , 0 , 0 ,   ;
0 , 0 , 0 ,   ;0 , 0 , 0 ,   ;0 , 0 , 0 ,   ;
0 , 0 , 0 ,   ;0 , 0 , 0 ,   ;0 , 0 , 0 ,   ;
0 , 0 , 0 ,   ;0 , 0 , 0 ,   ;0 , 0 , 0 ,   ;
Counting Inverted: 
0(0) , 0(0) , 0(0) , 
0(0) , 0(0) , 0(0) , 
0(0) , 0(0) , 0(0) , 
Translation Factors: 
-nan(-nan) , -nan(-nan) , -nan(-nan) , 
-nan(-nan) , -nan(-nan) , -nan(-nan) , 
-nan(-nan) , -nan(-nan) , -nan(-nan) , 
#QCD in Search Bins: 
Search Bin Id:0; Exp: 0(0); Pred: 0(0); (exp - pred)/pred: -nan
Search Bin Id:1; Exp: 0(0); Pred: 0(0); (exp - pred)/pred: -nan
Search Bin Id:2; Exp: 0(0); Pred: 0(0); (exp - pred)/pred: -nan
Search Bin Id:3; Exp: 0(0); Pred: 0(0); (exp - pred)/pred: -nan
Search Bin Id:4; Exp: 0(0); Pred: 0(0); (exp - pred)/pred: -nan
Search Bin Id:5; Exp: 0(0); Pred: 0(0); (exp - pred)/pred: -nan
Search Bin Id:6; Exp: 0(0); Pred: 0(0); (exp - pred)/pred: -nan
Search Bin Id:7; Exp: 0(0); Pred: 0(0); (exp - pred)/pred: -nan
Search Bin Id:8; Exp: 0(0); Pred: 0(0); (exp - pred)/pred: -nan
Search Bin Id:9; Exp: 0(0); Pred: 0(0); (exp - pred)/pred: -nan
Search Bin Id:10; Exp: 0(0); Pred: 0(0); (exp - pred)/pred: -nan
Search Bin Id:11; Exp: 0(0); Pred: 0(0); (exp - pred)/pred: -nan
Search Bin Id:12; Exp: 0(0); Pred: 0(0); (exp - pred)/pred: -nan
Search Bin Id:13; Exp: 0(0); Pred: 0(0); (exp - pred)/pred: -nan
Search Bin Id:14; Exp: 0(0); Pred: 0(0); (exp - pred)/pred: -nan
Search Bin Id:15; Exp: 0(0); Pred: 0(0); (exp - pred)/pred: -nan
Search Bin Id:16; Exp: 0(0); Pred: 0(0); (exp - pred)/pred: -nan
Search Bin Id:17; Exp: 0(0); Pred: 0(0); (exp - pred)/pred: -nan
Search Bin Id:18; Exp: 0(0); Pred: 0(0); (exp - pred)/pred: -nan
Search Bin Id:19; Exp: 0(0); Pred: 0(0); (exp - pred)/pred: -nan
Search Bin Id:20; Exp: 0(0); Pred: 0(0); (exp - pred)/pred: -nan
Search Bin Id:21; Exp: 0(0); Pred: 0(0); (exp - pred)/pred: -nan
Search Bin Id:22; Exp: 0(0); Pred: 0(0); (exp - pred)/pred: -nan
Search Bin Id:23; Exp: 0(0); Pred: 0(0); (exp - pred)/pred: -nan
Search Bin Id:24; Exp: 0(0); Pred: 0(0); (exp - pred)/pred: -nan
Search Bin Id:25; Exp: 0(0); Pred: 0(0); (exp - pred)/pred: -nan
Search Bin Id:26; Exp: 0(0); Pred: 0(0); (exp - pred)/pred: -nan
Search Bin Id:27; Exp: 0(0); Pred: 0(0); (exp - pred)/pred: -nan
Search Bin Id:28; Exp: 0(0); Pred: 0(0); (exp - pred)/pred: -nan
Search Bin Id:29; Exp: 0(0); Pred: 0(0); (exp - pred)/pred: -nan
Search Bin Id:30; Exp: 0(0); Pred: 0(0); (exp - pred)/pred: -nan
Search Bin Id:31; Exp: 0(0); Pred: 0(0); (exp - pred)/pred: -nan
Search Bin Id:32; Exp: 0(0); Pred: 0(0); (exp - pred)/pred: -nan
Search Bin Id:33; Exp: 0(0); Pred: 0(0); (exp - pred)/pred: -nan
Search Bin Id:34; Exp: 0(0); Pred: 0(0); (exp - pred)/pred: -nan
Search Bin Id:35; Exp: 0(0); Pred: 0(0); (exp - pred)/pred: -nan
Search Bin Id:36; Exp: 0(0); Pred: 0(0); (exp - pred)/pred: -nan
Search Bin Id:37; Exp: 0(0); Pred: 0(0); (exp - pred)/pred: -nan
Search Bin Id:38; Exp: 0(0); Pred: 0(0); (exp - pred)/pred: -nan
Search Bin Id:39; Exp: 0(0); Pred: 0(0); (exp - pred)/pred: -nan
Search Bin Id:40; Exp: 0(0); Pred: 0(0); (exp - pred)/pred: -nan
Search Bin Id:41; Exp: 0(0); Pred: 0(0); (exp - pred)/pred: -nan
Search Bin Id:42; Exp: 0(0); Pred: 0(0); (exp - pred)/pred: -nan
Search Bin Id:43; Exp: 0(0); Pred: 0(0); (exp - pred)/pred: -nan
Search Bin Id:44; Exp: 0(0); Pred: 0(0); (exp - pred)/pred: -nan
ERROR in TPDF::Open: Cannot open file:_tfactors2d.pdf
