000 (297016.000.000) 10/09 06:57:39 Job submitted from host: <131.225.190.151:40472>
...
001 (297016.000.000) 10/09 06:57:59 Job executing on host: <131.225.207.77:54876>
...
006 (297016.000.000) 10/09 06:58:06 Image size of job updated: 1
	0  -  MemoryUsage of job (MB)
	0  -  ResidentSetSize of job (KB)
...
005 (297016.000.000) 10/09 06:58:07 Job terminated.
	(1) Normal termination (return value 0)
		Usr 0 00:00:00, Sys 0 00:00:00  -  Run Remote Usage
		Usr 0 00:00:00, Sys 0 00:00:00  -  Run Local Usage
		Usr 0 00:00:00, Sys 0 00:00:00  -  Total Remote Usage
		Usr 0 00:00:00, Sys 0 00:00:00  -  Total Local Usage
	4766  -  Run Bytes Sent By Job
	2380863  -  Run Bytes Received By Job
	4766  -  Total Bytes Sent By Job
	2380863  -  Total Bytes Received By Job
	Partitionable Resources :    Usage  Request Allocated
	   Cpus                 :                 1         1
	   Disk (KB)            :     2500     2500   3360101
	   Memory (MB)          :        0     2875      2875
...
000 (297017.000.000) 10/09 07:04:05 Job submitted from host: <131.225.190.151:40472>
...
001 (297017.000.000) 10/09 07:04:20 Job executing on host: <131.225.206.164:57507>
...
006 (297017.000.000) 10/09 07:04:24 Image size of job updated: 1
	0  -  MemoryUsage of job (MB)
	0  -  ResidentSetSize of job (KB)
...
005 (297017.000.000) 10/09 07:04:25 Job terminated.
	(1) Normal termination (return value 0)
		Usr 0 00:00:00, Sys 0 00:00:00  -  Run Remote Usage
		Usr 0 00:00:00, Sys 0 00:00:00  -  Run Local Usage
		Usr 0 00:00:00, Sys 0 00:00:00  -  Total Remote Usage
		Usr 0 00:00:00, Sys 0 00:00:00  -  Total Local Usage
	4766  -  Run Bytes Sent By Job
	2371876  -  Run Bytes Received By Job
	4766  -  Total Bytes Sent By Job
	2371876  -  Total Bytes Received By Job
	Partitionable Resources :    Usage  Request Allocated
	   Cpus                 :                 1         1
	   Disk (KB)            :     2500     2500   3358027
	   Memory (MB)          :        0     2875      2875
...
